
Parameters
  --jail          ../projekt-compiler/Debug/jail
  --haskell       null
  --interpreter   null
  --tempDir       tmp
  --no-colors     true
  --no-clean      false
  --no-db         true
  --err-only      true
  --verbose       true
  -d
                  ../projekt-compiler/test/

cleaning tmp folder /home/miro/repos/jail/xTesting/tmp...
looking up test files... done

[   1/364 ] builtInCommand/conditional/crash_greater.rail
		Command: java -XX:-UseSplitVerifier -cp tmp/builtInCommand/conditional/ crash_greater_cpp
		--- result.out ---
		
		--- result.error ---
		Exception in thread "main" java.lang.ClassCastException: java.lang.String cannot be cast to java.lang.Integer
			at crash_greater_cpp.main(Unknown Source)
		--- expected.out ---
		
		--- expected.error ---
		Crash: type mismatch
		Command: java -XX:-UseSplitVerifier -cp tmp/builtInCommand/conditional/ crash_greater_cppCpp
		--- result.out ---
		
		--- result.error ---
		Exception in thread "main" java.lang.ClassCastException: java.lang.String cannot be cast to java.lang.Integer
			at crash_greater_cppCpp.main(Unknown Source)
		--- expected.out ---
		
		--- expected.error ---
		Crash: type mismatch
[   2/364 ] builtInCommand/conditional/crash_junction.rail
[   3/364 ] builtInCommand/conditional/equal.rail
[   4/364 ] builtInCommand/conditional/equal_fail.rail
[   5/364 ] builtInCommand/conditional/equal_num_string.rail
	fail [ 1/1 ][ C++       C++   JBC ] Output != expectation
		Command: java -XX:-UseSplitVerifier -cp tmp/builtInCommand/conditional/ equal_num_string_cpp
		--- result.out ---
		
		--- result.error ---
		
		--- expected.out ---
		Equal
		--- expected.error ---
		
	fail [ 1/1 ][ C++  Ast  C++   JBC ] Output != expectation
		Command: java -XX:-UseSplitVerifier -cp tmp/builtInCommand/conditional/ equal_num_string_cppCpp
		--- result.out ---
		
		--- result.error ---
		
		--- expected.out ---
		Equal
		--- expected.error ---
		
[   6/364 ] builtInCommand/conditional/equal_true.rail
[   7/364 ] builtInCommand/conditional/false.rail
	fail [ 1/1 ][ C++       C++   JBC ] Output != expectation
		Command: java -XX:-UseSplitVerifier -cp tmp/builtInCommand/conditional/ false_cpp
		--- result.out ---
		True
		--- result.error ---
		
		--- expected.out ---
		False
		--- expected.error ---
		
	fail [ 1/1 ][ C++  Ast  C++   JBC ] Output != expectation
		Command: java -XX:-UseSplitVerifier -cp tmp/builtInCommand/conditional/ false_cppCpp
		--- result.out ---
		True
		--- result.error ---
		
		--- expected.out ---
		False
		--- expected.error ---
		
[   8/364 ] builtInCommand/conditional/false_false.rail
[   9/364 ] builtInCommand/conditional/false_true.rail
[  10/364 ] builtInCommand/conditional/greater.rail
[  11/364 ] builtInCommand/conditional/not_equal.rail
	fail [ 1/1 ][ C++       C++   JBC ] Output != expectation
		Command: java -XX:-UseSplitVerifier -cp tmp/builtInCommand/conditional/ not_equal_cpp
		--- result.out ---
		Equal
		--- result.error ---
		
		--- expected.out ---
		Not Equal
		--- expected.error ---
		
	fail [ 1/1 ][ C++  Ast  C++   JBC ] Output != expectation
		Command: java -XX:-UseSplitVerifier -cp tmp/builtInCommand/conditional/ not_equal_cppCpp
		--- result.out ---
		Equal
		--- result.error ---
		
		--- expected.out ---
		Not Equal
		--- expected.error ---
		
[  12/364 ] builtInCommand/conditional/not_greater.rail
	fail [ 1/1 ][ C++       C++   JBC ] Output != expectation
		Command: java -XX:-UseSplitVerifier -cp tmp/builtInCommand/conditional/ not_greater_cpp
		--- result.out ---
		Greater
		--- result.error ---
		
		--- expected.out ---
		Not Greater
		--- expected.error ---
		
	fail [ 1/1 ][ C++  Ast  C++   JBC ] Output != expectation
		Command: java -XX:-UseSplitVerifier -cp tmp/builtInCommand/conditional/ not_greater_cppCpp
		--- result.out ---
		Greater
		--- result.error ---
		
		--- expected.out ---
		Not Greater
		--- expected.error ---
		
[  13/364 ] builtInCommand/conditional/true.rail
[  14/364 ] builtInCommand/conditional/true_false.rail
[  15/364 ] builtInCommand/conditional/true_true.rail
[  16/364 ] builtInCommand/conditional/uppercase_equal.rail
[  17/364 ] builtInCommand/conditional/uppercase_false.rail
[  18/364 ] builtInCommand/conditional/uppercase_greater.rail
[  19/364 ] builtInCommand/conditional/uppercase_true.rail
[  20/364 ] builtInCommand/delimiter/digits.rail
	fail [ 1/1 ][ C++  Ast  C++   JBC ] Output != expectation
		Command: java -XX:-UseSplitVerifier -cp tmp/builtInCommand/delimiter/ digits_cppCpp
		--- result.out ---
		He22o World\n\
		--- result.error ---
		
		--- expected.out ---
		He22o World
		--- expected.error ---
		
[  21/364 ] builtInCommand/delimiter/helloworld.rail
	fail [ 1/1 ][ C++  Ast  C++   JBC ] Output != expectation
		Command: java -XX:-UseSplitVerifier -cp tmp/builtInCommand/delimiter/ helloworld_cppCpp
		--- result.out ---
		Hello World\n\
		--- result.error ---
		
		--- expected.out ---
		Hello World
		--- expected.error ---
		
[  22/364 ] builtInCommand/delimiter/hw_braces.rail
	fail [ 1/1 ][ C++  Ast  C++   JBC ] Output != expectation
		Command: java -XX:-UseSplitVerifier -cp tmp/builtInCommand/delimiter/ hw_braces_cppCpp
		--- result.out ---
		Hello World\n\
		--- result.error ---
		
		--- expected.out ---
		Hello World
		--- expected.error ---
		
[  23/364 ] builtInCommand/delimiter/hw_braces2.rail
[  24/364 ] builtInCommand/delimiter/hw_braces3.rail
[  25/364 ] builtInCommand/delimiter/onebrace.rail
[  26/364 ] builtInCommand/delimiter/parentheses2.rail
[  27/364 ] builtInCommand/delimiter/parentheses3.rail
[  28/364 ] builtInCommand/delimiter/parentheses4.rail
[  29/364 ] builtInCommand/delimiter/parentheses5.rail
[  30/364 ] builtInCommand/list/append.rail
		Command: java -XX:-UseSplitVerifier -cp tmp/builtInCommand/list/ append_cpp
		--- result.out ---
		
		--- result.error ---
		Exception in thread "main" java.util.NoSuchElementException
			at java.util.ArrayDeque.removeFirst(ArrayDeque.java:278)
			at java.util.ArrayDeque.pop(ArrayDeque.java:507)
			at append_cpp.main(Unknown Source)
		--- expected.out ---
		
		--- expected.error ---
		Crash: stack underflow
		Command: java -XX:-UseSplitVerifier -cp tmp/builtInCommand/list/ append_cppCpp
		--- result.out ---
		
		--- result.error ---
		Exception in thread "main" java.util.NoSuchElementException
			at java.util.ArrayDeque.removeFirst(ArrayDeque.java:278)
			at java.util.ArrayDeque.pop(ArrayDeque.java:507)
			at append_cppCpp.main(Unknown Source)
		--- expected.out ---
		
		--- expected.error ---
		Crash: stack underflow
[  31/364 ] builtInCommand/list/applist.rail
	fail [ 1/1 ][ C++       C++   JBC ] Output != expectation
		Command: java -XX:-UseSplitVerifier -cp tmp/builtInCommand/list/ applist_cpp
		--- result.out ---
		[elem1, elem2, elem3][elem4, elem5, elem6]
		--- result.error ---
		
		--- expected.out ---
		
		--- expected.error ---
		Crash: type mismatch
	fail [ 1/1 ][ C++  Ast  C++   JBC ] Output != expectation
		Command: java -XX:-UseSplitVerifier -cp tmp/builtInCommand/list/ applist_cppCpp
		--- result.out ---
		[elem1, elem2, elem3][elem4, elem5, elem6]
		--- result.error ---
		
		--- expected.out ---
		
		--- expected.error ---
		Crash: type mismatch
[  32/364 ] builtInCommand/list/breakup1.rail
	fail [ 1/1 ][ C++       C++   JBC ] Output != expectation
		Command: java -XX:-UseSplitVerifier -cp tmp/builtInCommand/list/ breakup1_cpp
		--- result.out ---
		b
		--- result.error ---
		
		--- expected.out ---
		c
		--- expected.error ---
		
	fail [ 1/1 ][ C++  Ast  C++   JBC ] Output != expectation
		Command: java -XX:-UseSplitVerifier -cp tmp/builtInCommand/list/ breakup1_cppCpp
		--- result.out ---
		b
		--- result.error ---
		
		--- expected.out ---
		c
		--- expected.error ---
		
[  33/364 ] builtInCommand/list/breakup2.rail
	fail [ 1/1 ][ C++       C++   JBC ] Program failed (unexpectedly).
		Command: java -XX:-UseSplitVerifier -cp tmp/builtInCommand/list/ breakup2_cpp
		--- result.out ---
		
		--- result.error ---
		Exception in thread "main" java.lang.ClassCastException: java.lang.String cannot be cast to java.util.ArrayList
			at breakup2_cpp.main(Unknown Source)
		--- expected.out ---
		edcba
		--- expected.error ---
		
	fail [ 1/1 ][ C++  Ast  C++   JBC ] Program failed (unexpectedly).
		Command: java -XX:-UseSplitVerifier -cp tmp/builtInCommand/list/ breakup2_cppCpp
		--- result.out ---
		
		--- result.error ---
		Exception in thread "main" java.lang.ClassCastException: java.lang.String cannot be cast to java.util.ArrayList
			at breakup2_cppCpp.main(Unknown Source)
		--- expected.out ---
		edcba
		--- expected.error ---
		
[  34/364 ] builtInCommand/list/cons_nil.rail
[  35/364 ] builtInCommand/list/cons_nil_output.rail
	fail [ 1/1 ][ C++       C++   JBC ] Output != expectation
		Command: java -XX:-UseSplitVerifier -cp tmp/builtInCommand/list/ cons_nil_output_cpp
		--- result.out ---
		[[], [], []]
		--- result.error ---
		
		--- expected.out ---
		
		--- expected.error ---
		Crash: type mismatch
	fail [ 1/1 ][ C++  Ast  C++   JBC ] Output != expectation
		Command: java -XX:-UseSplitVerifier -cp tmp/builtInCommand/list/ cons_nil_output_cppCpp
		--- result.out ---
		[[], [], []]
		--- result.error ---
		
		--- expected.out ---
		
		--- expected.error ---
		Crash: type mismatch
[  36/364 ] builtInCommand/list/cons_nums.rail
	fail [ 1/1 ][ C++       C++   JBC ] Program failed (unexpectedly).
		Command: java -XX:-UseSplitVerifier -cp tmp/builtInCommand/list/ cons_nums_cpp
		--- result.out ---
		
		--- result.error ---
		Exception in thread "main" java.lang.ClassCastException: java.lang.Integer cannot be cast to java.util.ArrayList
			at cons_nums_cpp.main(Unknown Source)
		--- expected.out ---
		
		--- expected.error ---
		
	fail [ 1/1 ][ C++  Ast  C++   JBC ] Program failed (unexpectedly).
		Command: java -XX:-UseSplitVerifier -cp tmp/builtInCommand/list/ cons_nums_cppCpp
		--- result.out ---
		
		--- result.error ---
		Exception in thread "main" java.lang.ClassCastException: java.lang.Integer cannot be cast to java.util.ArrayList
			at cons_nums_cppCpp.main(Unknown Source)
		--- expected.out ---
		
		--- expected.error ---
		
[  37/364 ] builtInCommand/list/cons_string.rail
	fail [ 1/1 ][ C++       C++   JBC ] Program failed (unexpectedly).
		Command: java -XX:-UseSplitVerifier -cp tmp/builtInCommand/list/ cons_string_cpp
		--- result.out ---
		
		--- result.error ---
		Exception in thread "main" java.lang.ClassCastException: java.lang.String cannot be cast to java.util.ArrayList
			at cons_string_cpp.main(Unknown Source)
		--- expected.out ---
		
		--- expected.error ---
		
	fail [ 1/1 ][ C++  Ast  C++   JBC ] Program failed (unexpectedly).
		Command: java -XX:-UseSplitVerifier -cp tmp/builtInCommand/list/ cons_string_cppCpp
		--- result.out ---
		
		--- result.error ---
		Exception in thread "main" java.lang.ClassCastException: java.lang.String cannot be cast to java.util.ArrayList
			at cons_string_cppCpp.main(Unknown Source)
		--- expected.out ---
		
		--- expected.error ---
		
[  38/364 ] builtInCommand/list/create_list.rail
[  39/364 ] builtInCommand/list/cut.rail
		Command: java -XX:-UseSplitVerifier -cp tmp/builtInCommand/list/ cut_cpp
		--- result.out ---
		
		--- result.error ---
		Exception in thread "main" java.lang.StringIndexOutOfBoundsException: String index out of range: 7
			at java.lang.String.substring(String.java:1907)
			at cut_cpp.main(Unknown Source)
		--- expected.out ---
		
		--- expected.error ---
		Crash:
		Command: java -XX:-UseSplitVerifier -cp tmp/builtInCommand/list/ cut_cppCpp
		--- result.out ---
		
		--- result.error ---
		Exception in thread "main" java.lang.StringIndexOutOfBoundsException: String index out of range: 7
			at java.lang.String.substring(String.java:1907)
			at cut_cppCpp.main(Unknown Source)
		--- expected.out ---
		
		--- expected.error ---
		Crash:
[  40/364 ] builtInCommand/list/cutlist.rail
[  41/364 ] builtInCommand/list/list_breakup.rail
		Command: java -XX:-UseSplitVerifier -cp tmp/builtInCommand/list/ list_breakup_cpp
		--- result.out ---
		
		--- result.error ---
		Exception in thread "main" java.lang.IndexOutOfBoundsException: Index: 0, Size: 0
			at java.util.ArrayList.rangeCheck(ArrayList.java:635)
			at java.util.ArrayList.remove(ArrayList.java:474)
			at list_breakup_cpp.main(Unknown Source)
		--- expected.out ---
		
		--- expected.error ---
		Crash: type mismatch
		Command: java -XX:-UseSplitVerifier -cp tmp/builtInCommand/list/ list_breakup_cppCpp
		--- result.out ---
		
		--- result.error ---
		Exception in thread "main" java.lang.IndexOutOfBoundsException: Index: 0, Size: 0
			at java.util.ArrayList.rangeCheck(ArrayList.java:635)
			at java.util.ArrayList.remove(ArrayList.java:474)
			at list_breakup_cppCpp.main(Unknown Source)
		--- expected.out ---
		
		--- expected.error ---
		Crash: type mismatch
[  42/364 ] builtInCommand/list/list_doubledot.rail
		Command: java -XX:-UseSplitVerifier -cp tmp/builtInCommand/list/ list_doubledot_cpp
		--- result.out ---
		
		--- result.error ---
		Exception in thread "main" java.util.NoSuchElementException
			at java.util.ArrayDeque.removeFirst(ArrayDeque.java:278)
			at java.util.ArrayDeque.pop(ArrayDeque.java:507)
			at list_doubledot_cpp.main(Unknown Source)
		--- expected.out ---
		
		--- expected.error ---
		Crash: stack underflow
		Command: java -XX:-UseSplitVerifier -cp tmp/builtInCommand/list/ list_doubledot_cppCpp
		--- result.out ---
		
		--- result.error ---
		Exception in thread "main" java.util.NoSuchElementException
			at java.util.ArrayDeque.removeFirst(ArrayDeque.java:278)
			at java.util.ArrayDeque.pop(ArrayDeque.java:507)
			at list_doubledot_cppCpp.main(Unknown Source)
		--- expected.out ---
		
		--- expected.error ---
		Crash: stack underflow
[  43/364 ] builtInCommand/list/sizelist.rail
[  44/364 ] builtInCommand/list/uppercase_nil.rail
[  45/364 ] builtInCommand/math/add.rail
[  46/364 ] builtInCommand/math/add_floats.rail
	fail [ 1/1 ][ C++       C++   JBC ] Output != expectation
		Command: java -XX:-UseSplitVerifier -cp tmp/builtInCommand/math/ add_floats_cpp
		--- result.out ---
		7
		--- result.error ---
		
		--- expected.out ---
		7.5
		--- expected.error ---
		
	fail [ 1/1 ][ C++  Ast  C++   JBC ] Output != expectation
		Command: java -XX:-UseSplitVerifier -cp tmp/builtInCommand/math/ add_floats_cppCpp
		--- result.out ---
		7
		--- result.error ---
		
		--- expected.out ---
		7.5
		--- expected.error ---
		
[  47/364 ] builtInCommand/math/add_floats_fail.rail
	fail [ 1/1 ][ C++       C++   JBC ] Output != expectation
		Command: java -XX:-UseSplitVerifier -cp tmp/builtInCommand/math/ add_floats_fail_cpp
		--- result.out ---
		7
		--- result.error ---
		
		--- expected.out ---
		
		--- expected.error ---
		Crash: type mismatch
	fail [ 1/1 ][ C++  Ast  C++   JBC ] Output != expectation
		Command: java -XX:-UseSplitVerifier -cp tmp/builtInCommand/math/ add_floats_fail_cppCpp
		--- result.out ---
		7
		--- result.error ---
		
		--- expected.out ---
		
		--- expected.error ---
		Crash: type mismatch
[  48/364 ] builtInCommand/math/add_floats_fail2.rail
		Command: java -XX:-UseSplitVerifier -cp tmp/builtInCommand/math/ add_floats_fail2_cpp
		--- result.out ---
		
		--- result.error ---
		Exception in thread "main" java.lang.ClassCastException: java.lang.String cannot be cast to java.lang.Integer
			at add_floats_fail2_cpp.main(Unknown Source)
		--- expected.out ---
		
		--- expected.error ---
		Crash: type mismatch
		Command: java -XX:-UseSplitVerifier -cp tmp/builtInCommand/math/ add_floats_fail2_cppCpp
		--- result.out ---
		
		--- result.error ---
		Exception in thread "main" java.lang.ClassCastException: java.lang.String cannot be cast to java.lang.Integer
			at add_floats_fail2_cppCpp.main(Unknown Source)
		--- expected.out ---
		
		--- expected.error ---
		Crash: type mismatch
[  49/364 ] builtInCommand/math/add_floats_negativ.rail
	fail [ 1/1 ][ C++       C++   JBC ] Output != expectation
		Command: java -XX:-UseSplitVerifier -cp tmp/builtInCommand/math/ add_floats_negativ_cpp
		--- result.out ---
		-3
		--- result.error ---
		
		--- expected.out ---
		2.9
		--- expected.error ---
		
	fail [ 1/1 ][ C++  Ast  C++   JBC ] Output != expectation
		Command: java -XX:-UseSplitVerifier -cp tmp/builtInCommand/math/ add_floats_negativ_cppCpp
		--- result.out ---
		-3
		--- result.error ---
		
		--- expected.out ---
		2.9
		--- expected.error ---
		
[  50/364 ] builtInCommand/math/add_inp.rail
	fail [ 1/3 ][ C++       C++   JBC ] Program failed (unexpectedly).
		Command: java -XX:-UseSplitVerifier -cp tmp/builtInCommand/math/ add_inp_cpp
		--- result.out ---
		
		--- result.error ---
		Exception in thread "main" java.lang.VerifyError: (class: add_inp_cpp, method: main signature: ([Ljava/lang/String;)V) Expecting to find object/array on stack
			at java.lang.Class.getDeclaredMethods0(Native Method)
			at java.lang.Class.privateGetDeclaredMethods(Class.java:2570)
			at java.lang.Class.getMethod0(Class.java:2813)
			at java.lang.Class.getMethod(Class.java:1663)
			at sun.launcher.LauncherHelper.getMainMethod(LauncherHelper.java:494)
			at sun.launcher.LauncherHelper.checkAndLoadMain(LauncherHelper.java:486)
		--- expected.out ---
		3
		--- expected.error ---
		
	fail [ 2/3 ][ C++       C++   JBC ] Program failed (unexpectedly).
		Command: java -XX:-UseSplitVerifier -cp tmp/builtInCommand/math/ add_inp_cpp
		--- result.out ---
		
		--- result.error ---
		Exception in thread "main" java.lang.VerifyError: (class: add_inp_cpp, method: main signature: ([Ljava/lang/String;)V) Expecting to find object/array on stack
			at java.lang.Class.getDeclaredMethods0(Native Method)
			at java.lang.Class.privateGetDeclaredMethods(Class.java:2570)
			at java.lang.Class.getMethod0(Class.java:2813)
			at java.lang.Class.getMethod(Class.java:1663)
			at sun.launcher.LauncherHelper.getMainMethod(LauncherHelper.java:494)
			at sun.launcher.LauncherHelper.checkAndLoadMain(LauncherHelper.java:486)
		--- expected.out ---
		7
		--- expected.error ---
		
	fail [ 3/3 ][ C++       C++   JBC ] Program failed (unexpectedly).
		Command: java -XX:-UseSplitVerifier -cp tmp/builtInCommand/math/ add_inp_cpp
		--- result.out ---
		
		--- result.error ---
		Exception in thread "main" java.lang.VerifyError: (class: add_inp_cpp, method: main signature: ([Ljava/lang/String;)V) Expecting to find object/array on stack
			at java.lang.Class.getDeclaredMethods0(Native Method)
			at java.lang.Class.privateGetDeclaredMethods(Class.java:2570)
			at java.lang.Class.getMethod0(Class.java:2813)
			at java.lang.Class.getMethod(Class.java:1663)
			at sun.launcher.LauncherHelper.getMainMethod(LauncherHelper.java:494)
			at sun.launcher.LauncherHelper.checkAndLoadMain(LauncherHelper.java:486)
		--- expected.out ---
		4
		--- expected.error ---
		
	fail [ 1/3 ][ C++  Ast  C++   JBC ] Program failed (unexpectedly).
		Command: java -XX:-UseSplitVerifier -cp tmp/builtInCommand/math/ add_inp_cppCpp
		--- result.out ---
		
		--- result.error ---
		Exception in thread "main" java.lang.VerifyError: (class: add_inp_cppCpp, method: main signature: ([Ljava/lang/String;)V) Expecting to find object/array on stack
			at java.lang.Class.getDeclaredMethods0(Native Method)
			at java.lang.Class.privateGetDeclaredMethods(Class.java:2570)
			at java.lang.Class.getMethod0(Class.java:2813)
			at java.lang.Class.getMethod(Class.java:1663)
			at sun.launcher.LauncherHelper.getMainMethod(LauncherHelper.java:494)
			at sun.launcher.LauncherHelper.checkAndLoadMain(LauncherHelper.java:486)
		--- expected.out ---
		3
		--- expected.error ---
		
	fail [ 2/3 ][ C++  Ast  C++   JBC ] Program failed (unexpectedly).
		Command: java -XX:-UseSplitVerifier -cp tmp/builtInCommand/math/ add_inp_cppCpp
		--- result.out ---
		
		--- result.error ---
		Exception in thread "main" java.lang.VerifyError: (class: add_inp_cppCpp, method: main signature: ([Ljava/lang/String;)V) Expecting to find object/array on stack
			at java.lang.Class.getDeclaredMethods0(Native Method)
			at java.lang.Class.privateGetDeclaredMethods(Class.java:2570)
			at java.lang.Class.getMethod0(Class.java:2813)
			at java.lang.Class.getMethod(Class.java:1663)
			at sun.launcher.LauncherHelper.getMainMethod(LauncherHelper.java:494)
			at sun.launcher.LauncherHelper.checkAndLoadMain(LauncherHelper.java:486)
		--- expected.out ---
		7
		--- expected.error ---
		
	fail [ 3/3 ][ C++  Ast  C++   JBC ] Program failed (unexpectedly).
		Command: java -XX:-UseSplitVerifier -cp tmp/builtInCommand/math/ add_inp_cppCpp
		--- result.out ---
		
		--- result.error ---
		Exception in thread "main" java.lang.VerifyError: (class: add_inp_cppCpp, method: main signature: ([Ljava/lang/String;)V) Expecting to find object/array on stack
			at java.lang.Class.getDeclaredMethods0(Native Method)
			at java.lang.Class.privateGetDeclaredMethods(Class.java:2570)
			at java.lang.Class.getMethod0(Class.java:2813)
			at java.lang.Class.getMethod(Class.java:1663)
			at sun.launcher.LauncherHelper.getMainMethod(LauncherHelper.java:494)
			at sun.launcher.LauncherHelper.checkAndLoadMain(LauncherHelper.java:486)
		--- expected.out ---
		4
		--- expected.error ---
		
[  51/364 ] builtInCommand/math/add_negativ.rail
[  52/364 ] builtInCommand/math/add_negativ_fail.rail
	fail [ 1/1 ][ C++       C++   JBC ] Output != expectation
		Command: java -XX:-UseSplitVerifier -cp tmp/builtInCommand/math/ add_negativ_fail_cpp
		--- result.out ---
		3
		--- result.error ---
		
		--- expected.out ---
		
		--- expected.error ---
		Crash: type mismatch
	fail [ 1/1 ][ C++  Ast  C++   JBC ] Output != expectation
		Command: java -XX:-UseSplitVerifier -cp tmp/builtInCommand/math/ add_negativ_fail_cppCpp
		--- result.out ---
		3
		--- result.error ---
		
		--- expected.out ---
		
		--- expected.error ---
		Crash: type mismatch
[  53/364 ] builtInCommand/math/calculate.rail
[  54/364 ] builtInCommand/math/div.rail
[  55/364 ] builtInCommand/math/div_floats.rail
	fail [ 1/1 ][ C++       C++   JBC ] Output != expectation
		Command: java -XX:-UseSplitVerifier -cp tmp/builtInCommand/math/ div_floats_cpp
		--- result.out ---
		2
		--- result.error ---
		
		--- expected.out ---
		2.0
		--- expected.error ---
		
	fail [ 1/1 ][ C++  Ast  C++   JBC ] Output != expectation
		Command: java -XX:-UseSplitVerifier -cp tmp/builtInCommand/math/ div_floats_cppCpp
		--- result.out ---
		2
		--- result.error ---
		
		--- expected.out ---
		2.0
		--- expected.error ---
		
[  56/364 ] builtInCommand/math/div_floats_fail.rail
	fail [ 1/1 ][ C++       C++   JBC ] Output != expectation
		Command: java -XX:-UseSplitVerifier -cp tmp/builtInCommand/math/ div_floats_fail_cpp
		--- result.out ---
		2
		--- result.error ---
		
		--- expected.out ---
		
		--- expected.error ---
		Crash: type mismatch
	fail [ 1/1 ][ C++  Ast  C++   JBC ] Output != expectation
		Command: java -XX:-UseSplitVerifier -cp tmp/builtInCommand/math/ div_floats_fail_cppCpp
		--- result.out ---
		2
		--- result.error ---
		
		--- expected.out ---
		
		--- expected.error ---
		Crash: type mismatch
[  57/364 ] builtInCommand/math/div_floats_fail2.rail
		Command: java -XX:-UseSplitVerifier -cp tmp/builtInCommand/math/ div_floats_fail2_cpp
		--- result.out ---
		
		--- result.error ---
		Exception in thread "main" java.lang.ClassCastException: java.lang.String cannot be cast to java.lang.Integer
			at div_floats_fail2_cpp.main(Unknown Source)
		--- expected.out ---
		
		--- expected.error ---
		Crash: type mismatch
		Command: java -XX:-UseSplitVerifier -cp tmp/builtInCommand/math/ div_floats_fail2_cppCpp
		--- result.out ---
		
		--- result.error ---
		Exception in thread "main" java.lang.ClassCastException: java.lang.String cannot be cast to java.lang.Integer
			at div_floats_fail2_cppCpp.main(Unknown Source)
		--- expected.out ---
		
		--- expected.error ---
		Crash: type mismatch
[  58/364 ] builtInCommand/math/div_floats_negativ.rail
	fail [ 1/1 ][ C++       C++   JBC ] Output != expectation
		Command: java -XX:-UseSplitVerifier -cp tmp/builtInCommand/math/ div_floats_negativ_cpp
		--- result.out ---
		-2
		--- result.error ---
		
		--- expected.out ---
		-2.0
		--- expected.error ---
		
	fail [ 1/1 ][ C++  Ast  C++   JBC ] Output != expectation
		Command: java -XX:-UseSplitVerifier -cp tmp/builtInCommand/math/ div_floats_negativ_cppCpp
		--- result.out ---
		-2
		--- result.error ---
		
		--- expected.out ---
		-2.0
		--- expected.error ---
		
[  59/364 ] builtInCommand/math/div_input.rail
	fail [ 1/3 ][ C++       C++   JBC ] Program failed (unexpectedly).
		Command: java -XX:-UseSplitVerifier -cp tmp/builtInCommand/math/ div_input_cpp
		--- result.out ---
		
		--- result.error ---
		Exception in thread "main" java.lang.VerifyError: (class: div_input_cpp, method: main signature: ([Ljava/lang/String;)V) Expecting to find object/array on stack
			at java.lang.Class.getDeclaredMethods0(Native Method)
			at java.lang.Class.privateGetDeclaredMethods(Class.java:2570)
			at java.lang.Class.getMethod0(Class.java:2813)
			at java.lang.Class.getMethod(Class.java:1663)
			at sun.launcher.LauncherHelper.getMainMethod(LauncherHelper.java:494)
			at sun.launcher.LauncherHelper.checkAndLoadMain(LauncherHelper.java:486)
		--- expected.out ---
		1
		--- expected.error ---
		
	fail [ 2/3 ][ C++       C++   JBC ] Program failed (unexpectedly).
		Command: java -XX:-UseSplitVerifier -cp tmp/builtInCommand/math/ div_input_cpp
		--- result.out ---
		
		--- result.error ---
		Exception in thread "main" java.lang.VerifyError: (class: div_input_cpp, method: main signature: ([Ljava/lang/String;)V) Expecting to find object/array on stack
			at java.lang.Class.getDeclaredMethods0(Native Method)
			at java.lang.Class.privateGetDeclaredMethods(Class.java:2570)
			at java.lang.Class.getMethod0(Class.java:2813)
			at java.lang.Class.getMethod(Class.java:1663)
			at sun.launcher.LauncherHelper.getMainMethod(LauncherHelper.java:494)
			at sun.launcher.LauncherHelper.checkAndLoadMain(LauncherHelper.java:486)
		--- expected.out ---
		2
		--- expected.error ---
		
	fail [ 3/3 ][ C++       C++   JBC ] Program failed (unexpectedly).
		Command: java -XX:-UseSplitVerifier -cp tmp/builtInCommand/math/ div_input_cpp
		--- result.out ---
		
		--- result.error ---
		Exception in thread "main" java.lang.VerifyError: (class: div_input_cpp, method: main signature: ([Ljava/lang/String;)V) Expecting to find object/array on stack
			at java.lang.Class.getDeclaredMethods0(Native Method)
			at java.lang.Class.privateGetDeclaredMethods(Class.java:2570)
			at java.lang.Class.getMethod0(Class.java:2813)
			at java.lang.Class.getMethod(Class.java:1663)
			at sun.launcher.LauncherHelper.getMainMethod(LauncherHelper.java:494)
			at sun.launcher.LauncherHelper.checkAndLoadMain(LauncherHelper.java:486)
		--- expected.out ---
		2
		--- expected.error ---
		
	fail [ 1/3 ][ C++  Ast  C++   JBC ] Program failed (unexpectedly).
		Command: java -XX:-UseSplitVerifier -cp tmp/builtInCommand/math/ div_input_cppCpp
		--- result.out ---
		
		--- result.error ---
		Exception in thread "main" java.lang.VerifyError: (class: div_input_cppCpp, method: main signature: ([Ljava/lang/String;)V) Expecting to find object/array on stack
			at java.lang.Class.getDeclaredMethods0(Native Method)
			at java.lang.Class.privateGetDeclaredMethods(Class.java:2570)
			at java.lang.Class.getMethod0(Class.java:2813)
			at java.lang.Class.getMethod(Class.java:1663)
			at sun.launcher.LauncherHelper.getMainMethod(LauncherHelper.java:494)
			at sun.launcher.LauncherHelper.checkAndLoadMain(LauncherHelper.java:486)
		--- expected.out ---
		1
		--- expected.error ---
		
	fail [ 2/3 ][ C++  Ast  C++   JBC ] Program failed (unexpectedly).
		Command: java -XX:-UseSplitVerifier -cp tmp/builtInCommand/math/ div_input_cppCpp
		--- result.out ---
		
		--- result.error ---
		Exception in thread "main" java.lang.VerifyError: (class: div_input_cppCpp, method: main signature: ([Ljava/lang/String;)V) Expecting to find object/array on stack
			at java.lang.Class.getDeclaredMethods0(Native Method)
			at java.lang.Class.privateGetDeclaredMethods(Class.java:2570)
			at java.lang.Class.getMethod0(Class.java:2813)
			at java.lang.Class.getMethod(Class.java:1663)
			at sun.launcher.LauncherHelper.getMainMethod(LauncherHelper.java:494)
			at sun.launcher.LauncherHelper.checkAndLoadMain(LauncherHelper.java:486)
		--- expected.out ---
		2
		--- expected.error ---
		
	fail [ 3/3 ][ C++  Ast  C++   JBC ] Program failed (unexpectedly).
		Command: java -XX:-UseSplitVerifier -cp tmp/builtInCommand/math/ div_input_cppCpp
		--- result.out ---
		
		--- result.error ---
		Exception in thread "main" java.lang.VerifyError: (class: div_input_cppCpp, method: main signature: ([Ljava/lang/String;)V) Expecting to find object/array on stack
			at java.lang.Class.getDeclaredMethods0(Native Method)
			at java.lang.Class.privateGetDeclaredMethods(Class.java:2570)
			at java.lang.Class.getMethod0(Class.java:2813)
			at java.lang.Class.getMethod(Class.java:1663)
			at sun.launcher.LauncherHelper.getMainMethod(LauncherHelper.java:494)
			at sun.launcher.LauncherHelper.checkAndLoadMain(LauncherHelper.java:486)
		--- expected.out ---
		2
		--- expected.error ---
		
[  60/364 ] builtInCommand/math/div_negativ.rail
[  61/364 ] builtInCommand/math/div_negativ_fail.rail
	fail [ 1/1 ][ C++       C++   JBC ] Output != expectation
		Command: java -XX:-UseSplitVerifier -cp tmp/builtInCommand/math/ div_negativ_fail_cpp
		--- result.out ---
		-2
		--- result.error ---
		
		--- expected.out ---
		
		--- expected.error ---
		Crash: type mismatch
	fail [ 1/1 ][ C++  Ast  C++   JBC ] Output != expectation
		Command: java -XX:-UseSplitVerifier -cp tmp/builtInCommand/math/ div_negativ_fail_cppCpp
		--- result.out ---
		-2
		--- result.error ---
		
		--- expected.out ---
		
		--- expected.error ---
		Crash: type mismatch
[  62/364 ] builtInCommand/math/faku.rail
	fail [ 1/1 ][ C++       C++   JBC ] Output != expectation
		Command: java -XX:-UseSplitVerifier -cp tmp/builtInCommand/math/ faku_cpp
		--- result.out ---
		5
		--- result.error ---
		
		--- expected.out ---
		120
		--- expected.error ---
		
	fail [ 1/1 ][ C++  Ast  C++   JBC ] Program failed (unexpectedly).
		Command: java -XX:-UseSplitVerifier -cp tmp/builtInCommand/math/ faku_cppCpp
		--- result.out ---
		
		--- result.error ---
		Exception in thread "main" java.lang.VerifyError: (class: faku_cppCpp, method: main signature: ([Ljava/lang/String;)V) Accessing value from uninitialized register 5
			at java.lang.Class.getDeclaredMethods0(Native Method)
			at java.lang.Class.privateGetDeclaredMethods(Class.java:2570)
			at java.lang.Class.getMethod0(Class.java:2813)
			at java.lang.Class.getMethod(Class.java:1663)
			at sun.launcher.LauncherHelper.getMainMethod(LauncherHelper.java:494)
			at sun.launcher.LauncherHelper.checkAndLoadMain(LauncherHelper.java:486)
		--- expected.out ---
		120
		--- expected.error ---
		
[  63/364 ] builtInCommand/math/faku_inp.rail
	fail [ 1/4 ][ C++       C++   JBC ] Program failed (unexpectedly).
		Command: java -XX:-UseSplitVerifier -cp tmp/builtInCommand/math/ faku_inp_cpp
		--- result.out ---
		
		--- result.error ---
		Exception in thread "main" java.lang.VerifyError: (class: faku_inp_cpp, method: main signature: ([Ljava/lang/String;)V) Expecting to find object/array on stack
			at java.lang.Class.getDeclaredMethods0(Native Method)
			at java.lang.Class.privateGetDeclaredMethods(Class.java:2570)
			at java.lang.Class.getMethod0(Class.java:2813)
			at java.lang.Class.getMethod(Class.java:1663)
			at sun.launcher.LauncherHelper.getMainMethod(LauncherHelper.java:494)
			at sun.launcher.LauncherHelper.checkAndLoadMain(LauncherHelper.java:486)
		--- expected.out ---
		1
		--- expected.error ---
		
	fail [ 2/4 ][ C++       C++   JBC ] Program failed (unexpectedly).
		Command: java -XX:-UseSplitVerifier -cp tmp/builtInCommand/math/ faku_inp_cpp
		--- result.out ---
		
		--- result.error ---
		Exception in thread "main" java.lang.VerifyError: (class: faku_inp_cpp, method: main signature: ([Ljava/lang/String;)V) Expecting to find object/array on stack
			at java.lang.Class.getDeclaredMethods0(Native Method)
			at java.lang.Class.privateGetDeclaredMethods(Class.java:2570)
			at java.lang.Class.getMethod0(Class.java:2813)
			at java.lang.Class.getMethod(Class.java:1663)
			at sun.launcher.LauncherHelper.getMainMethod(LauncherHelper.java:494)
			at sun.launcher.LauncherHelper.checkAndLoadMain(LauncherHelper.java:486)
		--- expected.out ---
		6
		--- expected.error ---
		
	fail [ 3/4 ][ C++       C++   JBC ] Program failed (unexpectedly).
		Command: java -XX:-UseSplitVerifier -cp tmp/builtInCommand/math/ faku_inp_cpp
		--- result.out ---
		
		--- result.error ---
		Exception in thread "main" java.lang.VerifyError: (class: faku_inp_cpp, method: main signature: ([Ljava/lang/String;)V) Expecting to find object/array on stack
			at java.lang.Class.getDeclaredMethods0(Native Method)
			at java.lang.Class.privateGetDeclaredMethods(Class.java:2570)
			at java.lang.Class.getMethod0(Class.java:2813)
			at java.lang.Class.getMethod(Class.java:1663)
			at sun.launcher.LauncherHelper.getMainMethod(LauncherHelper.java:494)
			at sun.launcher.LauncherHelper.checkAndLoadMain(LauncherHelper.java:486)
		--- expected.out ---
		120
		--- expected.error ---
		
	fail [ 4/4 ][ C++       C++   JBC ] Program failed (unexpectedly).
		Command: java -XX:-UseSplitVerifier -cp tmp/builtInCommand/math/ faku_inp_cpp
		--- result.out ---
		
		--- result.error ---
		Exception in thread "main" java.lang.VerifyError: (class: faku_inp_cpp, method: main signature: ([Ljava/lang/String;)V) Expecting to find object/array on stack
			at java.lang.Class.getDeclaredMethods0(Native Method)
			at java.lang.Class.privateGetDeclaredMethods(Class.java:2570)
			at java.lang.Class.getMethod0(Class.java:2813)
			at java.lang.Class.getMethod(Class.java:1663)
			at sun.launcher.LauncherHelper.getMainMethod(LauncherHelper.java:494)
			at sun.launcher.LauncherHelper.checkAndLoadMain(LauncherHelper.java:486)
		--- expected.out ---
		24
		--- expected.error ---
		
	fail [ 1/4 ][ C++  Ast  C++   JBC ] Program failed (unexpectedly).
		Command: java -XX:-UseSplitVerifier -cp tmp/builtInCommand/math/ faku_inp_cppCpp
		--- result.out ---
		
		--- result.error ---
		Exception in thread "main" java.lang.VerifyError: (class: faku_inp_cppCpp, method: main signature: ([Ljava/lang/String;)V) Expecting to find object/array on stack
			at java.lang.Class.getDeclaredMethods0(Native Method)
			at java.lang.Class.privateGetDeclaredMethods(Class.java:2570)
			at java.lang.Class.getMethod0(Class.java:2813)
			at java.lang.Class.getMethod(Class.java:1663)
			at sun.launcher.LauncherHelper.getMainMethod(LauncherHelper.java:494)
			at sun.launcher.LauncherHelper.checkAndLoadMain(LauncherHelper.java:486)
		--- expected.out ---
		1
		--- expected.error ---
		
	fail [ 2/4 ][ C++  Ast  C++   JBC ] Program failed (unexpectedly).
		Command: java -XX:-UseSplitVerifier -cp tmp/builtInCommand/math/ faku_inp_cppCpp
		--- result.out ---
		
		--- result.error ---
		Exception in thread "main" java.lang.VerifyError: (class: faku_inp_cppCpp, method: main signature: ([Ljava/lang/String;)V) Expecting to find object/array on stack
			at java.lang.Class.getDeclaredMethods0(Native Method)
			at java.lang.Class.privateGetDeclaredMethods(Class.java:2570)
			at java.lang.Class.getMethod0(Class.java:2813)
			at java.lang.Class.getMethod(Class.java:1663)
			at sun.launcher.LauncherHelper.getMainMethod(LauncherHelper.java:494)
			at sun.launcher.LauncherHelper.checkAndLoadMain(LauncherHelper.java:486)
		--- expected.out ---
		6
		--- expected.error ---
		
	fail [ 3/4 ][ C++  Ast  C++   JBC ] Program failed (unexpectedly).
		Command: java -XX:-UseSplitVerifier -cp tmp/builtInCommand/math/ faku_inp_cppCpp
		--- result.out ---
		
		--- result.error ---
		Exception in thread "main" java.lang.VerifyError: (class: faku_inp_cppCpp, method: main signature: ([Ljava/lang/String;)V) Expecting to find object/array on stack
			at java.lang.Class.getDeclaredMethods0(Native Method)
			at java.lang.Class.privateGetDeclaredMethods(Class.java:2570)
			at java.lang.Class.getMethod0(Class.java:2813)
			at java.lang.Class.getMethod(Class.java:1663)
			at sun.launcher.LauncherHelper.getMainMethod(LauncherHelper.java:494)
			at sun.launcher.LauncherHelper.checkAndLoadMain(LauncherHelper.java:486)
		--- expected.out ---
		120
		--- expected.error ---
		
	fail [ 4/4 ][ C++  Ast  C++   JBC ] Program failed (unexpectedly).
		Command: java -XX:-UseSplitVerifier -cp tmp/builtInCommand/math/ faku_inp_cppCpp
		--- result.out ---
		
		--- result.error ---
		Exception in thread "main" java.lang.VerifyError: (class: faku_inp_cppCpp, method: main signature: ([Ljava/lang/String;)V) Expecting to find object/array on stack
			at java.lang.Class.getDeclaredMethods0(Native Method)
			at java.lang.Class.privateGetDeclaredMethods(Class.java:2570)
			at java.lang.Class.getMethod0(Class.java:2813)
			at java.lang.Class.getMethod(Class.java:1663)
			at sun.launcher.LauncherHelper.getMainMethod(LauncherHelper.java:494)
			at sun.launcher.LauncherHelper.checkAndLoadMain(LauncherHelper.java:486)
		--- expected.out ---
		24
		--- expected.error ---
		
[  64/364 ] builtInCommand/math/gauss.rail
	fail [ 1/1 ][ C++       C++   JBC ] Output != expectation
		Command: java -XX:-UseSplitVerifier -cp tmp/builtInCommand/math/ gauss_cpp
		--- result.out ---
		5
		--- result.error ---
		
		--- expected.out ---
		15
		--- expected.error ---
		
	fail [ 1/1 ][ C++  Ast  C++   JBC ] Program failed (unexpectedly).
		Command: java -XX:-UseSplitVerifier -cp tmp/builtInCommand/math/ gauss_cppCpp
		--- result.out ---
		
		--- result.error ---
		Exception in thread "main" java.lang.VerifyError: (class: gauss_cppCpp, method: main signature: ([Ljava/lang/String;)V) Accessing value from uninitialized register 5
			at java.lang.Class.getDeclaredMethods0(Native Method)
			at java.lang.Class.privateGetDeclaredMethods(Class.java:2570)
			at java.lang.Class.getMethod0(Class.java:2813)
			at java.lang.Class.getMethod(Class.java:1663)
			at sun.launcher.LauncherHelper.getMainMethod(LauncherHelper.java:494)
			at sun.launcher.LauncherHelper.checkAndLoadMain(LauncherHelper.java:486)
		--- expected.out ---
		15
		--- expected.error ---
		
[  65/364 ] builtInCommand/math/gauss_inp.rail
	fail [ 1/3 ][ C++       C++   JBC ] Program failed (unexpectedly).
		Command: java -XX:-UseSplitVerifier -cp tmp/builtInCommand/math/ gauss_inp_cpp
		--- result.out ---
		
		--- result.error ---
		Exception in thread "main" java.lang.VerifyError: (class: gauss_inp_cpp, method: main signature: ([Ljava/lang/String;)V) Expecting to find object/array on stack
			at java.lang.Class.getDeclaredMethods0(Native Method)
			at java.lang.Class.privateGetDeclaredMethods(Class.java:2570)
			at java.lang.Class.getMethod0(Class.java:2813)
			at java.lang.Class.getMethod(Class.java:1663)
			at sun.launcher.LauncherHelper.getMainMethod(LauncherHelper.java:494)
			at sun.launcher.LauncherHelper.checkAndLoadMain(LauncherHelper.java:486)
		--- expected.out ---
		6
		--- expected.error ---
		
	fail [ 2/3 ][ C++       C++   JBC ] Program failed (unexpectedly).
		Command: java -XX:-UseSplitVerifier -cp tmp/builtInCommand/math/ gauss_inp_cpp
		--- result.out ---
		
		--- result.error ---
		Exception in thread "main" java.lang.VerifyError: (class: gauss_inp_cpp, method: main signature: ([Ljava/lang/String;)V) Expecting to find object/array on stack
			at java.lang.Class.getDeclaredMethods0(Native Method)
			at java.lang.Class.privateGetDeclaredMethods(Class.java:2570)
			at java.lang.Class.getMethod0(Class.java:2813)
			at java.lang.Class.getMethod(Class.java:1663)
			at sun.launcher.LauncherHelper.getMainMethod(LauncherHelper.java:494)
			at sun.launcher.LauncherHelper.checkAndLoadMain(LauncherHelper.java:486)
		--- expected.out ---
		1
		--- expected.error ---
		
	fail [ 3/3 ][ C++       C++   JBC ] Program failed (unexpectedly).
		Command: java -XX:-UseSplitVerifier -cp tmp/builtInCommand/math/ gauss_inp_cpp
		--- result.out ---
		
		--- result.error ---
		Exception in thread "main" java.lang.VerifyError: (class: gauss_inp_cpp, method: main signature: ([Ljava/lang/String;)V) Expecting to find object/array on stack
			at java.lang.Class.getDeclaredMethods0(Native Method)
			at java.lang.Class.privateGetDeclaredMethods(Class.java:2570)
			at java.lang.Class.getMethod0(Class.java:2813)
			at java.lang.Class.getMethod(Class.java:1663)
			at sun.launcher.LauncherHelper.getMainMethod(LauncherHelper.java:494)
			at sun.launcher.LauncherHelper.checkAndLoadMain(LauncherHelper.java:486)
		--- expected.out ---
		10
		--- expected.error ---
		
	fail [ 1/3 ][ C++  Ast  C++   JBC ] Program failed (unexpectedly).
		Command: java -XX:-UseSplitVerifier -cp tmp/builtInCommand/math/ gauss_inp_cppCpp
		--- result.out ---
		
		--- result.error ---
		Exception in thread "main" java.lang.VerifyError: (class: gauss_inp_cppCpp, method: main signature: ([Ljava/lang/String;)V) Expecting to find object/array on stack
			at java.lang.Class.getDeclaredMethods0(Native Method)
			at java.lang.Class.privateGetDeclaredMethods(Class.java:2570)
			at java.lang.Class.getMethod0(Class.java:2813)
			at java.lang.Class.getMethod(Class.java:1663)
			at sun.launcher.LauncherHelper.getMainMethod(LauncherHelper.java:494)
			at sun.launcher.LauncherHelper.checkAndLoadMain(LauncherHelper.java:486)
		--- expected.out ---
		6
		--- expected.error ---
		
	fail [ 2/3 ][ C++  Ast  C++   JBC ] Program failed (unexpectedly).
		Command: java -XX:-UseSplitVerifier -cp tmp/builtInCommand/math/ gauss_inp_cppCpp
		--- result.out ---
		
		--- result.error ---
		Exception in thread "main" java.lang.VerifyError: (class: gauss_inp_cppCpp, method: main signature: ([Ljava/lang/String;)V) Expecting to find object/array on stack
			at java.lang.Class.getDeclaredMethods0(Native Method)
			at java.lang.Class.privateGetDeclaredMethods(Class.java:2570)
			at java.lang.Class.getMethod0(Class.java:2813)
			at java.lang.Class.getMethod(Class.java:1663)
			at sun.launcher.LauncherHelper.getMainMethod(LauncherHelper.java:494)
			at sun.launcher.LauncherHelper.checkAndLoadMain(LauncherHelper.java:486)
		--- expected.out ---
		1
		--- expected.error ---
		
	fail [ 3/3 ][ C++  Ast  C++   JBC ] Program failed (unexpectedly).
		Command: java -XX:-UseSplitVerifier -cp tmp/builtInCommand/math/ gauss_inp_cppCpp
		--- result.out ---
		
		--- result.error ---
		Exception in thread "main" java.lang.VerifyError: (class: gauss_inp_cppCpp, method: main signature: ([Ljava/lang/String;)V) Expecting to find object/array on stack
			at java.lang.Class.getDeclaredMethods0(Native Method)
			at java.lang.Class.privateGetDeclaredMethods(Class.java:2570)
			at java.lang.Class.getMethod0(Class.java:2813)
			at java.lang.Class.getMethod(Class.java:1663)
			at sun.launcher.LauncherHelper.getMainMethod(LauncherHelper.java:494)
			at sun.launcher.LauncherHelper.checkAndLoadMain(LauncherHelper.java:486)
		--- expected.out ---
		10
		--- expected.error ---
		
[  66/364 ] builtInCommand/math/mod.rail
[  67/364 ] builtInCommand/math/mod_input.rail
	fail [ 1/3 ][ C++       C++   JBC ] Program failed (unexpectedly).
		Command: java -XX:-UseSplitVerifier -cp tmp/builtInCommand/math/ mod_input_cpp
		--- result.out ---
		
		--- result.error ---
		Exception in thread "main" java.lang.VerifyError: (class: mod_input_cpp, method: main signature: ([Ljava/lang/String;)V) Expecting to find object/array on stack
			at java.lang.Class.getDeclaredMethods0(Native Method)
			at java.lang.Class.privateGetDeclaredMethods(Class.java:2570)
			at java.lang.Class.getMethod0(Class.java:2813)
			at java.lang.Class.getMethod(Class.java:1663)
			at sun.launcher.LauncherHelper.getMainMethod(LauncherHelper.java:494)
			at sun.launcher.LauncherHelper.checkAndLoadMain(LauncherHelper.java:486)
		--- expected.out ---
		0
		--- expected.error ---
		
	fail [ 2/3 ][ C++       C++   JBC ] Program failed (unexpectedly).
		Command: java -XX:-UseSplitVerifier -cp tmp/builtInCommand/math/ mod_input_cpp
		--- result.out ---
		
		--- result.error ---
		Exception in thread "main" java.lang.VerifyError: (class: mod_input_cpp, method: main signature: ([Ljava/lang/String;)V) Expecting to find object/array on stack
			at java.lang.Class.getDeclaredMethods0(Native Method)
			at java.lang.Class.privateGetDeclaredMethods(Class.java:2570)
			at java.lang.Class.getMethod0(Class.java:2813)
			at java.lang.Class.getMethod(Class.java:1663)
			at sun.launcher.LauncherHelper.getMainMethod(LauncherHelper.java:494)
			at sun.launcher.LauncherHelper.checkAndLoadMain(LauncherHelper.java:486)
		--- expected.out ---
		1
		--- expected.error ---
		
	fail [ 3/3 ][ C++       C++   JBC ] Program failed (unexpectedly).
		Command: java -XX:-UseSplitVerifier -cp tmp/builtInCommand/math/ mod_input_cpp
		--- result.out ---
		
		--- result.error ---
		Exception in thread "main" java.lang.VerifyError: (class: mod_input_cpp, method: main signature: ([Ljava/lang/String;)V) Expecting to find object/array on stack
			at java.lang.Class.getDeclaredMethods0(Native Method)
			at java.lang.Class.privateGetDeclaredMethods(Class.java:2570)
			at java.lang.Class.getMethod0(Class.java:2813)
			at java.lang.Class.getMethod(Class.java:1663)
			at sun.launcher.LauncherHelper.getMainMethod(LauncherHelper.java:494)
			at sun.launcher.LauncherHelper.checkAndLoadMain(LauncherHelper.java:486)
		--- expected.out ---
		3
		--- expected.error ---
		
	fail [ 1/3 ][ C++  Ast  C++   JBC ] Program failed (unexpectedly).
		Command: java -XX:-UseSplitVerifier -cp tmp/builtInCommand/math/ mod_input_cppCpp
		--- result.out ---
		
		--- result.error ---
		Exception in thread "main" java.lang.VerifyError: (class: mod_input_cppCpp, method: main signature: ([Ljava/lang/String;)V) Expecting to find object/array on stack
			at java.lang.Class.getDeclaredMethods0(Native Method)
			at java.lang.Class.privateGetDeclaredMethods(Class.java:2570)
			at java.lang.Class.getMethod0(Class.java:2813)
			at java.lang.Class.getMethod(Class.java:1663)
			at sun.launcher.LauncherHelper.getMainMethod(LauncherHelper.java:494)
			at sun.launcher.LauncherHelper.checkAndLoadMain(LauncherHelper.java:486)
		--- expected.out ---
		0
		--- expected.error ---
		
	fail [ 2/3 ][ C++  Ast  C++   JBC ] Program failed (unexpectedly).
		Command: java -XX:-UseSplitVerifier -cp tmp/builtInCommand/math/ mod_input_cppCpp
		--- result.out ---
		
		--- result.error ---
		Exception in thread "main" java.lang.VerifyError: (class: mod_input_cppCpp, method: main signature: ([Ljava/lang/String;)V) Expecting to find object/array on stack
			at java.lang.Class.getDeclaredMethods0(Native Method)
			at java.lang.Class.privateGetDeclaredMethods(Class.java:2570)
			at java.lang.Class.getMethod0(Class.java:2813)
			at java.lang.Class.getMethod(Class.java:1663)
			at sun.launcher.LauncherHelper.getMainMethod(LauncherHelper.java:494)
			at sun.launcher.LauncherHelper.checkAndLoadMain(LauncherHelper.java:486)
		--- expected.out ---
		1
		--- expected.error ---
		
	fail [ 3/3 ][ C++  Ast  C++   JBC ] Program failed (unexpectedly).
		Command: java -XX:-UseSplitVerifier -cp tmp/builtInCommand/math/ mod_input_cppCpp
		--- result.out ---
		
		--- result.error ---
		Exception in thread "main" java.lang.VerifyError: (class: mod_input_cppCpp, method: main signature: ([Ljava/lang/String;)V) Expecting to find object/array on stack
			at java.lang.Class.getDeclaredMethods0(Native Method)
			at java.lang.Class.privateGetDeclaredMethods(Class.java:2570)
			at java.lang.Class.getMethod0(Class.java:2813)
			at java.lang.Class.getMethod(Class.java:1663)
			at sun.launcher.LauncherHelper.getMainMethod(LauncherHelper.java:494)
			at sun.launcher.LauncherHelper.checkAndLoadMain(LauncherHelper.java:486)
		--- expected.out ---
		3
		--- expected.error ---
		
[  68/364 ] builtInCommand/math/mult.rail
[  69/364 ] builtInCommand/math/mult_floats.rail
	fail [ 1/1 ][ C++       C++   JBC ] Output != expectation
		Command: java -XX:-UseSplitVerifier -cp tmp/builtInCommand/math/ mult_floats_cpp
		--- result.out ---
		10
		--- result.error ---
		
		--- expected.out ---
		11.96
		--- expected.error ---
		
	fail [ 1/1 ][ C++  Ast  C++   JBC ] Output != expectation
		Command: java -XX:-UseSplitVerifier -cp tmp/builtInCommand/math/ mult_floats_cppCpp
		--- result.out ---
		10
		--- result.error ---
		
		--- expected.out ---
		11.96
		--- expected.error ---
		
[  70/364 ] builtInCommand/math/mult_floats_fail.rail
	fail [ 1/1 ][ C++       C++   JBC ] Output != expectation
		Command: java -XX:-UseSplitVerifier -cp tmp/builtInCommand/math/ mult_floats_fail_cpp
		--- result.out ---
		10
		--- result.error ---
		
		--- expected.out ---
		
		--- expected.error ---
		Crash: type mismatch
	fail [ 1/1 ][ C++  Ast  C++   JBC ] Output != expectation
		Command: java -XX:-UseSplitVerifier -cp tmp/builtInCommand/math/ mult_floats_fail_cppCpp
		--- result.out ---
		10
		--- result.error ---
		
		--- expected.out ---
		
		--- expected.error ---
		Crash: type mismatch
[  71/364 ] builtInCommand/math/mult_floats_fail2.rail
		Command: java -XX:-UseSplitVerifier -cp tmp/builtInCommand/math/ mult_floats_fail2_cpp
		--- result.out ---
		
		--- result.error ---
		Exception in thread "main" java.lang.ClassCastException: java.lang.String cannot be cast to java.lang.Integer
			at mult_floats_fail2_cpp.main(Unknown Source)
		--- expected.out ---
		
		--- expected.error ---
		Crash: type mismatch
		Command: java -XX:-UseSplitVerifier -cp tmp/builtInCommand/math/ mult_floats_fail2_cppCpp
		--- result.out ---
		
		--- result.error ---
		Exception in thread "main" java.lang.ClassCastException: java.lang.String cannot be cast to java.lang.Integer
			at mult_floats_fail2_cppCpp.main(Unknown Source)
		--- expected.out ---
		
		--- expected.error ---
		Crash: type mismatch
[  72/364 ] builtInCommand/math/mult_floats_negativ.rail
	fail [ 1/1 ][ C++       C++   JBC ] Output != expectation
		Command: java -XX:-UseSplitVerifier -cp tmp/builtInCommand/math/ mult_floats_negativ_cpp
		--- result.out ---
		-10
		--- result.error ---
		
		--- expected.out ---
		-11.96
		--- expected.error ---
		
	fail [ 1/1 ][ C++  Ast  C++   JBC ] Output != expectation
		Command: java -XX:-UseSplitVerifier -cp tmp/builtInCommand/math/ mult_floats_negativ_cppCpp
		--- result.out ---
		-10
		--- result.error ---
		
		--- expected.out ---
		-11.96
		--- expected.error ---
		
[  73/364 ] builtInCommand/math/mult_input.rail
	fail [ 1/3 ][ C++       C++   JBC ] Program failed (unexpectedly).
		Command: java -XX:-UseSplitVerifier -cp tmp/builtInCommand/math/ mult_input_cpp
		--- result.out ---
		
		--- result.error ---
		Exception in thread "main" java.lang.VerifyError: (class: mult_input_cpp, method: main signature: ([Ljava/lang/String;)V) Expecting to find object/array on stack
			at java.lang.Class.getDeclaredMethods0(Native Method)
			at java.lang.Class.privateGetDeclaredMethods(Class.java:2570)
			at java.lang.Class.getMethod0(Class.java:2813)
			at java.lang.Class.getMethod(Class.java:1663)
			at sun.launcher.LauncherHelper.getMainMethod(LauncherHelper.java:494)
			at sun.launcher.LauncherHelper.checkAndLoadMain(LauncherHelper.java:486)
		--- expected.out ---
		2
		--- expected.error ---
		
	fail [ 2/3 ][ C++       C++   JBC ] Program failed (unexpectedly).
		Command: java -XX:-UseSplitVerifier -cp tmp/builtInCommand/math/ mult_input_cpp
		--- result.out ---
		
		--- result.error ---
		Exception in thread "main" java.lang.VerifyError: (class: mult_input_cpp, method: main signature: ([Ljava/lang/String;)V) Expecting to find object/array on stack
			at java.lang.Class.getDeclaredMethods0(Native Method)
			at java.lang.Class.privateGetDeclaredMethods(Class.java:2570)
			at java.lang.Class.getMethod0(Class.java:2813)
			at java.lang.Class.getMethod(Class.java:1663)
			at sun.launcher.LauncherHelper.getMainMethod(LauncherHelper.java:494)
			at sun.launcher.LauncherHelper.checkAndLoadMain(LauncherHelper.java:486)
		--- expected.out ---
		45
		--- expected.error ---
		
	fail [ 3/3 ][ C++       C++   JBC ] Program failed (unexpectedly).
		Command: java -XX:-UseSplitVerifier -cp tmp/builtInCommand/math/ mult_input_cpp
		--- result.out ---
		
		--- result.error ---
		Exception in thread "main" java.lang.VerifyError: (class: mult_input_cpp, method: main signature: ([Ljava/lang/String;)V) Expecting to find object/array on stack
			at java.lang.Class.getDeclaredMethods0(Native Method)
			at java.lang.Class.privateGetDeclaredMethods(Class.java:2570)
			at java.lang.Class.getMethod0(Class.java:2813)
			at java.lang.Class.getMethod(Class.java:1663)
			at sun.launcher.LauncherHelper.getMainMethod(LauncherHelper.java:494)
			at sun.launcher.LauncherHelper.checkAndLoadMain(LauncherHelper.java:486)
		--- expected.out ---
		12
		--- expected.error ---
		
	fail [ 1/3 ][ C++  Ast  C++   JBC ] Program failed (unexpectedly).
		Command: java -XX:-UseSplitVerifier -cp tmp/builtInCommand/math/ mult_input_cppCpp
		--- result.out ---
		
		--- result.error ---
		Exception in thread "main" java.lang.VerifyError: (class: mult_input_cppCpp, method: main signature: ([Ljava/lang/String;)V) Expecting to find object/array on stack
			at java.lang.Class.getDeclaredMethods0(Native Method)
			at java.lang.Class.privateGetDeclaredMethods(Class.java:2570)
			at java.lang.Class.getMethod0(Class.java:2813)
			at java.lang.Class.getMethod(Class.java:1663)
			at sun.launcher.LauncherHelper.getMainMethod(LauncherHelper.java:494)
			at sun.launcher.LauncherHelper.checkAndLoadMain(LauncherHelper.java:486)
		--- expected.out ---
		2
		--- expected.error ---
		
	fail [ 2/3 ][ C++  Ast  C++   JBC ] Program failed (unexpectedly).
		Command: java -XX:-UseSplitVerifier -cp tmp/builtInCommand/math/ mult_input_cppCpp
		--- result.out ---
		
		--- result.error ---
		Exception in thread "main" java.lang.VerifyError: (class: mult_input_cppCpp, method: main signature: ([Ljava/lang/String;)V) Expecting to find object/array on stack
			at java.lang.Class.getDeclaredMethods0(Native Method)
			at java.lang.Class.privateGetDeclaredMethods(Class.java:2570)
			at java.lang.Class.getMethod0(Class.java:2813)
			at java.lang.Class.getMethod(Class.java:1663)
			at sun.launcher.LauncherHelper.getMainMethod(LauncherHelper.java:494)
			at sun.launcher.LauncherHelper.checkAndLoadMain(LauncherHelper.java:486)
		--- expected.out ---
		45
		--- expected.error ---
		
	fail [ 3/3 ][ C++  Ast  C++   JBC ] Program failed (unexpectedly).
		Command: java -XX:-UseSplitVerifier -cp tmp/builtInCommand/math/ mult_input_cppCpp
		--- result.out ---
		
		--- result.error ---
		Exception in thread "main" java.lang.VerifyError: (class: mult_input_cppCpp, method: main signature: ([Ljava/lang/String;)V) Expecting to find object/array on stack
			at java.lang.Class.getDeclaredMethods0(Native Method)
			at java.lang.Class.privateGetDeclaredMethods(Class.java:2570)
			at java.lang.Class.getMethod0(Class.java:2813)
			at java.lang.Class.getMethod(Class.java:1663)
			at sun.launcher.LauncherHelper.getMainMethod(LauncherHelper.java:494)
			at sun.launcher.LauncherHelper.checkAndLoadMain(LauncherHelper.java:486)
		--- expected.out ---
		12
		--- expected.error ---
		
[  74/364 ] builtInCommand/math/mult_negativ.rail
[  75/364 ] builtInCommand/math/mult_negativ_fail.rail
	fail [ 1/1 ][ C++       C++   JBC ] Output != expectation
		Command: java -XX:-UseSplitVerifier -cp tmp/builtInCommand/math/ mult_negativ_fail_cpp
		--- result.out ---
		-10
		--- result.error ---
		
		--- expected.out ---
		
		--- expected.error ---
		Crash: type mismatch
	fail [ 1/1 ][ C++  Ast  C++   JBC ] Output != expectation
		Command: java -XX:-UseSplitVerifier -cp tmp/builtInCommand/math/ mult_negativ_fail_cppCpp
		--- result.out ---
		-10
		--- result.error ---
		
		--- expected.out ---
		
		--- expected.error ---
		Crash: type mismatch
[  76/364 ] builtInCommand/math/sub.rail
[  77/364 ] builtInCommand/math/sub_floats.rail
	fail [ 1/1 ][ C++       C++   JBC ] Output != expectation
		Command: java -XX:-UseSplitVerifier -cp tmp/builtInCommand/math/ sub_floats_cpp
		--- result.out ---
		3
		--- result.error ---
		
		--- expected.out ---
		2.9
		--- expected.error ---
		
	fail [ 1/1 ][ C++  Ast  C++   JBC ] Output != expectation
		Command: java -XX:-UseSplitVerifier -cp tmp/builtInCommand/math/ sub_floats_cppCpp
		--- result.out ---
		3
		--- result.error ---
		
		--- expected.out ---
		2.9
		--- expected.error ---
		
[  78/364 ] builtInCommand/math/sub_floats_fail.rail
	fail [ 1/1 ][ C++       C++   JBC ] Output != expectation
		Command: java -XX:-UseSplitVerifier -cp tmp/builtInCommand/math/ sub_floats_fail_cpp
		--- result.out ---
		3
		--- result.error ---
		
		--- expected.out ---
		
		--- expected.error ---
		Crash: type mismatch
	fail [ 1/1 ][ C++  Ast  C++   JBC ] Output != expectation
		Command: java -XX:-UseSplitVerifier -cp tmp/builtInCommand/math/ sub_floats_fail_cppCpp
		--- result.out ---
		3
		--- result.error ---
		
		--- expected.out ---
		
		--- expected.error ---
		Crash: type mismatch
[  79/364 ] builtInCommand/math/sub_floats_fail2.rail
		Command: java -XX:-UseSplitVerifier -cp tmp/builtInCommand/math/ sub_floats_fail2_cpp
		--- result.out ---
		
		--- result.error ---
		Exception in thread "main" java.lang.ClassCastException: java.lang.String cannot be cast to java.lang.Integer
			at sub_floats_fail2_cpp.main(Unknown Source)
		--- expected.out ---
		
		--- expected.error ---
		Crash: type mismatch
		Command: java -XX:-UseSplitVerifier -cp tmp/builtInCommand/math/ sub_floats_fail2_cppCpp
		--- result.out ---
		
		--- result.error ---
		Exception in thread "main" java.lang.ClassCastException: java.lang.String cannot be cast to java.lang.Integer
			at sub_floats_fail2_cppCpp.main(Unknown Source)
		--- expected.out ---
		
		--- expected.error ---
		Crash: type mismatch
[  80/364 ] builtInCommand/math/sub_floats_negativ.rail
	fail [ 1/1 ][ C++       C++   JBC ] Output != expectation
		Command: java -XX:-UseSplitVerifier -cp tmp/builtInCommand/math/ sub_floats_negativ_cpp
		--- result.out ---
		-7
		--- result.error ---
		
		--- expected.out ---
		-7.5
		--- expected.error ---
		
	fail [ 1/1 ][ C++  Ast  C++   JBC ] Output != expectation
		Command: java -XX:-UseSplitVerifier -cp tmp/builtInCommand/math/ sub_floats_negativ_cppCpp
		--- result.out ---
		-7
		--- result.error ---
		
		--- expected.out ---
		-7.5
		--- expected.error ---
		
[  81/364 ] builtInCommand/math/sub_input.rail
	fail [ 1/3 ][ C++       C++   JBC ] Program failed (unexpectedly).
		Command: java -XX:-UseSplitVerifier -cp tmp/builtInCommand/math/ sub_input_cpp
		--- result.out ---
		
		--- result.error ---
		Exception in thread "main" java.lang.VerifyError: (class: sub_input_cpp, method: main signature: ([Ljava/lang/String;)V) Expecting to find object/array on stack
			at java.lang.Class.getDeclaredMethods0(Native Method)
			at java.lang.Class.privateGetDeclaredMethods(Class.java:2570)
			at java.lang.Class.getMethod0(Class.java:2813)
			at java.lang.Class.getMethod(Class.java:1663)
			at sun.launcher.LauncherHelper.getMainMethod(LauncherHelper.java:494)
			at sun.launcher.LauncherHelper.checkAndLoadMain(LauncherHelper.java:486)
		--- expected.out ---
		2
		--- expected.error ---
		
	fail [ 2/3 ][ C++       C++   JBC ] Program failed (unexpectedly).
		Command: java -XX:-UseSplitVerifier -cp tmp/builtInCommand/math/ sub_input_cpp
		--- result.out ---
		
		--- result.error ---
		Exception in thread "main" java.lang.VerifyError: (class: sub_input_cpp, method: main signature: ([Ljava/lang/String;)V) Expecting to find object/array on stack
			at java.lang.Class.getDeclaredMethods0(Native Method)
			at java.lang.Class.privateGetDeclaredMethods(Class.java:2570)
			at java.lang.Class.getMethod0(Class.java:2813)
			at java.lang.Class.getMethod(Class.java:1663)
			at sun.launcher.LauncherHelper.getMainMethod(LauncherHelper.java:494)
			at sun.launcher.LauncherHelper.checkAndLoadMain(LauncherHelper.java:486)
		--- expected.out ---
		-4
		--- expected.error ---
		
	fail [ 3/3 ][ C++       C++   JBC ] Program failed (unexpectedly).
		Command: java -XX:-UseSplitVerifier -cp tmp/builtInCommand/math/ sub_input_cpp
		--- result.out ---
		
		--- result.error ---
		Exception in thread "main" java.lang.VerifyError: (class: sub_input_cpp, method: main signature: ([Ljava/lang/String;)V) Expecting to find object/array on stack
			at java.lang.Class.getDeclaredMethods0(Native Method)
			at java.lang.Class.privateGetDeclaredMethods(Class.java:2570)
			at java.lang.Class.getMethod0(Class.java:2813)
			at java.lang.Class.getMethod(Class.java:1663)
			at sun.launcher.LauncherHelper.getMainMethod(LauncherHelper.java:494)
			at sun.launcher.LauncherHelper.checkAndLoadMain(LauncherHelper.java:486)
		--- expected.out ---
		0
		--- expected.error ---
		
	fail [ 1/3 ][ C++  Ast  C++   JBC ] Program failed (unexpectedly).
		Command: java -XX:-UseSplitVerifier -cp tmp/builtInCommand/math/ sub_input_cppCpp
		--- result.out ---
		
		--- result.error ---
		Exception in thread "main" java.lang.VerifyError: (class: sub_input_cppCpp, method: main signature: ([Ljava/lang/String;)V) Expecting to find object/array on stack
			at java.lang.Class.getDeclaredMethods0(Native Method)
			at java.lang.Class.privateGetDeclaredMethods(Class.java:2570)
			at java.lang.Class.getMethod0(Class.java:2813)
			at java.lang.Class.getMethod(Class.java:1663)
			at sun.launcher.LauncherHelper.getMainMethod(LauncherHelper.java:494)
			at sun.launcher.LauncherHelper.checkAndLoadMain(LauncherHelper.java:486)
		--- expected.out ---
		2
		--- expected.error ---
		
	fail [ 2/3 ][ C++  Ast  C++   JBC ] Program failed (unexpectedly).
		Command: java -XX:-UseSplitVerifier -cp tmp/builtInCommand/math/ sub_input_cppCpp
		--- result.out ---
		
		--- result.error ---
		Exception in thread "main" java.lang.VerifyError: (class: sub_input_cppCpp, method: main signature: ([Ljava/lang/String;)V) Expecting to find object/array on stack
			at java.lang.Class.getDeclaredMethods0(Native Method)
			at java.lang.Class.privateGetDeclaredMethods(Class.java:2570)
			at java.lang.Class.getMethod0(Class.java:2813)
			at java.lang.Class.getMethod(Class.java:1663)
			at sun.launcher.LauncherHelper.getMainMethod(LauncherHelper.java:494)
			at sun.launcher.LauncherHelper.checkAndLoadMain(LauncherHelper.java:486)
		--- expected.out ---
		-4
		--- expected.error ---
		
	fail [ 3/3 ][ C++  Ast  C++   JBC ] Program failed (unexpectedly).
		Command: java -XX:-UseSplitVerifier -cp tmp/builtInCommand/math/ sub_input_cppCpp
		--- result.out ---
		
		--- result.error ---
		Exception in thread "main" java.lang.VerifyError: (class: sub_input_cppCpp, method: main signature: ([Ljava/lang/String;)V) Expecting to find object/array on stack
			at java.lang.Class.getDeclaredMethods0(Native Method)
			at java.lang.Class.privateGetDeclaredMethods(Class.java:2570)
			at java.lang.Class.getMethod0(Class.java:2813)
			at java.lang.Class.getMethod(Class.java:1663)
			at sun.launcher.LauncherHelper.getMainMethod(LauncherHelper.java:494)
			at sun.launcher.LauncherHelper.checkAndLoadMain(LauncherHelper.java:486)
		--- expected.out ---
		0
		--- expected.error ---
		
[  82/364 ] builtInCommand/math/sub_negativ.rail
[  83/364 ] builtInCommand/math/sub_negativ_fail.rail
	fail [ 1/1 ][ C++       C++   JBC ] Output != expectation
		Command: java -XX:-UseSplitVerifier -cp tmp/builtInCommand/math/ sub_negativ_fail_cpp
		--- result.out ---
		7
		--- result.error ---
		
		--- expected.out ---
		
		--- expected.error ---
		Crash: type mismatch
	fail [ 1/1 ][ C++  Ast  C++   JBC ] Output != expectation
		Command: java -XX:-UseSplitVerifier -cp tmp/builtInCommand/math/ sub_negativ_fail_cppCpp
		--- result.out ---
		7
		--- result.error ---
		
		--- expected.out ---
		
		--- expected.error ---
		Crash: type mismatch
[  84/364 ] builtInCommand/math/type_mismatch1.rail
		Command: java -XX:-UseSplitVerifier -cp tmp/builtInCommand/math/ type_mismatch1_cpp
		--- result.out ---
		
		--- result.error ---
		Exception in thread "main" java.lang.ClassCastException: java.lang.String cannot be cast to java.lang.Integer
			at type_mismatch1_cpp.main(Unknown Source)
		--- expected.out ---
		
		--- expected.error ---
		Crash: type mismatch
		Command: java -XX:-UseSplitVerifier -cp tmp/builtInCommand/math/ type_mismatch1_cppCpp
		--- result.out ---
		
		--- result.error ---
		Exception in thread "main" java.lang.ClassCastException: java.lang.String cannot be cast to java.lang.Integer
			at type_mismatch1_cppCpp.main(Unknown Source)
		--- expected.out ---
		
		--- expected.error ---
		Crash: type mismatch
[  85/364 ] builtInCommand/math/type_mismatch2.rail
		Command: java -XX:-UseSplitVerifier -cp tmp/builtInCommand/math/ type_mismatch2_cpp
		--- result.out ---
		
		--- result.error ---
		Exception in thread "main" java.lang.ClassCastException: java.lang.String cannot be cast to java.lang.Integer
			at type_mismatch2_cpp.main(Unknown Source)
		--- expected.out ---
		
		--- expected.error ---
		Crash: type mismatch
		Command: java -XX:-UseSplitVerifier -cp tmp/builtInCommand/math/ type_mismatch2_cppCpp
		--- result.out ---
		
		--- result.error ---
		Exception in thread "main" java.lang.ClassCastException: java.lang.String cannot be cast to java.lang.Integer
			at type_mismatch2_cppCpp.main(Unknown Source)
		--- expected.out ---
		
		--- expected.error ---
		Crash: type mismatch
[  86/364 ] builtInCommand/math/type_mismatch3.rail
		Command: java -XX:-UseSplitVerifier -cp tmp/builtInCommand/math/ type_mismatch3_cpp
		--- result.out ---
		
		--- result.error ---
		Exception in thread "main" java.lang.ClassCastException: java.lang.String cannot be cast to java.lang.Integer
			at type_mismatch3_cpp.main(Unknown Source)
		--- expected.out ---
		
		--- expected.error ---
		Crash: type mismatch
		Command: java -XX:-UseSplitVerifier -cp tmp/builtInCommand/math/ type_mismatch3_cppCpp
		--- result.out ---
		
		--- result.error ---
		Exception in thread "main" java.lang.ClassCastException: java.lang.String cannot be cast to java.lang.Integer
			at type_mismatch3_cppCpp.main(Unknown Source)
		--- expected.out ---
		
		--- expected.error ---
		Crash: type mismatch
[  87/364 ] builtInCommand/math/type_mismatch4.rail
		Command: java -XX:-UseSplitVerifier -cp tmp/builtInCommand/math/ type_mismatch4_cpp
		--- result.out ---
		
		--- result.error ---
		Exception in thread "main" java.lang.ClassCastException: java.lang.String cannot be cast to java.lang.Integer
			at type_mismatch4_cpp.main(Unknown Source)
		--- expected.out ---
		
		--- expected.error ---
		Crash: type mismatch
		Command: java -XX:-UseSplitVerifier -cp tmp/builtInCommand/math/ type_mismatch4_cppCpp
		--- result.out ---
		
		--- result.error ---
		Exception in thread "main" java.lang.ClassCastException: java.lang.String cannot be cast to java.lang.Integer
			at type_mismatch4_cppCpp.main(Unknown Source)
		--- expected.out ---
		
		--- expected.error ---
		Crash: type mismatch
[  88/364 ] builtInCommand/math/type_mismatch5.rail
		Command: java -XX:-UseSplitVerifier -cp tmp/builtInCommand/math/ type_mismatch5_cpp
		--- result.out ---
		
		--- result.error ---
		Exception in thread "main" java.lang.ClassCastException: java.lang.String cannot be cast to java.lang.Integer
			at type_mismatch5_cpp.main(Unknown Source)
		--- expected.out ---
		
		--- expected.error ---
		Crash: type mismatch
		Command: java -XX:-UseSplitVerifier -cp tmp/builtInCommand/math/ type_mismatch5_cppCpp
		--- result.out ---
		
		--- result.error ---
		Exception in thread "main" java.lang.ClassCastException: java.lang.String cannot be cast to java.lang.Integer
			at type_mismatch5_cppCpp.main(Unknown Source)
		--- expected.out ---
		
		--- expected.error ---
		Crash: type mismatch
[  89/364 ] builtInCommand/math/uppercase_add.rail
[  90/364 ] builtInCommand/math/uppercase_div.rail
[  91/364 ] builtInCommand/math/uppercase_modulo.rail
[  92/364 ] builtInCommand/math/uppercase_mult.rail
[  93/364 ] builtInCommand/math/uppercase_sub.rail
[  94/364 ] builtInCommand/string/append.rail
[  95/364 ] builtInCommand/string/append_truefalse.rail
[  96/364 ] builtInCommand/string/appendnum.rail
[  97/364 ] builtInCommand/string/cut.rail
	fail [ 1/1 ][ C++       C++   JBC ] Output != expectation
		Command: java -XX:-UseSplitVerifier -cp tmp/builtInCommand/string/ cut_cpp
		--- result.out ---
		llo
		o
		--- result.error ---
		
		--- expected.out ---
		lloo
		--- expected.error ---
		
	fail [ 1/1 ][ C++  Ast  C++   JBC ] Output != expectation
		Command: java -XX:-UseSplitVerifier -cp tmp/builtInCommand/string/ cut_cppCpp
		--- result.out ---
		llo
		o
		--- result.error ---
		
		--- expected.out ---
		lloo
		--- expected.error ---
		
[  98/364 ] builtInCommand/string/emptyappend.rail
	fail [ 0/1 ][ C++  Ast  C++   JBC ] Expect successful compilation: Backend failed.
		--- result.out ---
		
		--- result.error ---
		[Error][Unknown] An unhandled exception occurred
[  99/364 ] builtInCommand/string/emptycut.rail
		Command: java -XX:-UseSplitVerifier -cp tmp/builtInCommand/string/ emptycut_cpp
		--- result.out ---
		
		--- result.error ---
		Exception in thread "main" java.lang.StringIndexOutOfBoundsException: String index out of range: 5
			at java.lang.String.substring(String.java:1907)
			at emptycut_cpp.main(Unknown Source)
		--- expected.out ---
		
		--- expected.error ---
		Crash:
	fail [ 0/1 ][ C++  Ast  C++   JBC ] Expect successful compilation: Backend failed.
		--- result.out ---
		
		--- result.error ---
		[Error][Unknown] An unhandled exception occurred
[ 100/364 ] builtInCommand/string/emptysize.rail
	fail [ 0/1 ][ C++  Ast  C++   JBC ] Expect successful compilation: Backend failed.
		--- result.out ---
		
		--- result.error ---
		[Error][Unknown] An unhandled exception occurred
[ 101/364 ] builtInCommand/string/multiapp.rail
[ 102/364 ] builtInCommand/string/multicut.rail
	fail [ 1/1 ][ C++       C++   JBC ] Program failed (unexpectedly).
		Command: java -XX:-UseSplitVerifier -cp tmp/builtInCommand/string/ multicut_cpp
		--- result.out ---
		
		--- result.error ---
		Exception in thread "main" java.lang.VerifyError: (class: multicut_cpp, method: main signature: ([Ljava/lang/String;)V) Stack size too large
			at java.lang.Class.getDeclaredMethods0(Native Method)
			at java.lang.Class.privateGetDeclaredMethods(Class.java:2570)
			at java.lang.Class.getMethod0(Class.java:2813)
			at java.lang.Class.getMethod(Class.java:1663)
			at sun.launcher.LauncherHelper.getMainMethod(LauncherHelper.java:494)
			at sun.launcher.LauncherHelper.checkAndLoadMain(LauncherHelper.java:486)
		--- expected.out ---
		a
		--- expected.error ---
		
	fail [ 1/1 ][ C++  Ast  C++   JBC ] Program failed (unexpectedly).
		Command: java -XX:-UseSplitVerifier -cp tmp/builtInCommand/string/ multicut_cppCpp
		--- result.out ---
		
		--- result.error ---
		Exception in thread "main" java.lang.VerifyError: (class: multicut_cppCpp, method: main signature: ([Ljava/lang/String;)V) Stack size too large
			at java.lang.Class.getDeclaredMethods0(Native Method)
			at java.lang.Class.privateGetDeclaredMethods(Class.java:2570)
			at java.lang.Class.getMethod0(Class.java:2813)
			at java.lang.Class.getMethod(Class.java:1663)
			at sun.launcher.LauncherHelper.getMainMethod(LauncherHelper.java:494)
			at sun.launcher.LauncherHelper.checkAndLoadMain(LauncherHelper.java:486)
		--- expected.out ---
		a
		--- expected.error ---
		
[ 103/364 ] builtInCommand/string/size.rail
[ 104/364 ] builtInCommand/string/size_junction.rail
[ 105/364 ] builtInCommand/string/string_ops.rail
[ 106/364 ] builtInCommand/string/uppercase_append.rail
[ 107/364 ] builtInCommand/string/uppercase_cut.rail
[ 108/364 ] builtInCommand/string/uppercase_size.rail
[ 109/364 ] builtInCommand/system/boom.rail
		Command: java -XX:-UseSplitVerifier -cp tmp/builtInCommand/system/ boom_cpp
		--- result.out ---
		
		--- result.error ---
		Exception in thread "main" java.lang.RuntimeException
			at boom_cpp.main(Unknown Source)
		--- expected.out ---
		
		--- expected.error ---
		Crash: custom error: boom
		Command: java -XX:-UseSplitVerifier -cp tmp/builtInCommand/system/ boom_cppCpp
		--- result.out ---
		
		--- result.error ---
		Exception in thread "main" java.lang.RuntimeException
			at boom_cppCpp.main(Unknown Source)
		--- expected.out ---
		
		--- expected.error ---
		Crash: custom error: boom
[ 110/364 ] builtInCommand/system/no_input.rail
	fail [ 1/2 ][ C++       C++   JBC ] Program failed (unexpectedly).
		Command: java -XX:-UseSplitVerifier -cp tmp/builtInCommand/system/ no_input_cpp
		--- result.out ---
		
		--- result.error ---
		Exception in thread "main" java.lang.VerifyError: (class: no_input_cpp, method: main signature: ([Ljava/lang/String;)V) Expecting to find object/array on stack
			at java.lang.Class.getDeclaredMethods0(Native Method)
			at java.lang.Class.privateGetDeclaredMethods(Class.java:2570)
			at java.lang.Class.getMethod0(Class.java:2813)
			at java.lang.Class.getMethod(Class.java:1663)
			at sun.launcher.LauncherHelper.getMainMethod(LauncherHelper.java:494)
			at sun.launcher.LauncherHelper.checkAndLoadMain(LauncherHelper.java:486)
		--- expected.out ---
		
		--- expected.error ---
		
	fail [ 2/2 ][ C++       C++   JBC ] Program failed (unexpectedly).
		Command: java -XX:-UseSplitVerifier -cp tmp/builtInCommand/system/ no_input_cpp
		--- result.out ---
		
		--- result.error ---
		Exception in thread "main" java.lang.VerifyError: (class: no_input_cpp, method: main signature: ([Ljava/lang/String;)V) Expecting to find object/array on stack
			at java.lang.Class.getDeclaredMethods0(Native Method)
			at java.lang.Class.privateGetDeclaredMethods(Class.java:2570)
			at java.lang.Class.getMethod0(Class.java:2813)
			at java.lang.Class.getMethod(Class.java:1663)
			at sun.launcher.LauncherHelper.getMainMethod(LauncherHelper.java:494)
			at sun.launcher.LauncherHelper.checkAndLoadMain(LauncherHelper.java:486)
		--- expected.out ---
		
		--- expected.error ---
		
	fail [ 1/2 ][ C++  Ast  C++   JBC ] Program failed (unexpectedly).
		Command: java -XX:-UseSplitVerifier -cp tmp/builtInCommand/system/ no_input_cppCpp
		--- result.out ---
		
		--- result.error ---
		Exception in thread "main" java.lang.VerifyError: (class: no_input_cppCpp, method: main signature: ([Ljava/lang/String;)V) Expecting to find object/array on stack
			at java.lang.Class.getDeclaredMethods0(Native Method)
			at java.lang.Class.privateGetDeclaredMethods(Class.java:2570)
			at java.lang.Class.getMethod0(Class.java:2813)
			at java.lang.Class.getMethod(Class.java:1663)
			at sun.launcher.LauncherHelper.getMainMethod(LauncherHelper.java:494)
			at sun.launcher.LauncherHelper.checkAndLoadMain(LauncherHelper.java:486)
		--- expected.out ---
		
		--- expected.error ---
		
	fail [ 2/2 ][ C++  Ast  C++   JBC ] Program failed (unexpectedly).
		Command: java -XX:-UseSplitVerifier -cp tmp/builtInCommand/system/ no_input_cppCpp
		--- result.out ---
		
		--- result.error ---
		Exception in thread "main" java.lang.VerifyError: (class: no_input_cppCpp, method: main signature: ([Ljava/lang/String;)V) Expecting to find object/array on stack
			at java.lang.Class.getDeclaredMethods0(Native Method)
			at java.lang.Class.privateGetDeclaredMethods(Class.java:2570)
			at java.lang.Class.getMethod0(Class.java:2813)
			at java.lang.Class.getMethod(Class.java:1663)
			at sun.launcher.LauncherHelper.getMainMethod(LauncherHelper.java:494)
			at sun.launcher.LauncherHelper.checkAndLoadMain(LauncherHelper.java:486)
		--- expected.out ---
		
		--- expected.error ---
		
[ 111/364 ] builtInCommand/system/two_outputs.rail
		Command: java -XX:-UseSplitVerifier -cp tmp/builtInCommand/system/ two_outputs_cpp
		--- result.out ---
		
		--- result.error ---
		Exception in thread "main" java.util.NoSuchElementException
			at java.util.ArrayDeque.removeFirst(ArrayDeque.java:278)
			at java.util.ArrayDeque.pop(ArrayDeque.java:507)
			at two_outputs_cpp.main(Unknown Source)
		--- expected.out ---
		
		--- expected.error ---
		Crash: stack underflow
		Command: java -XX:-UseSplitVerifier -cp tmp/builtInCommand/system/ two_outputs_cppCpp
		--- result.out ---
		
		--- result.error ---
		Exception in thread "main" java.util.NoSuchElementException
			at java.util.ArrayDeque.removeFirst(ArrayDeque.java:278)
			at java.util.ArrayDeque.pop(ArrayDeque.java:507)
			at two_outputs_cppCpp.main(Unknown Source)
		--- expected.out ---
		
		--- expected.error ---
		Crash: stack underflow
[ 112/364 ] builtInCommand/system/uppercase_boom.rail
[ 113/364 ] builtInCommand/system/uppercase_eof.rail
[ 114/364 ] builtInCommand/system/uppercase_input.rail
[ 115/364 ] builtInCommand/system/uppercase_output.rail
[ 116/364 ] builtInCommand/system/uppercase_underflow.rail
[ 117/364 ] misc/miscellaneous/crash_typetest_lambda.rail
	fail [ 0/1 ][ C++       C++   JBC ] Expect successful compilation: Frontend and Backend failed.
		--- result.out ---
		--- front.out -----------------------
		
		--- back.out ------------------------
		--- result.error ---
		--- front.err -----------------------
		[Error][Unknown] An unhandled exception occurred
		--- back.err ------------------------
		[Error][Unknown] An unhandled exception occurred
		Command: java -XX:-UseSplitVerifier -cp tmp/misc/miscellaneous/ crash_typetest_lambda_cppCpp
		--- result.out ---
		
		--- result.error ---
		Fehler: Hauptmethode in Klasse crash_typetest_lambda_cppCpp nicht gefunden. Definieren Sie die Hauptmethode als:
		   public static void main(String[] args)
		--- expected.out ---
		
		--- expected.error ---
		Crash: there is no global binding with that name
[ 118/364 ] misc/miscellaneous/reflector.rail
[ 119/364 ] misc/miscellaneous/reflector_parse_downup.rail
[ 120/364 ] misc/miscellaneous/reflector_parse_updown.rail
[ 121/364 ] misc/miscellaneous/reflectorparse_rightleft.rail
[ 122/364 ] misc/miscellaneous/typetest_lambda.rail
	fail [ 0/1 ][ C++       C++   JBC ] Expect successful compilation: Frontend and Backend failed.
		--- result.out ---
		--- front.out -----------------------
		
		--- back.out ------------------------
		--- result.error ---
		--- front.err -----------------------
		[Error][Unknown] An unhandled exception occurred
		--- back.err ------------------------
		[Error][Unknown] An unhandled exception occurred
	fail [ 1/1 ][ C++  Ast  C++   JBC ] Program failed (unexpectedly).
		Command: java -XX:-UseSplitVerifier -cp tmp/misc/miscellaneous/ typetest_lambda_cppCpp
		--- result.out ---
		
		--- result.error ---
		Fehler: Hauptmethode in Klasse typetest_lambda_cppCpp nicht gefunden. Definieren Sie die Hauptmethode als:
		   public static void main(String[] args)
		--- expected.out ---
		lambda
		--- expected.error ---
		
[ 123/364 ] misc/miscellaneous/typetest_list.rail
	fail [ 1/1 ][ C++       C++   JBC ] Program failed (unexpectedly).
		Command: java -XX:-UseSplitVerifier -cp tmp/misc/miscellaneous/ typetest_list_cpp
		--- result.out ---
		
		--- result.error ---
		Exception in thread "main" java.lang.ClassCastException: java.lang.String cannot be cast to java.util.ArrayList
			at typetest_list_cpp.main(Unknown Source)
		--- expected.out ---
		list
		--- expected.error ---
		
	fail [ 0/1 ][ C++  Ast  C++   JBC ] Expect successful compilation: Backend failed.
		--- result.out ---
		
		--- result.error ---
		[Error][Unknown] An unhandled exception occurred
[ 124/364 ] misc/miscellaneous/typetest_nil.rail
	fail [ 1/1 ][ C++       C++   JBC ] Output != expectation
		Command: java -XX:-UseSplitVerifier -cp tmp/misc/miscellaneous/ typetest_nil_cpp
		--- result.out ---
		class java.util.ArrayList
		--- result.error ---
		
		--- expected.out ---
		nil
		--- expected.error ---
		
	fail [ 1/1 ][ C++  Ast  C++   JBC ] Output != expectation
		Command: java -XX:-UseSplitVerifier -cp tmp/misc/miscellaneous/ typetest_nil_cppCpp
		--- result.out ---
		class java.util.ArrayList
		--- result.error ---
		
		--- expected.out ---
		nil
		--- expected.error ---
		
[ 125/364 ] misc/miscellaneous/typetest_string.rail
	fail [ 1/1 ][ C++       C++   JBC ] Output != expectation
		Command: java -XX:-UseSplitVerifier -cp tmp/misc/miscellaneous/ typetest_string_cpp
		--- result.out ---
		class java.lang.String
		--- result.error ---
		
		--- expected.out ---
		string
		--- expected.error ---
		
	fail [ 1/1 ][ C++  Ast  C++   JBC ] Output != expectation
		Command: java -XX:-UseSplitVerifier -cp tmp/misc/miscellaneous/ typetest_string_cppCpp
		--- result.out ---
		class java.lang.String
		--- result.error ---
		
		--- expected.out ---
		string
		--- expected.error ---
		
[ 126/364 ] misc/miscellaneous/underflow_test.rail
[ 127/364 ] misc/miscellaneous/utf8/utf8_test.rail
[ 128/364 ] misc/miscellaneous/utf8/utf8_test2.rail
	fail [ 0/1 ][ C++       C++   JBC ] Expect errorous compilation: Frontend and Backend failed.
		--- result.out ---
		--- front.out -----------------------
		
		--- back.out ------------------------
		--- result.error ---
		--- front.err -----------------------
		
		--- back.err ------------------------
	fail [ 0/1 ][ C++  Ast  C++   JBC ] Expect errorous compilation: Frontend and Backend failed.
		--- result.out ---
		--- front.out -----------------------
		
		--- back.out ------------------------
		--- result.error ---
		--- front.err -----------------------
		
		--- back.err ------------------------
[ 129/364 ] misc/unsorted/ambiguous_move.rail
[ 130/364 ] misc/unsorted/crash_multibraces.rail
[ 131/364 ] misc/unsorted/crash_unknown_j.rail
[ 132/364 ] misc/unsorted/crash_unknown_k.rail
[ 133/364 ] misc/unsorted/crash_unknown_l.rail
[ 134/364 ] misc/unsorted/crash_unknown_other.rail
[ 135/364 ] misc/unsorted/crash_unknown_w.rail
[ 136/364 ] misc/unsorted/dollarsign.rail
[ 137/364 ] misc/unsorted/empty.rail
[ 138/364 ] misc/unsorted/endless_reflector.rail
	fail [ 0/1 ][ C++       C++   JBC ] Expect successful compilation: Frontend and Backend failed.
		--- result.out ---
		--- front.out -----------------------
		
		--- back.out ------------------------
		--- result.error ---
		--- front.err -----------------------
		
		--- back.err ------------------------
	fail [ 0/1 ][ C++  Ast  C++   JBC ] Expect successful compilation: Frontend failed.
		Process timeout (2.0s)
		--- result.out ---
		
		--- result.error ---
		
[ 139/364 ] misc/unsorted/euro_sign.rail
	fail [ 1/1 ][ C++       C++   JBC ] Program failed (unexpectedly).
		Command: java -XX:-UseSplitVerifier -cp tmp/misc/unsorted/ euro_sign_cpp
		--- result.out ---
		
		--- result.error ---
		Exception in thread "main" java.lang.ClassFormatError: Illegal UTF8 string in constant pool in class file euro_sign_cpp
			at java.lang.ClassLoader.defineClass1(Native Method)
			at java.lang.ClassLoader.defineClass(ClassLoader.java:800)
			at java.security.SecureClassLoader.defineClass(SecureClassLoader.java:142)
			at java.net.URLClassLoader.defineClass(URLClassLoader.java:449)
			at java.net.URLClassLoader.access$100(URLClassLoader.java:71)
			at java.net.URLClassLoader$1.run(URLClassLoader.java:361)
			at java.net.URLClassLoader$1.run(URLClassLoader.java:355)
			at java.security.AccessController.doPrivileged(Native Method)
			at java.net.URLClassLoader.findClass(URLClassLoader.java:354)
			at java.lang.ClassLoader.loadClass(ClassLoader.java:425)
			at sun.misc.Launcher$AppClassLoader.loadClass(Launcher.java:308)
			at java.lang.ClassLoader.loadClass(ClassLoader.java:358)
			at sun.launcher.LauncherHelper.checkAndLoadMain(LauncherHelper.java:482)
		--- expected.out ---
		
		--- expected.error ---
		
	fail [ 1/1 ][ C++  Ast  C++   JBC ] Program failed (unexpectedly).
		Command: java -XX:-UseSplitVerifier -cp tmp/misc/unsorted/ euro_sign_cppCpp
		--- result.out ---
		
		--- result.error ---
		Exception in thread "main" java.lang.ClassFormatError: Illegal UTF8 string in constant pool in class file euro_sign_cppCpp
			at java.lang.ClassLoader.defineClass1(Native Method)
			at java.lang.ClassLoader.defineClass(ClassLoader.java:800)
			at java.security.SecureClassLoader.defineClass(SecureClassLoader.java:142)
			at java.net.URLClassLoader.defineClass(URLClassLoader.java:449)
			at java.net.URLClassLoader.access$100(URLClassLoader.java:71)
			at java.net.URLClassLoader$1.run(URLClassLoader.java:361)
			at java.net.URLClassLoader$1.run(URLClassLoader.java:355)
			at java.security.AccessController.doPrivileged(Native Method)
			at java.net.URLClassLoader.findClass(URLClassLoader.java:354)
			at java.lang.ClassLoader.loadClass(ClassLoader.java:425)
			at sun.misc.Launcher$AppClassLoader.loadClass(Launcher.java:308)
			at java.lang.ClassLoader.loadClass(ClassLoader.java:358)
			at sun.launcher.LauncherHelper.checkAndLoadMain(LauncherHelper.java:482)
		--- expected.out ---
		
		--- expected.error ---
		
[ 140/364 ] misc/unsorted/func.rail
	fail [ 0/1 ][ C++       C++   JBC ] Expect errorous compilation: Frontend and Backend failed.
		--- result.out ---
		--- front.out -----------------------
		
		--- back.out ------------------------
		--- result.error ---
		--- front.err -----------------------
		
		--- back.err ------------------------
	fail [ 0/1 ][ C++  Ast  C++   JBC ] Expect errorous compilation: Frontend and Backend failed.
		--- result.out ---
		--- front.out -----------------------
		
		--- back.out ------------------------
		--- result.error ---
		--- front.err -----------------------
		
		--- back.err ------------------------
[ 141/364 ] misc/unsorted/helloworld.rail
	fail [ 1/1 ][ C++  Ast  C++   JBC ] Output != expectation
		Command: java -XX:-UseSplitVerifier -cp tmp/misc/unsorted/ helloworld_cppCpp
		--- result.out ---
		Hello World\n\
		--- result.error ---
		
		--- expected.out ---
		Hello World
		--- expected.error ---
		
[ 142/364 ] misc/unsorted/helloworld_nobraces.rail
[ 143/364 ] misc/unsorted/integertest.rail
	fail [ 0/1 ][ C++       C++   JBC ] Expect errorous compilation: Frontend and Backend failed.
		--- result.out ---
		--- front.out -----------------------
		
		--- back.out ------------------------
		--- result.error ---
		--- front.err -----------------------
		
		--- back.err ------------------------
	fail [ 0/1 ][ C++  Ast  C++   JBC ] Expect errorous compilation: Frontend and Backend failed.
		--- result.out ---
		--- front.out -----------------------
		
		--- back.out ------------------------
		--- result.error ---
		--- front.err -----------------------
		
		--- back.err ------------------------
[ 144/364 ] misc/unsorted/just_dollar.rail
[ 145/364 ] misc/unsorted/loop_infinite_1o.rail
	fail [ 0/1 ][ C++       C++   JBC ] Expect successful compilation: Frontend and Backend failed.
		--- result.out ---
		--- front.out -----------------------
		
		--- back.out ------------------------
		--- result.error ---
		--- front.err -----------------------
		
		--- back.err ------------------------
	fail [ 0/1 ][ C++  Ast  C++   JBC ] Expect successful compilation: Backend failed.
		Process timeout (2.0s)
		--- result.out ---
		
		--- result.error ---
		
[ 146/364 ] misc/unsorted/loop_infinite_empty.rail
	fail [ 0/1 ][ C++       C++   JBC ] Expect successful compilation: Frontend and Backend failed.
		--- result.out ---
		--- front.out -----------------------
		warning: empty infinite loop detected!
		--- back.out ------------------------
		warning: empty infinite loop detected!
		--- result.error ---
		--- front.err -----------------------
		[Error][Unknown] An unhandled exception occurred
		--- back.err ------------------------
		[Error][Unknown] An unhandled exception occurred
	fail [ 0/1 ][ C++  Ast  C++   JBC ] Expect successful compilation: Backend failed.
		--- result.out ---
		
		--- result.error ---
		[Error][Unknown] An unhandled exception occurred
[ 147/364 ] misc/unsorted/mod_floats.rail
	fail [ 1/1 ][ C++       C++   JBC ] Output != expectation
		Command: java -XX:-UseSplitVerifier -cp tmp/misc/unsorted/ mod_floats_cpp
		--- result.out ---
		1
		--- result.error ---
		
		--- expected.out ---
		0.2608695652173913
		--- expected.error ---
		
	fail [ 1/1 ][ C++  Ast  C++   JBC ] Output != expectation
		Command: java -XX:-UseSplitVerifier -cp tmp/misc/unsorted/ mod_floats_cppCpp
		--- result.out ---
		1
		--- result.error ---
		
		--- expected.out ---
		0.2608695652173913
		--- expected.error ---
		
[ 148/364 ] misc/unsorted/mod_floats_fail.rail
	fail [ 1/1 ][ C++       C++   JBC ] Output != expectation
		Command: java -XX:-UseSplitVerifier -cp tmp/misc/unsorted/ mod_floats_fail_cpp
		--- result.out ---
		1
		--- result.error ---
		
		--- expected.out ---
		
		--- expected.error ---
		Crash: type mismatch
	fail [ 1/1 ][ C++  Ast  C++   JBC ] Output != expectation
		Command: java -XX:-UseSplitVerifier -cp tmp/misc/unsorted/ mod_floats_fail_cppCpp
		--- result.out ---
		1
		--- result.error ---
		
		--- expected.out ---
		
		--- expected.error ---
		Crash: type mismatch
[ 149/364 ] misc/unsorted/mod_floats_fail2.rail
		Command: java -XX:-UseSplitVerifier -cp tmp/misc/unsorted/ mod_floats_fail2_cpp
		--- result.out ---
		
		--- result.error ---
		Exception in thread "main" java.lang.ClassCastException: java.lang.String cannot be cast to java.lang.Integer
			at mod_floats_fail2_cpp.main(Unknown Source)
		--- expected.out ---
		
		--- expected.error ---
		Crash: type mismatch
		Command: java -XX:-UseSplitVerifier -cp tmp/misc/unsorted/ mod_floats_fail2_cppCpp
		--- result.out ---
		
		--- result.error ---
		Exception in thread "main" java.lang.ClassCastException: java.lang.String cannot be cast to java.lang.Integer
			at mod_floats_fail2_cppCpp.main(Unknown Source)
		--- expected.out ---
		
		--- expected.error ---
		Crash: type mismatch
[ 150/364 ] misc/unsorted/mod_floats_negativ.rail
	fail [ 1/1 ][ C++       C++   JBC ] Output != expectation
		Command: java -XX:-UseSplitVerifier -cp tmp/misc/unsorted/ mod_floats_negativ_cpp
		--- result.out ---
		-1
		--- result.error ---
		
		--- expected.out ---
		-0.2608695652173913
		--- expected.error ---
		
	fail [ 1/1 ][ C++  Ast  C++   JBC ] Output != expectation
		Command: java -XX:-UseSplitVerifier -cp tmp/misc/unsorted/ mod_floats_negativ_cppCpp
		--- result.out ---
		-1
		--- result.error ---
		
		--- expected.out ---
		-0.2608695652173913
		--- expected.error ---
		
[ 151/364 ] misc/unsorted/mod_negativ.rail
	fail [ 1/1 ][ C++       C++   JBC ] Output != expectation
		Command: java -XX:-UseSplitVerifier -cp tmp/misc/unsorted/ mod_negativ_cpp
		--- result.out ---
		1
		--- result.error ---
		
		--- expected.out ---
		-1
		--- expected.error ---
		
	fail [ 1/1 ][ C++  Ast  C++   JBC ] Output != expectation
		Command: java -XX:-UseSplitVerifier -cp tmp/misc/unsorted/ mod_negativ_cppCpp
		--- result.out ---
		1
		--- result.error ---
		
		--- expected.out ---
		-1
		--- expected.error ---
		
[ 152/364 ] misc/unsorted/mod_negativ_fail.rail
	fail [ 1/1 ][ C++       C++   JBC ] Output != expectation
		Command: java -XX:-UseSplitVerifier -cp tmp/misc/unsorted/ mod_negativ_fail_cpp
		--- result.out ---
		1
		--- result.error ---
		
		--- expected.out ---
		
		--- expected.error ---
		Crash: type mismatch
	fail [ 1/1 ][ C++  Ast  C++   JBC ] Output != expectation
		Command: java -XX:-UseSplitVerifier -cp tmp/misc/unsorted/ mod_negativ_fail_cppCpp
		--- result.out ---
		1
		--- result.error ---
		
		--- expected.out ---
		
		--- expected.error ---
		Crash: type mismatch
[ 153/364 ] misc/unsorted/multi_use_add.rail
[ 154/364 ] misc/unsorted/multi_use_app.rail
[ 155/364 ] misc/unsorted/multi_use_boom.rail
		Command: java -XX:-UseSplitVerifier -cp tmp/misc/unsorted/ multi_use_boom_cpp
		--- result.out ---
		
		--- result.error ---
		Exception in thread "main" java.lang.VerifyError: (class: multi_use_boom_cpp, method: main signature: ([Ljava/lang/String;)V) Illegal local variable number
			at java.lang.Class.getDeclaredMethods0(Native Method)
			at java.lang.Class.privateGetDeclaredMethods(Class.java:2570)
			at java.lang.Class.getMethod0(Class.java:2813)
			at java.lang.Class.getMethod(Class.java:1663)
			at sun.launcher.LauncherHelper.getMainMethod(LauncherHelper.java:494)
			at sun.launcher.LauncherHelper.checkAndLoadMain(LauncherHelper.java:486)
		--- expected.out ---
		
		--- expected.error ---
		Crash: custom error: b
		Command: java -XX:-UseSplitVerifier -cp tmp/misc/unsorted/ multi_use_boom_cppCpp
		--- result.out ---
		
		--- result.error ---
		Exception in thread "main" java.lang.VerifyError: (class: multi_use_boom_cppCpp, method: main signature: ([Ljava/lang/String;)V) Illegal local variable number
			at java.lang.Class.getDeclaredMethods0(Native Method)
			at java.lang.Class.privateGetDeclaredMethods(Class.java:2570)
			at java.lang.Class.getMethod0(Class.java:2813)
			at java.lang.Class.getMethod(Class.java:1663)
			at sun.launcher.LauncherHelper.getMainMethod(LauncherHelper.java:494)
			at sun.launcher.LauncherHelper.checkAndLoadMain(LauncherHelper.java:486)
		--- expected.out ---
		
		--- expected.error ---
		Crash: custom error: b
[ 156/364 ] misc/unsorted/multi_use_breakup.rail
	fail [ 1/1 ][ C++       C++   JBC ] Program failed (unexpectedly).
		Command: java -XX:-UseSplitVerifier -cp tmp/misc/unsorted/ multi_use_breakup_cpp
		--- result.out ---
		
		--- result.error ---
		Exception in thread "main" java.lang.ClassCastException: java.lang.Integer cannot be cast to java.util.ArrayList
			at multi_use_breakup_cpp.main(Unknown Source)
		--- expected.out ---
		a
		--- expected.error ---
		
	fail [ 1/1 ][ C++  Ast  C++   JBC ] Program failed (unexpectedly).
		Command: java -XX:-UseSplitVerifier -cp tmp/misc/unsorted/ multi_use_breakup_cppCpp
		--- result.out ---
		
		--- result.error ---
		Exception in thread "main" java.lang.ClassCastException: java.lang.Integer cannot be cast to java.util.ArrayList
			at multi_use_breakup_cppCpp.main(Unknown Source)
		--- expected.out ---
		a
		--- expected.error ---
		
[ 157/364 ] misc/unsorted/multi_use_concat.rail
	fail [ 1/1 ][ C++       C++   JBC ] Program failed (unexpectedly).
		Command: java -XX:-UseSplitVerifier -cp tmp/misc/unsorted/ multi_use_concat_cpp
		--- result.out ---
		
		--- result.error ---
		Exception in thread "main" java.lang.VerifyError: (class: multi_use_concat_cpp, method: main signature: ([Ljava/lang/String;)V) Illegal local variable number
			at java.lang.Class.getDeclaredMethods0(Native Method)
			at java.lang.Class.privateGetDeclaredMethods(Class.java:2570)
			at java.lang.Class.getMethod0(Class.java:2813)
			at java.lang.Class.getMethod(Class.java:1663)
			at sun.launcher.LauncherHelper.getMainMethod(LauncherHelper.java:494)
			at sun.launcher.LauncherHelper.checkAndLoadMain(LauncherHelper.java:486)
		--- expected.out ---
		<cons "a" "2">
		--- expected.error ---
		
	fail [ 1/1 ][ C++  Ast  C++   JBC ] Program failed (unexpectedly).
		Command: java -XX:-UseSplitVerifier -cp tmp/misc/unsorted/ multi_use_concat_cppCpp
		--- result.out ---
		
		--- result.error ---
		Exception in thread "main" java.lang.VerifyError: (class: multi_use_concat_cppCpp, method: main signature: ([Ljava/lang/String;)V) Illegal local variable number
			at java.lang.Class.getDeclaredMethods0(Native Method)
			at java.lang.Class.privateGetDeclaredMethods(Class.java:2570)
			at java.lang.Class.getMethod0(Class.java:2813)
			at java.lang.Class.getMethod(Class.java:1663)
			at sun.launcher.LauncherHelper.getMainMethod(LauncherHelper.java:494)
			at sun.launcher.LauncherHelper.checkAndLoadMain(LauncherHelper.java:486)
		--- expected.out ---
		<cons "a" "2">
		--- expected.error ---
		
[ 158/364 ] misc/unsorted/multi_use_cut.rail
	fail [ 1/1 ][ C++  Ast  C++   JBC ] Program failed (unexpectedly).
		Command: java -XX:-UseSplitVerifier -cp tmp/misc/unsorted/ multi_use_cut_cppCpp
		--- result.out ---
		
		--- result.error ---
		Exception in thread "main" java.lang.VerifyError: (class: multi_use_cut_cppCpp, method: main signature: ([Ljava/lang/String;)V) Accessing value from uninitialized register 5
			at java.lang.Class.getDeclaredMethods0(Native Method)
			at java.lang.Class.privateGetDeclaredMethods(Class.java:2570)
			at java.lang.Class.getMethod0(Class.java:2813)
			at java.lang.Class.getMethod(Class.java:1663)
			at sun.launcher.LauncherHelper.getMainMethod(LauncherHelper.java:494)
			at sun.launcher.LauncherHelper.checkAndLoadMain(LauncherHelper.java:486)
		--- expected.out ---
		off
		--- expected.error ---
		
[ 159/364 ] misc/unsorted/multi_use_div.rail
	fail [ 1/1 ][ C++  Ast  C++   JBC ] Program failed (unexpectedly).
		Command: java -XX:-UseSplitVerifier -cp tmp/misc/unsorted/ multi_use_div_cppCpp
		--- result.out ---
		
		--- result.error ---
		Exception in thread "main" java.lang.VerifyError: (class: multi_use_div_cppCpp, method: main signature: ([Ljava/lang/String;)V) Accessing value from uninitialized register 5
			at java.lang.Class.getDeclaredMethods0(Native Method)
			at java.lang.Class.privateGetDeclaredMethods(Class.java:2570)
			at java.lang.Class.getMethod0(Class.java:2813)
			at java.lang.Class.getMethod(Class.java:1663)
			at sun.launcher.LauncherHelper.getMainMethod(LauncherHelper.java:494)
			at sun.launcher.LauncherHelper.checkAndLoadMain(LauncherHelper.java:486)
		--- expected.out ---
		2
		--- expected.error ---
		
[ 160/364 ] misc/unsorted/multi_use_end.rail
	fail [ 1/1 ][ C++       C++   JBC ] Program failed (unexpectedly).
		Command: java -XX:-UseSplitVerifier -cp tmp/misc/unsorted/ multi_use_end_cpp
		--- result.out ---
		
		--- result.error ---
		Exception in thread "main" java.lang.VerifyError: (class: multi_use_end_cpp, method: main signature: ([Ljava/lang/String;)V) Illegal local variable number
			at java.lang.Class.getDeclaredMethods0(Native Method)
			at java.lang.Class.privateGetDeclaredMethods(Class.java:2570)
			at java.lang.Class.getMethod0(Class.java:2813)
			at java.lang.Class.getMethod(Class.java:1663)
			at sun.launcher.LauncherHelper.getMainMethod(LauncherHelper.java:494)
			at sun.launcher.LauncherHelper.checkAndLoadMain(LauncherHelper.java:486)
		--- expected.out ---
		
		--- expected.error ---
		
	fail [ 1/1 ][ C++  Ast  C++   JBC ] Program failed (unexpectedly).
		Command: java -XX:-UseSplitVerifier -cp tmp/misc/unsorted/ multi_use_end_cppCpp
		--- result.out ---
		
		--- result.error ---
		Exception in thread "main" java.lang.VerifyError: (class: multi_use_end_cppCpp, method: main signature: ([Ljava/lang/String;)V) Illegal local variable number
			at java.lang.Class.getDeclaredMethods0(Native Method)
			at java.lang.Class.privateGetDeclaredMethods(Class.java:2570)
			at java.lang.Class.getMethod0(Class.java:2813)
			at java.lang.Class.getMethod(Class.java:1663)
			at sun.launcher.LauncherHelper.getMainMethod(LauncherHelper.java:494)
			at sun.launcher.LauncherHelper.checkAndLoadMain(LauncherHelper.java:486)
		--- expected.out ---
		
		--- expected.error ---
		
[ 161/364 ] misc/unsorted/multi_use_eof.rail
	fail [ 1/1 ][ C++       C++   JBC ] Program failed (unexpectedly).
		Command: java -XX:-UseSplitVerifier -cp tmp/misc/unsorted/ multi_use_eof_cpp
		--- result.out ---
		
		--- result.error ---
		Exception in thread "main" java.lang.VerifyError: (class: multi_use_eof_cpp, method: main signature: ([Ljava/lang/String;)V) Illegal local variable number
			at java.lang.Class.getDeclaredMethods0(Native Method)
			at java.lang.Class.privateGetDeclaredMethods(Class.java:2570)
			at java.lang.Class.getMethod0(Class.java:2813)
			at java.lang.Class.getMethod(Class.java:1663)
			at sun.launcher.LauncherHelper.getMainMethod(LauncherHelper.java:494)
			at sun.launcher.LauncherHelper.checkAndLoadMain(LauncherHelper.java:486)
		--- expected.out ---
		0
		--- expected.error ---
		
	fail [ 1/1 ][ C++  Ast  C++   JBC ] Program failed (unexpectedly).
		Command: java -XX:-UseSplitVerifier -cp tmp/misc/unsorted/ multi_use_eof_cppCpp
		--- result.out ---
		
		--- result.error ---
		Exception in thread "main" java.lang.VerifyError: (class: multi_use_eof_cppCpp, method: main signature: ([Ljava/lang/String;)V) Illegal local variable number
			at java.lang.Class.getDeclaredMethods0(Native Method)
			at java.lang.Class.privateGetDeclaredMethods(Class.java:2570)
			at java.lang.Class.getMethod0(Class.java:2813)
			at java.lang.Class.getMethod(Class.java:1663)
			at sun.launcher.LauncherHelper.getMainMethod(LauncherHelper.java:494)
			at sun.launcher.LauncherHelper.checkAndLoadMain(LauncherHelper.java:486)
		--- expected.out ---
		0
		--- expected.error ---
		
[ 162/364 ] misc/unsorted/multi_use_equal.rail
[ 163/364 ] misc/unsorted/multi_use_false.rail
	fail [ 1/1 ][ C++       C++   JBC ] Program failed (unexpectedly).
		Command: java -XX:-UseSplitVerifier -cp tmp/misc/unsorted/ multi_use_false_cpp
		--- result.out ---
		
		--- result.error ---
		Exception in thread "main" java.lang.VerifyError: (class: multi_use_false_cpp, method: main signature: ([Ljava/lang/String;)V) Illegal local variable number
			at java.lang.Class.getDeclaredMethods0(Native Method)
			at java.lang.Class.privateGetDeclaredMethods(Class.java:2570)
			at java.lang.Class.getMethod0(Class.java:2813)
			at java.lang.Class.getMethod(Class.java:1663)
			at sun.launcher.LauncherHelper.getMainMethod(LauncherHelper.java:494)
			at sun.launcher.LauncherHelper.checkAndLoadMain(LauncherHelper.java:486)
		--- expected.out ---
		0
		--- expected.error ---
		
	fail [ 1/1 ][ C++  Ast  C++   JBC ] Program failed (unexpectedly).
		Command: java -XX:-UseSplitVerifier -cp tmp/misc/unsorted/ multi_use_false_cppCpp
		--- result.out ---
		
		--- result.error ---
		Exception in thread "main" java.lang.VerifyError: (class: multi_use_false_cppCpp, method: main signature: ([Ljava/lang/String;)V) Illegal local variable number
			at java.lang.Class.getDeclaredMethods0(Native Method)
			at java.lang.Class.privateGetDeclaredMethods(Class.java:2570)
			at java.lang.Class.getMethod0(Class.java:2813)
			at java.lang.Class.getMethod(Class.java:1663)
			at sun.launcher.LauncherHelper.getMainMethod(LauncherHelper.java:494)
			at sun.launcher.LauncherHelper.checkAndLoadMain(LauncherHelper.java:486)
		--- expected.out ---
		0
		--- expected.error ---
		
[ 164/364 ] misc/unsorted/multi_use_greater.rail
[ 165/364 ] misc/unsorted/multi_use_input.rail
	fail [ 1/2 ][ C++       C++   JBC ] Program failed (unexpectedly).
		Command: java -XX:-UseSplitVerifier -cp tmp/misc/unsorted/ multi_use_input_cpp
		--- result.out ---
		
		--- result.error ---
		Exception in thread "main" java.lang.VerifyError: (class: multi_use_input_cpp, method: main signature: ([Ljava/lang/String;)V) Expecting to find object/array on stack
			at java.lang.Class.getDeclaredMethods0(Native Method)
			at java.lang.Class.privateGetDeclaredMethods(Class.java:2570)
			at java.lang.Class.getMethod0(Class.java:2813)
			at java.lang.Class.getMethod(Class.java:1663)
			at sun.launcher.LauncherHelper.getMainMethod(LauncherHelper.java:494)
			at sun.launcher.LauncherHelper.checkAndLoadMain(LauncherHelper.java:486)
		--- expected.out ---
		5
		--- expected.error ---
		
	fail [ 2/2 ][ C++       C++   JBC ] Program failed (unexpectedly).
		Command: java -XX:-UseSplitVerifier -cp tmp/misc/unsorted/ multi_use_input_cpp
		--- result.out ---
		
		--- result.error ---
		Exception in thread "main" java.lang.VerifyError: (class: multi_use_input_cpp, method: main signature: ([Ljava/lang/String;)V) Expecting to find object/array on stack
			at java.lang.Class.getDeclaredMethods0(Native Method)
			at java.lang.Class.privateGetDeclaredMethods(Class.java:2570)
			at java.lang.Class.getMethod0(Class.java:2813)
			at java.lang.Class.getMethod(Class.java:1663)
			at sun.launcher.LauncherHelper.getMainMethod(LauncherHelper.java:494)
			at sun.launcher.LauncherHelper.checkAndLoadMain(LauncherHelper.java:486)
		--- expected.out ---
		H
		--- expected.error ---
		
	fail [ 1/2 ][ C++  Ast  C++   JBC ] Program failed (unexpectedly).
		Command: java -XX:-UseSplitVerifier -cp tmp/misc/unsorted/ multi_use_input_cppCpp
		--- result.out ---
		
		--- result.error ---
		Exception in thread "main" java.lang.VerifyError: (class: multi_use_input_cppCpp, method: main signature: ([Ljava/lang/String;)V) Expecting to find object/array on stack
			at java.lang.Class.getDeclaredMethods0(Native Method)
			at java.lang.Class.privateGetDeclaredMethods(Class.java:2570)
			at java.lang.Class.getMethod0(Class.java:2813)
			at java.lang.Class.getMethod(Class.java:1663)
			at sun.launcher.LauncherHelper.getMainMethod(LauncherHelper.java:494)
			at sun.launcher.LauncherHelper.checkAndLoadMain(LauncherHelper.java:486)
		--- expected.out ---
		5
		--- expected.error ---
		
	fail [ 2/2 ][ C++  Ast  C++   JBC ] Program failed (unexpectedly).
		Command: java -XX:-UseSplitVerifier -cp tmp/misc/unsorted/ multi_use_input_cppCpp
		--- result.out ---
		
		--- result.error ---
		Exception in thread "main" java.lang.VerifyError: (class: multi_use_input_cppCpp, method: main signature: ([Ljava/lang/String;)V) Expecting to find object/array on stack
			at java.lang.Class.getDeclaredMethods0(Native Method)
			at java.lang.Class.privateGetDeclaredMethods(Class.java:2570)
			at java.lang.Class.getMethod0(Class.java:2813)
			at java.lang.Class.getMethod(Class.java:1663)
			at sun.launcher.LauncherHelper.getMainMethod(LauncherHelper.java:494)
			at sun.launcher.LauncherHelper.checkAndLoadMain(LauncherHelper.java:486)
		--- expected.out ---
		H
		--- expected.error ---
		
[ 166/364 ] misc/unsorted/multi_use_junction.rail
[ 167/364 ] misc/unsorted/multi_use_lambda.rail
	fail [ 0/1 ][ C++       C++   JBC ] Expect successful compilation: Frontend and Backend failed.
		--- result.out ---
		--- front.out -----------------------
		
		--- back.out ------------------------
		--- result.error ---
		--- front.err -----------------------
		[Error][Unknown] An unhandled exception occurred
		--- back.err ------------------------
		[Error][Unknown] An unhandled exception occurred
	fail [ 1/1 ][ C++  Ast  C++   JBC ] Program failed (unexpectedly).
		Command: java -XX:-UseSplitVerifier -cp tmp/misc/unsorted/ multi_use_lambda_cppCpp
		--- result.out ---
		
		--- result.error ---
		Fehler: Hauptmethode in Klasse multi_use_lambda_cppCpp nicht gefunden. Definieren Sie die Hauptmethode als:
		   public static void main(String[] args)
		--- expected.out ---
		1
		--- expected.error ---
		
[ 168/364 ] misc/unsorted/multi_use_mod.rail
[ 169/364 ] misc/unsorted/multi_use_mult.rail
[ 170/364 ] misc/unsorted/multi_use_nil.rail
	fail [ 1/1 ][ C++       C++   JBC ] Program failed (unexpectedly).
		Command: java -XX:-UseSplitVerifier -cp tmp/misc/unsorted/ multi_use_nil_cpp
		--- result.out ---
		
		--- result.error ---
		Exception in thread "main" java.lang.VerifyError: (class: multi_use_nil_cpp, method: main signature: ([Ljava/lang/String;)V) Illegal local variable number
			at java.lang.Class.getDeclaredMethods0(Native Method)
			at java.lang.Class.privateGetDeclaredMethods(Class.java:2570)
			at java.lang.Class.getMethod0(Class.java:2813)
			at java.lang.Class.getMethod(Class.java:1663)
			at sun.launcher.LauncherHelper.getMainMethod(LauncherHelper.java:494)
			at sun.launcher.LauncherHelper.checkAndLoadMain(LauncherHelper.java:486)
		--- expected.out ---
		<NIL>
		--- expected.error ---
		
	fail [ 1/1 ][ C++  Ast  C++   JBC ] Program failed (unexpectedly).
		Command: java -XX:-UseSplitVerifier -cp tmp/misc/unsorted/ multi_use_nil_cppCpp
		--- result.out ---
		
		--- result.error ---
		Exception in thread "main" java.lang.VerifyError: (class: multi_use_nil_cppCpp, method: main signature: ([Ljava/lang/String;)V) Illegal local variable number
			at java.lang.Class.getDeclaredMethods0(Native Method)
			at java.lang.Class.privateGetDeclaredMethods(Class.java:2570)
			at java.lang.Class.getMethod0(Class.java:2813)
			at java.lang.Class.getMethod(Class.java:1663)
			at sun.launcher.LauncherHelper.getMainMethod(LauncherHelper.java:494)
			at sun.launcher.LauncherHelper.checkAndLoadMain(LauncherHelper.java:486)
		--- expected.out ---
		<NIL>
		--- expected.error ---
		
[ 171/364 ] misc/unsorted/multi_use_output.rail
	fail [ 1/1 ][ C++       C++   JBC ] Program failed (unexpectedly).
		Command: java -XX:-UseSplitVerifier -cp tmp/misc/unsorted/ multi_use_output_cpp
		--- result.out ---
		
		--- result.error ---
		Exception in thread "main" java.lang.VerifyError: (class: multi_use_output_cpp, method: main signature: ([Ljava/lang/String;)V) Illegal local variable number
			at java.lang.Class.getDeclaredMethods0(Native Method)
			at java.lang.Class.privateGetDeclaredMethods(Class.java:2570)
			at java.lang.Class.getMethod0(Class.java:2813)
			at java.lang.Class.getMethod(Class.java:1663)
			at sun.launcher.LauncherHelper.getMainMethod(LauncherHelper.java:494)
			at sun.launcher.LauncherHelper.checkAndLoadMain(LauncherHelper.java:486)
		--- expected.out ---
		o
		--- expected.error ---
		
	fail [ 1/1 ][ C++  Ast  C++   JBC ] Program failed (unexpectedly).
		Command: java -XX:-UseSplitVerifier -cp tmp/misc/unsorted/ multi_use_output_cppCpp
		--- result.out ---
		
		--- result.error ---
		Exception in thread "main" java.lang.VerifyError: (class: multi_use_output_cppCpp, method: main signature: ([Ljava/lang/String;)V) Illegal local variable number
			at java.lang.Class.getDeclaredMethods0(Native Method)
			at java.lang.Class.privateGetDeclaredMethods(Class.java:2570)
			at java.lang.Class.getMethod0(Class.java:2813)
			at java.lang.Class.getMethod(Class.java:1663)
			at sun.launcher.LauncherHelper.getMainMethod(LauncherHelper.java:494)
			at sun.launcher.LauncherHelper.checkAndLoadMain(LauncherHelper.java:486)
		--- expected.out ---
		o
		--- expected.error ---
		
[ 172/364 ] misc/unsorted/multi_use_reflector.rail
	fail [ 1/1 ][ C++       C++   JBC ] Program failed (unexpectedly).
		Command: java -XX:-UseSplitVerifier -cp tmp/misc/unsorted/ multi_use_reflector_cpp
		--- result.out ---
		
		--- result.error ---
		Exception in thread "main" java.lang.VerifyError: (class: multi_use_reflector_cpp, method: main signature: ([Ljava/lang/String;)V) Illegal local variable number
			at java.lang.Class.getDeclaredMethods0(Native Method)
			at java.lang.Class.privateGetDeclaredMethods(Class.java:2570)
			at java.lang.Class.getMethod0(Class.java:2813)
			at java.lang.Class.getMethod(Class.java:1663)
			at sun.launcher.LauncherHelper.getMainMethod(LauncherHelper.java:494)
			at sun.launcher.LauncherHelper.checkAndLoadMain(LauncherHelper.java:486)
		--- expected.out ---
		1
		--- expected.error ---
		
	fail [ 1/1 ][ C++  Ast  C++   JBC ] Program failed (unexpectedly).
		Command: java -XX:-UseSplitVerifier -cp tmp/misc/unsorted/ multi_use_reflector_cppCpp
		--- result.out ---
		
		--- result.error ---
		Exception in thread "main" java.lang.VerifyError: (class: multi_use_reflector_cppCpp, method: main signature: ([Ljava/lang/String;)V) Illegal local variable number
			at java.lang.Class.getDeclaredMethods0(Native Method)
			at java.lang.Class.privateGetDeclaredMethods(Class.java:2570)
			at java.lang.Class.getMethod0(Class.java:2813)
			at java.lang.Class.getMethod(Class.java:1663)
			at sun.launcher.LauncherHelper.getMainMethod(LauncherHelper.java:494)
			at sun.launcher.LauncherHelper.checkAndLoadMain(LauncherHelper.java:486)
		--- expected.out ---
		1
		--- expected.error ---
		
[ 173/364 ] misc/unsorted/multi_use_size.rail
	fail [ 1/1 ][ C++       C++   JBC ] Program failed (unexpectedly).
		Command: java -XX:-UseSplitVerifier -cp tmp/misc/unsorted/ multi_use_size_cpp
		--- result.out ---
		
		--- result.error ---
		Exception in thread "main" java.lang.VerifyError: (class: multi_use_size_cpp, method: main signature: ([Ljava/lang/String;)V) Illegal local variable number
			at java.lang.Class.getDeclaredMethods0(Native Method)
			at java.lang.Class.privateGetDeclaredMethods(Class.java:2570)
			at java.lang.Class.getMethod0(Class.java:2813)
			at java.lang.Class.getMethod(Class.java:1663)
			at sun.launcher.LauncherHelper.getMainMethod(LauncherHelper.java:494)
			at sun.launcher.LauncherHelper.checkAndLoadMain(LauncherHelper.java:486)
		--- expected.out ---
		4
		--- expected.error ---
		
	fail [ 1/1 ][ C++  Ast  C++   JBC ] Program failed (unexpectedly).
		Command: java -XX:-UseSplitVerifier -cp tmp/misc/unsorted/ multi_use_size_cppCpp
		--- result.out ---
		
		--- result.error ---
		Exception in thread "main" java.lang.VerifyError: (class: multi_use_size_cppCpp, method: main signature: ([Ljava/lang/String;)V) Illegal local variable number
			at java.lang.Class.getDeclaredMethods0(Native Method)
			at java.lang.Class.privateGetDeclaredMethods(Class.java:2570)
			at java.lang.Class.getMethod0(Class.java:2813)
			at java.lang.Class.getMethod(Class.java:1663)
			at sun.launcher.LauncherHelper.getMainMethod(LauncherHelper.java:494)
			at sun.launcher.LauncherHelper.checkAndLoadMain(LauncherHelper.java:486)
		--- expected.out ---
		4
		--- expected.error ---
		
[ 174/364 ] misc/unsorted/multi_use_slash.rail
	fail [ 1/1 ][ C++       C++   JBC ] Program failed (unexpectedly).
		Command: java -XX:-UseSplitVerifier -cp tmp/misc/unsorted/ multi_use_slash_cpp
		--- result.out ---
		
		--- result.error ---
		Exception in thread "main" java.lang.VerifyError: (class: multi_use_slash_cpp, method: main signature: ([Ljava/lang/String;)V) Illegal local variable number
			at java.lang.Class.getDeclaredMethods0(Native Method)
			at java.lang.Class.privateGetDeclaredMethods(Class.java:2570)
			at java.lang.Class.getMethod0(Class.java:2813)
			at java.lang.Class.getMethod(Class.java:1663)
			at sun.launcher.LauncherHelper.getMainMethod(LauncherHelper.java:494)
			at sun.launcher.LauncherHelper.checkAndLoadMain(LauncherHelper.java:486)
		--- expected.out ---
		/
		--- expected.error ---
		
	fail [ 1/1 ][ C++  Ast  C++   JBC ] Program failed (unexpectedly).
		Command: java -XX:-UseSplitVerifier -cp tmp/misc/unsorted/ multi_use_slash_cppCpp
		--- result.out ---
		
		--- result.error ---
		Exception in thread "main" java.lang.VerifyError: (class: multi_use_slash_cppCpp, method: main signature: ([Ljava/lang/String;)V) Illegal local variable number
			at java.lang.Class.getDeclaredMethods0(Native Method)
			at java.lang.Class.privateGetDeclaredMethods(Class.java:2570)
			at java.lang.Class.getMethod0(Class.java:2813)
			at java.lang.Class.getMethod(Class.java:1663)
			at sun.launcher.LauncherHelper.getMainMethod(LauncherHelper.java:494)
			at sun.launcher.LauncherHelper.checkAndLoadMain(LauncherHelper.java:486)
		--- expected.out ---
		/
		--- expected.error ---
		
[ 175/364 ] misc/unsorted/multi_use_sub.rail
	fail [ 1/1 ][ C++  Ast  C++   JBC ] Program failed (unexpectedly).
		Command: java -XX:-UseSplitVerifier -cp tmp/misc/unsorted/ multi_use_sub_cppCpp
		--- result.out ---
		
		--- result.error ---
		Exception in thread "main" java.lang.VerifyError: (class: multi_use_sub_cppCpp, method: main signature: ([Ljava/lang/String;)V) Accessing value from uninitialized register 5
			at java.lang.Class.getDeclaredMethods0(Native Method)
			at java.lang.Class.privateGetDeclaredMethods(Class.java:2570)
			at java.lang.Class.getMethod0(Class.java:2813)
			at java.lang.Class.getMethod(Class.java:1663)
			at sun.launcher.LauncherHelper.getMainMethod(LauncherHelper.java:494)
			at sun.launcher.LauncherHelper.checkAndLoadMain(LauncherHelper.java:486)
		--- expected.out ---
		6
		--- expected.error ---
		
[ 176/364 ] misc/unsorted/multi_use_true.rail
	fail [ 1/1 ][ C++       C++   JBC ] Program failed (unexpectedly).
		Command: java -XX:-UseSplitVerifier -cp tmp/misc/unsorted/ multi_use_true_cpp
		--- result.out ---
		
		--- result.error ---
		Exception in thread "main" java.lang.VerifyError: (class: multi_use_true_cpp, method: main signature: ([Ljava/lang/String;)V) Illegal local variable number
			at java.lang.Class.getDeclaredMethods0(Native Method)
			at java.lang.Class.privateGetDeclaredMethods(Class.java:2570)
			at java.lang.Class.getMethod0(Class.java:2813)
			at java.lang.Class.getMethod(Class.java:1663)
			at sun.launcher.LauncherHelper.getMainMethod(LauncherHelper.java:494)
			at sun.launcher.LauncherHelper.checkAndLoadMain(LauncherHelper.java:486)
		--- expected.out ---
		1
		--- expected.error ---
		
	fail [ 1/1 ][ C++  Ast  C++   JBC ] Program failed (unexpectedly).
		Command: java -XX:-UseSplitVerifier -cp tmp/misc/unsorted/ multi_use_true_cppCpp
		--- result.out ---
		
		--- result.error ---
		Exception in thread "main" java.lang.VerifyError: (class: multi_use_true_cppCpp, method: main signature: ([Ljava/lang/String;)V) Illegal local variable number
			at java.lang.Class.getDeclaredMethods0(Native Method)
			at java.lang.Class.privateGetDeclaredMethods(Class.java:2570)
			at java.lang.Class.getMethod0(Class.java:2813)
			at java.lang.Class.getMethod(Class.java:1663)
			at sun.launcher.LauncherHelper.getMainMethod(LauncherHelper.java:494)
			at sun.launcher.LauncherHelper.checkAndLoadMain(LauncherHelper.java:486)
		--- expected.out ---
		1
		--- expected.error ---
		
[ 177/364 ] misc/unsorted/multi_use_type.rail
	fail [ 1/1 ][ C++       C++   JBC ] Program failed (unexpectedly).
		Command: java -XX:-UseSplitVerifier -cp tmp/misc/unsorted/ multi_use_type_cpp
		--- result.out ---
		
		--- result.error ---
		Exception in thread "main" java.lang.VerifyError: (class: multi_use_type_cpp, method: main signature: ([Ljava/lang/String;)V) Illegal local variable number
			at java.lang.Class.getDeclaredMethods0(Native Method)
			at java.lang.Class.privateGetDeclaredMethods(Class.java:2570)
			at java.lang.Class.getMethod0(Class.java:2813)
			at java.lang.Class.getMethod(Class.java:1663)
			at sun.launcher.LauncherHelper.getMainMethod(LauncherHelper.java:494)
			at sun.launcher.LauncherHelper.checkAndLoadMain(LauncherHelper.java:486)
		--- expected.out ---
		string
		--- expected.error ---
		
	fail [ 1/1 ][ C++  Ast  C++   JBC ] Program failed (unexpectedly).
		Command: java -XX:-UseSplitVerifier -cp tmp/misc/unsorted/ multi_use_type_cppCpp
		--- result.out ---
		
		--- result.error ---
		Exception in thread "main" java.lang.VerifyError: (class: multi_use_type_cppCpp, method: main signature: ([Ljava/lang/String;)V) Illegal local variable number
			at java.lang.Class.getDeclaredMethods0(Native Method)
			at java.lang.Class.privateGetDeclaredMethods(Class.java:2570)
			at java.lang.Class.getMethod0(Class.java:2813)
			at java.lang.Class.getMethod(Class.java:1663)
			at sun.launcher.LauncherHelper.getMainMethod(LauncherHelper.java:494)
			at sun.launcher.LauncherHelper.checkAndLoadMain(LauncherHelper.java:486)
		--- expected.out ---
		string
		--- expected.error ---
		
[ 178/364 ] misc/unsorted/multi_use_underflow.rail
	fail [ 1/1 ][ C++       C++   JBC ] Program failed (unexpectedly).
		Command: java -XX:-UseSplitVerifier -cp tmp/misc/unsorted/ multi_use_underflow_cpp
		--- result.out ---
		
		--- result.error ---
		Exception in thread "main" java.lang.VerifyError: (class: multi_use_underflow_cpp, method: main signature: ([Ljava/lang/String;)V) Illegal local variable number
			at java.lang.Class.getDeclaredMethods0(Native Method)
			at java.lang.Class.privateGetDeclaredMethods(Class.java:2570)
			at java.lang.Class.getMethod0(Class.java:2813)
			at java.lang.Class.getMethod(Class.java:1663)
			at sun.launcher.LauncherHelper.getMainMethod(LauncherHelper.java:494)
			at sun.launcher.LauncherHelper.checkAndLoadMain(LauncherHelper.java:486)
		--- expected.out ---
		3
		--- expected.error ---
		
	fail [ 1/1 ][ C++  Ast  C++   JBC ] Program failed (unexpectedly).
		Command: java -XX:-UseSplitVerifier -cp tmp/misc/unsorted/ multi_use_underflow_cppCpp
		--- result.out ---
		
		--- result.error ---
		Exception in thread "main" java.lang.VerifyError: (class: multi_use_underflow_cppCpp, method: main signature: ([Ljava/lang/String;)V) Illegal local variable number
			at java.lang.Class.getDeclaredMethods0(Native Method)
			at java.lang.Class.privateGetDeclaredMethods(Class.java:2570)
			at java.lang.Class.getMethod0(Class.java:2813)
			at java.lang.Class.getMethod(Class.java:1663)
			at sun.launcher.LauncherHelper.getMainMethod(LauncherHelper.java:494)
			at sun.launcher.LauncherHelper.checkAndLoadMain(LauncherHelper.java:486)
		--- expected.out ---
		3
		--- expected.error ---
		
[ 179/364 ] misc/unsorted/multi_use_x.rail
	fail [ 1/1 ][ C++       C++   JBC ] Program failed (unexpectedly).
		Command: java -XX:-UseSplitVerifier -cp tmp/misc/unsorted/ multi_use_x_cpp
		--- result.out ---
		
		--- result.error ---
		Exception in thread "main" java.lang.VerifyError: (class: multi_use_x_cpp, method: main signature: ([Ljava/lang/String;)V) Illegal local variable number
			at java.lang.Class.getDeclaredMethods0(Native Method)
			at java.lang.Class.privateGetDeclaredMethods(Class.java:2570)
			at java.lang.Class.getMethod0(Class.java:2813)
			at java.lang.Class.getMethod(Class.java:1663)
			at sun.launcher.LauncherHelper.getMainMethod(LauncherHelper.java:494)
			at sun.launcher.LauncherHelper.checkAndLoadMain(LauncherHelper.java:486)
		--- expected.out ---
		x
		--- expected.error ---
		
	fail [ 1/1 ][ C++  Ast  C++   JBC ] Program failed (unexpectedly).
		Command: java -XX:-UseSplitVerifier -cp tmp/misc/unsorted/ multi_use_x_cppCpp
		--- result.out ---
		
		--- result.error ---
		Exception in thread "main" java.lang.VerifyError: (class: multi_use_x_cppCpp, method: main signature: ([Ljava/lang/String;)V) Illegal local variable number
			at java.lang.Class.getDeclaredMethods0(Native Method)
			at java.lang.Class.privateGetDeclaredMethods(Class.java:2570)
			at java.lang.Class.getMethod0(Class.java:2813)
			at java.lang.Class.getMethod(Class.java:1663)
			at sun.launcher.LauncherHelper.getMainMethod(LauncherHelper.java:494)
			at sun.launcher.LauncherHelper.checkAndLoadMain(LauncherHelper.java:486)
		--- expected.out ---
		x
		--- expected.error ---
		
[ 180/364 ] misc/unsorted/multiple_main.rail
	fail [ 1/1 ][ C++       C++   JBC ] Output != expectation
		Command: java -XX:-UseSplitVerifier -cp tmp/misc/unsorted/ multiple_main_cpp
		--- result.out ---
		
		--- result.error ---
		
		--- expected.out ---
		fifthfunc
		--- expected.error ---
		
	fail [ 1/1 ][ C++  Ast  C++   JBC ] Output != expectation
		Command: java -XX:-UseSplitVerifier -cp tmp/misc/unsorted/ multiple_main_cppCpp
		--- result.out ---
		
		--- result.error ---
		
		--- expected.out ---
		fifthfunc
		--- expected.error ---
		
[ 181/364 ] misc/unsorted/no_dollarSign.rail
[ 182/364 ] misc/unsorted/no_param.rail
	fail [ 1/1 ][ C++  Ast  C++   JBC ] Output != expectation
		Command: java -XX:-UseSplitVerifier -cp tmp/misc/unsorted/ no_param_cppCpp
		--- result.out ---
		Hello World\n\
		--- result.error ---
		
		--- expected.out ---
		Hello World
		--- expected.error ---
		
[ 183/364 ] misc/unsorted/simplest_func.rail
[ 184/364 ] misc/unsorted/space_before_dollarSign.rail
[ 185/364 ] misc/unsorted/stack_underflow.rail
		Command: java -XX:-UseSplitVerifier -cp tmp/misc/unsorted/ stack_underflow_cpp
		--- result.out ---
		
		--- result.error ---
		Exception in thread "main" java.util.NoSuchElementException
			at java.util.ArrayDeque.removeFirst(ArrayDeque.java:278)
			at java.util.ArrayDeque.pop(ArrayDeque.java:507)
			at stack_underflow_cpp.main(Unknown Source)
		--- expected.out ---
		
		--- expected.error ---
		Crash: stack underflow
		Command: java -XX:-UseSplitVerifier -cp tmp/misc/unsorted/ stack_underflow_cppCpp
		--- result.out ---
		
		--- result.error ---
		Exception in thread "main" java.util.NoSuchElementException
			at java.util.ArrayDeque.removeFirst(ArrayDeque.java:278)
			at java.util.ArrayDeque.pop(ArrayDeque.java:507)
			at stack_underflow_cppCpp.main(Unknown Source)
		--- expected.out ---
		
		--- expected.error ---
		Crash: stack underflow
[ 186/364 ] misc/unsorted/startest.rail
[ 187/364 ] misc/unsorted/ultimate_rail_function.rail
	fail [ 0/2 ][ C++       C++   JBC ] Expect successful compilation: Frontend and Backend failed.
		--- result.out ---
		--- front.out -----------------------
		
		--- back.out ------------------------
		--- result.error ---
		--- front.err -----------------------
		
		--- back.err ------------------------
	fail [ 0/2 ][ C++  Ast  C++   JBC ] Expect successful compilation: Frontend failed.
		--- result.out ---
		
		--- result.error ---
		
[ 188/364 ] misc/unsorted/unknown_sign.rail
[ 189/364 ] misc/unsorted/without_main.rail
[ 190/364 ] movement/junction/crash_junc_plus.rail
[ 191/364 ] movement/junction/crash_junc_plus2.rail
[ 192/364 ] movement/junction/crash_junc_plus3.rail
[ 193/364 ] movement/junction/crash_junc_plus4.rail
[ 194/364 ] movement/junction/crash_junc_x.rail
[ 195/364 ] movement/junction/crash_junc_x2.rail
[ 196/364 ] movement/junction/crash_junc_x3.rail
[ 197/364 ] movement/junction/crash_junc_x4.rail
[ 198/364 ] movement/junction/crossroad_plus.rail
[ 199/364 ] movement/junction/crossroad_star.rail
[ 200/364 ] movement/junction/crossroad_x.rail
[ 201/364 ] movement/junction/crossroads.rail
[ 202/364 ] movement/junction/junc_star.rail
[ 203/364 ] movement/junction/uppercase_xjunc.rail
[ 204/364 ] movement/rail/crash.rail
[ 205/364 ] movement/rail/e_northeast.rail
[ 206/364 ] movement/rail/e_northeast2.rail
[ 207/364 ] movement/rail/e_northeast_star.rail
[ 208/364 ] movement/rail/e_northeast_star2.rail
[ 209/364 ] movement/rail/e_northeastx.rail
[ 210/364 ] movement/rail/e_smalllooptest.rail
	fail [ 0/1 ][ C++       C++   JBC ] Expect successful compilation: Frontend and Backend failed.
		--- result.out ---
		--- front.out -----------------------
		
		--- back.out ------------------------
		--- result.error ---
		--- front.err -----------------------
		
		--- back.err ------------------------
	fail [ 0/1 ][ C++  Ast  C++   JBC ] Expect successful compilation: Backend failed.
		Process timeout (2.0s)
		--- result.out ---
		
		--- result.error ---
		
[ 211/364 ] movement/rail/e_southeast.rail
[ 212/364 ] movement/rail/e_southeast2.rail
[ 213/364 ] movement/rail/e_southeast_star 2.rail
[ 214/364 ] movement/rail/e_southeast_star.rail
[ 215/364 ] movement/rail/e_southeastx.rail
[ 216/364 ] movement/rail/endless_WithNodes.rail
	fail [ 0/1 ][ C++  Ast  C++   JBC ] Expect errorous compilation: Frontend failed.
		--- result.out ---
		
		--- result.error ---
		
[ 217/364 ] movement/rail/endless_WithRails.rail
	fail [ 0/1 ][ C++  Ast  C++   JBC ] Expect errorous compilation: Frontend failed.
		--- result.out ---
		warning: empty infinite loop detected!
		--- result.error ---
		
[ 218/364 ] movement/rail/n_northeast.rail
[ 219/364 ] movement/rail/n_northeast2.rail
[ 220/364 ] movement/rail/n_northeast_star.rail
[ 221/364 ] movement/rail/n_northeast_star2.rail
[ 222/364 ] movement/rail/n_northeastx.rail
[ 223/364 ] movement/rail/n_northwest.rail
[ 224/364 ] movement/rail/n_northwest2.rail
[ 225/364 ] movement/rail/n_northwest_star.rail
[ 226/364 ] movement/rail/n_northwest_star2.rail
[ 227/364 ] movement/rail/n_northwestx.rail
[ 228/364 ] movement/rail/ne_east.rail
[ 229/364 ] movement/rail/ne_east2.rail
[ 230/364 ] movement/rail/ne_east_star.rail
	fail [ 0/1 ][ C++       C++   JBC ] Expect errorous compilation: Frontend and Backend failed.
		--- result.out ---
		--- front.out -----------------------
		
		--- back.out ------------------------
		--- result.error ---
		--- front.err -----------------------
		
		--- back.err ------------------------
	fail [ 0/1 ][ C++  Ast  C++   JBC ] Expect errorous compilation: Frontend and Backend failed.
		--- result.out ---
		--- front.out -----------------------
		
		--- back.out ------------------------
		--- result.error ---
		--- front.err -----------------------
		
		--- back.err ------------------------
[ 231/364 ] movement/rail/ne_east_star2.rail
[ 232/364 ] movement/rail/ne_eastx.rail
	fail [ 0/1 ][ C++       C++   JBC ] Expect errorous compilation: Frontend and Backend failed.
		--- result.out ---
		--- front.out -----------------------
		
		--- back.out ------------------------
		--- result.error ---
		--- front.err -----------------------
		
		--- back.err ------------------------
	fail [ 0/1 ][ C++  Ast  C++   JBC ] Expect errorous compilation: Frontend and Backend failed.
		--- result.out ---
		--- front.out -----------------------
		
		--- back.out ------------------------
		--- result.error ---
		--- front.err -----------------------
		
		--- back.err ------------------------
[ 233/364 ] movement/rail/ne_north.rail
[ 234/364 ] movement/rail/ne_north2.rail
[ 235/364 ] movement/rail/ne_north_star.rail
	fail [ 0/1 ][ C++       C++   JBC ] Expect errorous compilation: Frontend and Backend failed.
		--- result.out ---
		--- front.out -----------------------
		
		--- back.out ------------------------
		--- result.error ---
		--- front.err -----------------------
		
		--- back.err ------------------------
	fail [ 0/1 ][ C++  Ast  C++   JBC ] Expect errorous compilation: Frontend and Backend failed.
		--- result.out ---
		--- front.out -----------------------
		
		--- back.out ------------------------
		--- result.error ---
		--- front.err -----------------------
		
		--- back.err ------------------------
[ 236/364 ] movement/rail/ne_north_star2.rail
[ 237/364 ] movement/rail/ne_northx.rail
	fail [ 0/1 ][ C++       C++   JBC ] Expect errorous compilation: Frontend and Backend failed.
		--- result.out ---
		--- front.out -----------------------
		
		--- back.out ------------------------
		--- result.error ---
		--- front.err -----------------------
		
		--- back.err ------------------------
	fail [ 0/1 ][ C++  Ast  C++   JBC ] Expect errorous compilation: Frontend and Backend failed.
		--- result.out ---
		--- front.out -----------------------
		
		--- back.out ------------------------
		--- result.error ---
		--- front.err -----------------------
		
		--- back.err ------------------------
[ 238/364 ] movement/rail/no_end.rail
[ 239/364 ] movement/rail/nw_north.rail
[ 240/364 ] movement/rail/nw_north2.rail
[ 241/364 ] movement/rail/nw_north_star.rail
[ 242/364 ] movement/rail/nw_north_star2.rail
[ 243/364 ] movement/rail/nw_northx.rail
[ 244/364 ] movement/rail/nw_west.rail
[ 245/364 ] movement/rail/nw_west2.rail
[ 246/364 ] movement/rail/nw_west_star.rail
	fail [ 0/1 ][ C++       C++   JBC ] Expect errorous compilation: Frontend and Backend failed.
		--- result.out ---
		--- front.out -----------------------
		
		--- back.out ------------------------
		--- result.error ---
		--- front.err -----------------------
		
		--- back.err ------------------------
	fail [ 0/1 ][ C++  Ast  C++   JBC ] Expect errorous compilation: Frontend and Backend failed.
		--- result.out ---
		--- front.out -----------------------
		
		--- back.out ------------------------
		--- result.error ---
		--- front.err -----------------------
		
		--- back.err ------------------------
[ 247/364 ] movement/rail/nw_west_star2.rail
[ 248/364 ] movement/rail/nw_westx.rail
	fail [ 0/1 ][ C++       C++   JBC ] Expect errorous compilation: Frontend and Backend failed.
		--- result.out ---
		--- front.out -----------------------
		
		--- back.out ------------------------
		--- result.error ---
		--- front.err -----------------------
		
		--- back.err ------------------------
	fail [ 0/1 ][ C++  Ast  C++   JBC ] Expect errorous compilation: Frontend and Backend failed.
		--- result.out ---
		--- front.out -----------------------
		
		--- back.out ------------------------
		--- result.error ---
		--- front.err -----------------------
		
		--- back.err ------------------------
[ 249/364 ] movement/rail/se_east.rail
[ 250/364 ] movement/rail/se_east2.rail
[ 251/364 ] movement/rail/se_east_star.rail
	fail [ 0/1 ][ C++       C++   JBC ] Expect errorous compilation: Frontend and Backend failed.
		--- result.out ---
		--- front.out -----------------------
		
		--- back.out ------------------------
		--- result.error ---
		--- front.err -----------------------
		
		--- back.err ------------------------
	fail [ 0/1 ][ C++  Ast  C++   JBC ] Expect errorous compilation: Frontend and Backend failed.
		--- result.out ---
		--- front.out -----------------------
		
		--- back.out ------------------------
		--- result.error ---
		--- front.err -----------------------
		
		--- back.err ------------------------
[ 252/364 ] movement/rail/se_east_star2.rail
[ 253/364 ] movement/rail/se_eastx.rail
	fail [ 0/1 ][ C++       C++   JBC ] Expect errorous compilation: Frontend and Backend failed.
		--- result.out ---
		--- front.out -----------------------
		
		--- back.out ------------------------
		--- result.error ---
		--- front.err -----------------------
		
		--- back.err ------------------------
	fail [ 0/1 ][ C++  Ast  C++   JBC ] Expect errorous compilation: Frontend and Backend failed.
		--- result.out ---
		--- front.out -----------------------
		
		--- back.out ------------------------
		--- result.error ---
		--- front.err -----------------------
		
		--- back.err ------------------------
[ 254/364 ] movement/rail/se_south.rail
[ 255/364 ] movement/rail/se_south2.rail
[ 256/364 ] movement/rail/se_south_star.rail
	fail [ 0/1 ][ C++       C++   JBC ] Expect errorous compilation: Frontend and Backend failed.
		--- result.out ---
		--- front.out -----------------------
		
		--- back.out ------------------------
		--- result.error ---
		--- front.err -----------------------
		
		--- back.err ------------------------
	fail [ 0/1 ][ C++  Ast  C++   JBC ] Expect errorous compilation: Frontend and Backend failed.
		--- result.out ---
		--- front.out -----------------------
		
		--- back.out ------------------------
		--- result.error ---
		--- front.err -----------------------
		
		--- back.err ------------------------
[ 257/364 ] movement/rail/se_south_star2.rail
[ 258/364 ] movement/rail/se_southx.rail
	fail [ 0/1 ][ C++       C++   JBC ] Expect errorous compilation: Frontend and Backend failed.
		--- result.out ---
		--- front.out -----------------------
		
		--- back.out ------------------------
		--- result.error ---
		--- front.err -----------------------
		
		--- back.err ------------------------
	fail [ 0/1 ][ C++  Ast  C++   JBC ] Expect errorous compilation: Frontend and Backend failed.
		--- result.out ---
		--- front.out -----------------------
		
		--- back.out ------------------------
		--- result.error ---
		--- front.err -----------------------
		
		--- back.err ------------------------
[ 259/364 ] movement/rail/southeast.rail
[ 260/364 ] movement/rail/southeast2.rail
[ 261/364 ] movement/rail/southeast_star.rail
[ 262/364 ] movement/rail/southeast_star2.rail
[ 263/364 ] movement/rail/southeastx.rail
[ 264/364 ] movement/rail/southwest.rail
[ 265/364 ] movement/rail/southwest2.rail
[ 266/364 ] movement/rail/southwest_star.rail
[ 267/364 ] movement/rail/southwest_star2.rail
[ 268/364 ] movement/rail/southwestx.rail
[ 269/364 ] movement/rail/sw_east.rail
[ 270/364 ] movement/rail/sw_east2.rail
[ 271/364 ] movement/rail/sw_east_star.rail
	fail [ 0/1 ][ C++       C++   JBC ] Expect errorous compilation: Frontend and Backend failed.
		--- result.out ---
		--- front.out -----------------------
		
		--- back.out ------------------------
		--- result.error ---
		--- front.err -----------------------
		
		--- back.err ------------------------
	fail [ 0/1 ][ C++  Ast  C++   JBC ] Expect errorous compilation: Frontend and Backend failed.
		--- result.out ---
		--- front.out -----------------------
		
		--- back.out ------------------------
		--- result.error ---
		--- front.err -----------------------
		
		--- back.err ------------------------
[ 272/364 ] movement/rail/sw_east_star2.rail
[ 273/364 ] movement/rail/sw_eastx.rail
	fail [ 0/1 ][ C++       C++   JBC ] Expect errorous compilation: Frontend and Backend failed.
		--- result.out ---
		--- front.out -----------------------
		
		--- back.out ------------------------
		--- result.error ---
		--- front.err -----------------------
		
		--- back.err ------------------------
	fail [ 0/1 ][ C++  Ast  C++   JBC ] Expect errorous compilation: Frontend and Backend failed.
		--- result.out ---
		--- front.out -----------------------
		
		--- back.out ------------------------
		--- result.error ---
		--- front.err -----------------------
		
		--- back.err ------------------------
[ 274/364 ] movement/rail/sw_south.rail
[ 275/364 ] movement/rail/sw_south2.rail
[ 276/364 ] movement/rail/sw_south_star.rail
	fail [ 0/1 ][ C++       C++   JBC ] Expect errorous compilation: Frontend and Backend failed.
		--- result.out ---
		--- front.out -----------------------
		
		--- back.out ------------------------
		--- result.error ---
		--- front.err -----------------------
		
		--- back.err ------------------------
	fail [ 0/1 ][ C++  Ast  C++   JBC ] Expect errorous compilation: Frontend and Backend failed.
		--- result.out ---
		--- front.out -----------------------
		
		--- back.out ------------------------
		--- result.error ---
		--- front.err -----------------------
		
		--- back.err ------------------------
[ 277/364 ] movement/rail/sw_south_star2.rail
[ 278/364 ] movement/rail/sw_southx.rail
	fail [ 0/1 ][ C++       C++   JBC ] Expect errorous compilation: Frontend and Backend failed.
		--- result.out ---
		--- front.out -----------------------
		
		--- back.out ------------------------
		--- result.error ---
		--- front.err -----------------------
		
		--- back.err ------------------------
	fail [ 0/1 ][ C++  Ast  C++   JBC ] Expect errorous compilation: Frontend and Backend failed.
		--- result.out ---
		--- front.out -----------------------
		
		--- back.out ------------------------
		--- result.error ---
		--- front.err -----------------------
		
		--- back.err ------------------------
[ 279/364 ] movement/rail/w_northwest.rail
[ 280/364 ] movement/rail/w_northwest2.rail
[ 281/364 ] movement/rail/w_northwest_star.rail
[ 282/364 ] movement/rail/w_northwest_star2.rail
[ 283/364 ] movement/rail/w_northwestx.rail
[ 284/364 ] movement/rail/w_southwest.rail
[ 285/364 ] movement/rail/w_southwest2.rail
[ 286/364 ] movement/rail/w_southwest_star.rail
[ 287/364 ] movement/rail/w_southwest_star2.rail
[ 288/364 ] movement/rail/w_southwestx.rail
[ 289/364 ] movement/y_junction/brokenjunc1.rail
[ 290/364 ] movement/y_junction/brokenjunc2.rail
[ 291/364 ] movement/y_junction/brokenjunc3.rail
[ 292/364 ] movement/y_junction/brokenjunc4.rail
[ 293/364 ] movement/y_junction/brokenjunc_false1.rail
[ 294/364 ] movement/y_junction/brokenjunc_false2.rail
[ 295/364 ] movement/y_junction/brokenjunc_false3.rail
[ 296/364 ] movement/y_junction/brokenjunc_false4.rail
[ 297/364 ] movement/y_junction/brokenjunc_true1.rail
[ 298/364 ] movement/y_junction/brokenjunc_true2.rail
[ 299/364 ] movement/y_junction/brokenjunc_true3.rail
[ 300/364 ] movement/y_junction/brokenjunc_true4.rail
[ 301/364 ] movement/y_junction/junctest.rail
[ 302/364 ] movement/y_junction/junction_1.rail
	fail [ 0/1 ][ C++       C++   JBC ] Expect successful compilation: Frontend and Backend failed.
		--- result.out ---
		--- front.out -----------------------
		
		--- back.out ------------------------
		--- result.error ---
		--- front.err -----------------------
		[Exception][Frontend-Parser][@8,25] main: no valid move possible
		--- back.err ------------------------
		[Exception][Frontend-Parser][@8,25] main: no valid move possible
	fail [ 0/1 ][ C++  Ast  C++   JBC ] Expect successful compilation: Frontend failed.
		--- result.out ---
		
		--- result.error ---
		[Exception][Frontend-Parser][@8,25] main: no valid move possible
[ 303/364 ] movement/y_junction/junction_2.rail
	fail [ 0/1 ][ C++       C++   JBC ] Expect successful compilation: Frontend and Backend failed.
		--- result.out ---
		--- front.out -----------------------
		
		--- back.out ------------------------
		--- result.error ---
		--- front.err -----------------------
		[Exception][Frontend-Parser][@12,16] main: no valid move possible
		--- back.err ------------------------
		[Exception][Frontend-Parser][@12,16] main: no valid move possible
	fail [ 0/1 ][ C++  Ast  C++   JBC ] Expect successful compilation: Frontend failed.
		--- result.out ---
		
		--- result.error ---
		[Exception][Frontend-Parser][@12,16] main: no valid move possible
[ 304/364 ] movement/y_junction/junction_3.rail
	fail [ 0/1 ][ C++       C++   JBC ] Expect successful compilation: Frontend and Backend failed.
		--- result.out ---
		--- front.out -----------------------
		
		--- back.out ------------------------
		--- result.error ---
		--- front.err -----------------------
		[Exception][Frontend-Parser][@10,14] main: no valid move possible
		--- back.err ------------------------
		[Exception][Frontend-Parser][@10,14] main: no valid move possible
	fail [ 0/1 ][ C++  Ast  C++   JBC ] Expect successful compilation: Frontend failed.
		--- result.out ---
		
		--- result.error ---
		[Exception][Frontend-Parser][@10,14] main: no valid move possible
[ 305/364 ] movement/y_junction/junction_4.rail
	fail [ 0/1 ][ C++       C++   JBC ] Expect successful compilation: Frontend and Backend failed.
		--- result.out ---
		--- front.out -----------------------
		
		--- back.out ------------------------
		--- result.error ---
		--- front.err -----------------------
		[Exception][Frontend-Parser][@6,24] main: no valid move possible
		--- back.err ------------------------
		[Exception][Frontend-Parser][@6,24] main: no valid move possible
	fail [ 0/1 ][ C++  Ast  C++   JBC ] Expect successful compilation: Frontend failed.
		--- result.out ---
		
		--- result.error ---
		[Exception][Frontend-Parser][@6,24] main: no valid move possible
[ 306/364 ] movement/y_junction/junction_@.rail
	fail [ 0/1 ][ C++       C++   JBC ] Expect successful compilation: Frontend and Backend failed.
		--- result.out ---
		--- front.out -----------------------
		
		--- back.out ------------------------
		--- result.error ---
		--- front.err -----------------------
		[Exception][Frontend-Parser][@2,2] main: no valid move possible
		--- back.err ------------------------
		[Exception][Frontend-Parser][@2,2] main: no valid move possible
	fail [ 0/1 ][ C++  Ast  C++   JBC ] Expect successful compilation: Frontend failed.
		--- result.out ---
		
		--- result.error ---
		[Exception][Frontend-Parser][@2,2] main: no valid move possible
[ 307/364 ] movement/y_junction/junction_nocond.rail
	fail [ 0/1 ][ C++       C++   JBC ] Expect errorous compilation: Frontend and Backend failed.
		--- result.out ---
		--- front.out -----------------------
		
		--- back.out ------------------------
		--- result.error ---
		--- front.err -----------------------
		
		--- back.err ------------------------
	fail [ 0/1 ][ C++  Ast  C++   JBC ] Expect errorous compilation: Frontend and Backend failed.
		--- result.out ---
		--- front.out -----------------------
		
		--- back.out ------------------------
		--- result.error ---
		--- front.err -----------------------
		
		--- back.err ------------------------
[ 308/364 ] movement/y_junction/uppercase_vjunc.rail
[ 309/364 ] multiCharCommand/constant/num_eigth.rail
[ 310/364 ] multiCharCommand/constant/num_eigth_braces.rail
[ 311/364 ] multiCharCommand/constant/num_five.rail
[ 312/364 ] multiCharCommand/constant/num_five_braces.rail
[ 313/364 ] multiCharCommand/constant/num_four.rail
[ 314/364 ] multiCharCommand/constant/num_four_braces.rail
[ 315/364 ] multiCharCommand/constant/num_nine.rail
[ 316/364 ] multiCharCommand/constant/num_nine_braces.rail
[ 317/364 ] multiCharCommand/constant/num_one.rail
[ 318/364 ] multiCharCommand/constant/num_one_braces.rail
[ 319/364 ] multiCharCommand/constant/num_seven.rail
[ 320/364 ] multiCharCommand/constant/num_seven_braces.rail
[ 321/364 ] multiCharCommand/constant/num_six.rail
[ 322/364 ] multiCharCommand/constant/num_six_braces.rail
[ 323/364 ] multiCharCommand/constant/num_three.rail
[ 324/364 ] multiCharCommand/constant/num_three_braces.rail
[ 325/364 ] multiCharCommand/constant/num_two.rail
[ 326/364 ] multiCharCommand/constant/num_two_braces.rail
[ 327/364 ] multiCharCommand/constant/num_zero.rail
[ 328/364 ] multiCharCommand/constant/num_zero_braces.rail
[ 329/364 ] multiCharCommand/constant/pushconst.rail
[ 330/364 ] multiCharCommand/function/endlessrek.rail
		Command: java -XX:-UseSplitVerifier -cp tmp/multiCharCommand/function/ endlessrek_cpp
		--- result.out ---
		
		--- result.error ---
		Exception in thread "main" java.lang.NoClassDefFoundError: Main
			at endlessrek_cpp.main(Unknown Source)
		Caused by: java.lang.ClassNotFoundException: Main
			at java.net.URLClassLoader$1.run(URLClassLoader.java:366)
			at java.net.URLClassLoader$1.run(URLClassLoader.java:355)
			at java.security.AccessController.doPrivileged(Native Method)
			at java.net.URLClassLoader.findClass(URLClassLoader.java:354)
			at java.lang.ClassLoader.loadClass(ClassLoader.java:425)
			at sun.misc.Launcher$AppClassLoader.loadClass(Launcher.java:308)
			at java.lang.ClassLoader.loadClass(ClassLoader.java:358)
			... 1 more
		--- expected.out ---
		
		--- expected.error ---
		expect timeout
		Command: java -XX:-UseSplitVerifier -cp tmp/multiCharCommand/function/ endlessrek_cppCpp
		--- result.out ---
		
		--- result.error ---
		Fehler: Hauptmethode in Klasse endlessrek_cppCpp nicht gefunden. Definieren Sie die Hauptmethode als:
		   public static void main(String[] args)
		--- expected.out ---
		
		--- expected.error ---
		expect timeout
[ 331/364 ] multiCharCommand/function/fakurek.rail
	fail [ 1/1 ][ C++       C++   JBC ] Output != expectation
		Command: java -XX:-UseSplitVerifier -cp tmp/multiCharCommand/function/ fakurek_cpp
		--- result.out ---
		
		--- result.error ---
		
		--- expected.out ---
		120
		--- expected.error ---
		
	fail [ 1/1 ][ C++  Ast  C++   JBC ] Program failed (unexpectedly).
		Command: java -XX:-UseSplitVerifier -cp tmp/multiCharCommand/function/ fakurek_cppCpp
		--- result.out ---
		
		--- result.error ---
		Exception in thread "main" java.lang.VerifyError: (class: fakurek_cppCpp, method: faku signature: ()V) Accessing value from uninitialized register 5
			at java.lang.Class.getDeclaredMethods0(Native Method)
			at java.lang.Class.privateGetDeclaredMethods(Class.java:2570)
			at java.lang.Class.getMethod0(Class.java:2813)
			at java.lang.Class.getMethod(Class.java:1663)
			at sun.launcher.LauncherHelper.getMainMethod(LauncherHelper.java:494)
			at sun.launcher.LauncherHelper.checkAndLoadMain(LauncherHelper.java:486)
		--- expected.out ---
		120
		--- expected.error ---
		
[ 332/364 ] multiCharCommand/function/fakurek_inp.rail
	fail [ 1/3 ][ C++       C++   JBC ] Program failed (unexpectedly).
		Command: java -XX:-UseSplitVerifier -cp tmp/multiCharCommand/function/ fakurek_inp_cpp
		--- result.out ---
		
		--- result.error ---
		Exception in thread "main" java.lang.VerifyError: (class: fakurek_inp_cpp, method: main signature: ([Ljava/lang/String;)V) Expecting to find object/array on stack
			at java.lang.Class.getDeclaredMethods0(Native Method)
			at java.lang.Class.privateGetDeclaredMethods(Class.java:2570)
			at java.lang.Class.getMethod0(Class.java:2813)
			at java.lang.Class.getMethod(Class.java:1663)
			at sun.launcher.LauncherHelper.getMainMethod(LauncherHelper.java:494)
			at sun.launcher.LauncherHelper.checkAndLoadMain(LauncherHelper.java:486)
		--- expected.out ---
		120
		--- expected.error ---
		
	fail [ 2/3 ][ C++       C++   JBC ] Program failed (unexpectedly).
		Command: java -XX:-UseSplitVerifier -cp tmp/multiCharCommand/function/ fakurek_inp_cpp
		--- result.out ---
		
		--- result.error ---
		Exception in thread "main" java.lang.VerifyError: (class: fakurek_inp_cpp, method: main signature: ([Ljava/lang/String;)V) Expecting to find object/array on stack
			at java.lang.Class.getDeclaredMethods0(Native Method)
			at java.lang.Class.privateGetDeclaredMethods(Class.java:2570)
			at java.lang.Class.getMethod0(Class.java:2813)
			at java.lang.Class.getMethod(Class.java:1663)
			at sun.launcher.LauncherHelper.getMainMethod(LauncherHelper.java:494)
			at sun.launcher.LauncherHelper.checkAndLoadMain(LauncherHelper.java:486)
		--- expected.out ---
		1
		--- expected.error ---
		
	fail [ 3/3 ][ C++       C++   JBC ] Program failed (unexpectedly).
		Command: java -XX:-UseSplitVerifier -cp tmp/multiCharCommand/function/ fakurek_inp_cpp
		--- result.out ---
		
		--- result.error ---
		Exception in thread "main" java.lang.VerifyError: (class: fakurek_inp_cpp, method: main signature: ([Ljava/lang/String;)V) Expecting to find object/array on stack
			at java.lang.Class.getDeclaredMethods0(Native Method)
			at java.lang.Class.privateGetDeclaredMethods(Class.java:2570)
			at java.lang.Class.getMethod0(Class.java:2813)
			at java.lang.Class.getMethod(Class.java:1663)
			at sun.launcher.LauncherHelper.getMainMethod(LauncherHelper.java:494)
			at sun.launcher.LauncherHelper.checkAndLoadMain(LauncherHelper.java:486)
		--- expected.out ---
		720
		--- expected.error ---
		
	fail [ 1/3 ][ C++  Ast  C++   JBC ] Program failed (unexpectedly).
		Command: java -XX:-UseSplitVerifier -cp tmp/multiCharCommand/function/ fakurek_inp_cppCpp
		--- result.out ---
		
		--- result.error ---
		Exception in thread "main" java.lang.VerifyError: (class: fakurek_inp_cppCpp, method: faku signature: ()V) Accessing value from uninitialized register 5
			at java.lang.Class.getDeclaredMethods0(Native Method)
			at java.lang.Class.privateGetDeclaredMethods(Class.java:2570)
			at java.lang.Class.getMethod0(Class.java:2813)
			at java.lang.Class.getMethod(Class.java:1663)
			at sun.launcher.LauncherHelper.getMainMethod(LauncherHelper.java:494)
			at sun.launcher.LauncherHelper.checkAndLoadMain(LauncherHelper.java:486)
		--- expected.out ---
		120
		--- expected.error ---
		
	fail [ 2/3 ][ C++  Ast  C++   JBC ] Program failed (unexpectedly).
		Command: java -XX:-UseSplitVerifier -cp tmp/multiCharCommand/function/ fakurek_inp_cppCpp
		--- result.out ---
		
		--- result.error ---
		Exception in thread "main" java.lang.VerifyError: (class: fakurek_inp_cppCpp, method: faku signature: ()V) Accessing value from uninitialized register 5
			at java.lang.Class.getDeclaredMethods0(Native Method)
			at java.lang.Class.privateGetDeclaredMethods(Class.java:2570)
			at java.lang.Class.getMethod0(Class.java:2813)
			at java.lang.Class.getMethod(Class.java:1663)
			at sun.launcher.LauncherHelper.getMainMethod(LauncherHelper.java:494)
			at sun.launcher.LauncherHelper.checkAndLoadMain(LauncherHelper.java:486)
		--- expected.out ---
		1
		--- expected.error ---
		
	fail [ 3/3 ][ C++  Ast  C++   JBC ] Program failed (unexpectedly).
		Command: java -XX:-UseSplitVerifier -cp tmp/multiCharCommand/function/ fakurek_inp_cppCpp
		--- result.out ---
		
		--- result.error ---
		Exception in thread "main" java.lang.VerifyError: (class: fakurek_inp_cppCpp, method: faku signature: ()V) Accessing value from uninitialized register 5
			at java.lang.Class.getDeclaredMethods0(Native Method)
			at java.lang.Class.privateGetDeclaredMethods(Class.java:2570)
			at java.lang.Class.getMethod0(Class.java:2813)
			at java.lang.Class.getMethod(Class.java:1663)
			at sun.launcher.LauncherHelper.getMainMethod(LauncherHelper.java:494)
			at sun.launcher.LauncherHelper.checkAndLoadMain(LauncherHelper.java:486)
		--- expected.out ---
		720
		--- expected.error ---
		
[ 333/364 ] multiCharCommand/function/func-simple.rail
	fail [ 0/1 ][ C++       C++   JBC ] Expect successful compilation: Frontend and Backend failed.
		--- result.out ---
		--- front.out -----------------------
		
		--- back.out ------------------------
		--- result.error ---
		--- front.err -----------------------
		
		--- back.err ------------------------
	fail [ 0/1 ][ C++  Ast  C++   JBC ] Expect successful compilation: Frontend failed.
		--- result.out ---
		
		--- result.error ---
		
[ 334/364 ] multiCharCommand/function/func_binding.rail
	fail [ 1/1 ][ C++       C++   JBC ] Program failed (unexpectedly).
		Command: java -XX:-UseSplitVerifier -cp tmp/multiCharCommand/function/ func_binding_cpp
		--- result.out ---
		
		--- result.error ---
		Exception in thread "main" java.lang.VerifyError: (class: func_binding_cpp, method: main signature: ([Ljava/lang/String;)V) Illegal local variable number
			at java.lang.Class.getDeclaredMethods0(Native Method)
			at java.lang.Class.privateGetDeclaredMethods(Class.java:2570)
			at java.lang.Class.getMethod0(Class.java:2813)
			at java.lang.Class.getMethod(Class.java:1663)
			at sun.launcher.LauncherHelper.getMainMethod(LauncherHelper.java:494)
			at sun.launcher.LauncherHelper.checkAndLoadMain(LauncherHelper.java:486)
		--- expected.out ---
		10
		--- expected.error ---
		
	fail [ 1/1 ][ C++  Ast  C++   JBC ] Program failed (unexpectedly).
		Command: java -XX:-UseSplitVerifier -cp tmp/multiCharCommand/function/ func_binding_cppCpp
		--- result.out ---
		
		--- result.error ---
		Exception in thread "main" java.lang.VerifyError: (class: func_binding_cppCpp, method: main signature: ([Ljava/lang/String;)V) Illegal local variable number
			at java.lang.Class.getDeclaredMethods0(Native Method)
			at java.lang.Class.privateGetDeclaredMethods(Class.java:2570)
			at java.lang.Class.getMethod0(Class.java:2813)
			at java.lang.Class.getMethod(Class.java:1663)
			at sun.launcher.LauncherHelper.getMainMethod(LauncherHelper.java:494)
			at sun.launcher.LauncherHelper.checkAndLoadMain(LauncherHelper.java:486)
		--- expected.out ---
		10
		--- expected.error ---
		
[ 335/364 ] multiCharCommand/function/func_test.rail
	fail [ 0/1 ][ C++       C++   JBC ] Expect successful compilation: Frontend and Backend failed.
		--- result.out ---
		--- front.out -----------------------
		
		--- back.out ------------------------
		--- result.error ---
		--- front.err -----------------------
		
		--- back.err ------------------------
	fail [ 0/1 ][ C++  Ast  C++   JBC ] Expect successful compilation: Frontend failed.
		--- result.out ---
		
		--- result.error ---
		
[ 336/364 ] multiCharCommand/function/gaussrek.rail
	fail [ 1/1 ][ C++       C++   JBC ] Output != expectation
		Command: java -XX:-UseSplitVerifier -cp tmp/multiCharCommand/function/ gaussrek_cpp
		--- result.out ---
		
		--- result.error ---
		
		--- expected.out ---
		15
		--- expected.error ---
		
	fail [ 1/1 ][ C++  Ast  C++   JBC ] Program failed (unexpectedly).
		Command: java -XX:-UseSplitVerifier -cp tmp/multiCharCommand/function/ gaussrek_cppCpp
		--- result.out ---
		
		--- result.error ---
		Exception in thread "main" java.lang.VerifyError: (class: gaussrek_cppCpp, method: gauss signature: ()V) Accessing value from uninitialized register 5
			at java.lang.Class.getDeclaredMethods0(Native Method)
			at java.lang.Class.privateGetDeclaredMethods(Class.java:2570)
			at java.lang.Class.getMethod0(Class.java:2813)
			at java.lang.Class.getMethod(Class.java:1663)
			at sun.launcher.LauncherHelper.getMainMethod(LauncherHelper.java:494)
			at sun.launcher.LauncherHelper.checkAndLoadMain(LauncherHelper.java:486)
		--- expected.out ---
		15
		--- expected.error ---
		
[ 337/364 ] multiCharCommand/function/gaussrek_inp.rail
	fail [ 1/4 ][ C++       C++   JBC ] Output != expectation
		Command: java -XX:-UseSplitVerifier -cp tmp/multiCharCommand/function/ gaussrek_inp_cpp
		--- result.out ---
		
		--- result.error ---
		
		--- expected.out ---
		15
		--- expected.error ---
		
	fail [ 2/4 ][ C++       C++   JBC ] Output != expectation
		Command: java -XX:-UseSplitVerifier -cp tmp/multiCharCommand/function/ gaussrek_inp_cpp
		--- result.out ---
		
		--- result.error ---
		
		--- expected.out ---
		1
		--- expected.error ---
		
	fail [ 3/4 ][ C++       C++   JBC ] Output != expectation
		Command: java -XX:-UseSplitVerifier -cp tmp/multiCharCommand/function/ gaussrek_inp_cpp
		--- result.out ---
		
		--- result.error ---
		
		--- expected.out ---
		0
		--- expected.error ---
		
	fail [ 4/4 ][ C++       C++   JBC ] Output != expectation
		Command: java -XX:-UseSplitVerifier -cp tmp/multiCharCommand/function/ gaussrek_inp_cpp
		--- result.out ---
		
		--- result.error ---
		
		--- expected.out ---
		28
		--- expected.error ---
		
	fail [ 1/4 ][ C++  Ast  C++   JBC ] Program failed (unexpectedly).
		Command: java -XX:-UseSplitVerifier -cp tmp/multiCharCommand/function/ gaussrek_inp_cppCpp
		--- result.out ---
		
		--- result.error ---
		Exception in thread "main" java.lang.VerifyError: (class: gaussrek_inp_cppCpp, method: gauss signature: ()V) Accessing value from uninitialized register 5
			at java.lang.Class.getDeclaredMethods0(Native Method)
			at java.lang.Class.privateGetDeclaredMethods(Class.java:2570)
			at java.lang.Class.getMethod0(Class.java:2813)
			at java.lang.Class.getMethod(Class.java:1663)
			at sun.launcher.LauncherHelper.getMainMethod(LauncherHelper.java:494)
			at sun.launcher.LauncherHelper.checkAndLoadMain(LauncherHelper.java:486)
		--- expected.out ---
		15
		--- expected.error ---
		
	fail [ 2/4 ][ C++  Ast  C++   JBC ] Program failed (unexpectedly).
		Command: java -XX:-UseSplitVerifier -cp tmp/multiCharCommand/function/ gaussrek_inp_cppCpp
		--- result.out ---
		
		--- result.error ---
		Exception in thread "main" java.lang.VerifyError: (class: gaussrek_inp_cppCpp, method: gauss signature: ()V) Accessing value from uninitialized register 5
			at java.lang.Class.getDeclaredMethods0(Native Method)
			at java.lang.Class.privateGetDeclaredMethods(Class.java:2570)
			at java.lang.Class.getMethod0(Class.java:2813)
			at java.lang.Class.getMethod(Class.java:1663)
			at sun.launcher.LauncherHelper.getMainMethod(LauncherHelper.java:494)
			at sun.launcher.LauncherHelper.checkAndLoadMain(LauncherHelper.java:486)
		--- expected.out ---
		1
		--- expected.error ---
		
	fail [ 3/4 ][ C++  Ast  C++   JBC ] Program failed (unexpectedly).
		Command: java -XX:-UseSplitVerifier -cp tmp/multiCharCommand/function/ gaussrek_inp_cppCpp
		--- result.out ---
		
		--- result.error ---
		Exception in thread "main" java.lang.VerifyError: (class: gaussrek_inp_cppCpp, method: gauss signature: ()V) Accessing value from uninitialized register 5
			at java.lang.Class.getDeclaredMethods0(Native Method)
			at java.lang.Class.privateGetDeclaredMethods(Class.java:2570)
			at java.lang.Class.getMethod0(Class.java:2813)
			at java.lang.Class.getMethod(Class.java:1663)
			at sun.launcher.LauncherHelper.getMainMethod(LauncherHelper.java:494)
			at sun.launcher.LauncherHelper.checkAndLoadMain(LauncherHelper.java:486)
		--- expected.out ---
		0
		--- expected.error ---
		
	fail [ 4/4 ][ C++  Ast  C++   JBC ] Program failed (unexpectedly).
		Command: java -XX:-UseSplitVerifier -cp tmp/multiCharCommand/function/ gaussrek_inp_cppCpp
		--- result.out ---
		
		--- result.error ---
		Exception in thread "main" java.lang.VerifyError: (class: gaussrek_inp_cppCpp, method: gauss signature: ()V) Accessing value from uninitialized register 5
			at java.lang.Class.getDeclaredMethods0(Native Method)
			at java.lang.Class.privateGetDeclaredMethods(Class.java:2570)
			at java.lang.Class.getMethod0(Class.java:2813)
			at java.lang.Class.getMethod(Class.java:1663)
			at sun.launcher.LauncherHelper.getMainMethod(LauncherHelper.java:494)
			at sun.launcher.LauncherHelper.checkAndLoadMain(LauncherHelper.java:486)
		--- expected.out ---
		28
		--- expected.error ---
		
[ 338/364 ] multiCharCommand/function/maximum_rek.rail
	fail [ 1/1 ][ C++       C++   JBC ] Program failed (unexpectedly).
		Command: java -XX:-UseSplitVerifier -cp tmp/multiCharCommand/function/ maximum_rek_cpp
		--- result.out ---
		
		--- result.error ---
		Exception in thread "main" java.lang.NoClassDefFoundError: Main
			at maximum_rek_cpp.main(Unknown Source)
		Caused by: java.lang.ClassNotFoundException: Main
			at java.net.URLClassLoader$1.run(URLClassLoader.java:366)
			at java.net.URLClassLoader$1.run(URLClassLoader.java:355)
			at java.security.AccessController.doPrivileged(Native Method)
			at java.net.URLClassLoader.findClass(URLClassLoader.java:354)
			at java.lang.ClassLoader.loadClass(ClassLoader.java:425)
			at sun.misc.Launcher$AppClassLoader.loadClass(Launcher.java:308)
			at java.lang.ClassLoader.loadClass(ClassLoader.java:358)
			... 1 more
		--- expected.out ---
		5
		--- expected.error ---
		
	fail [ 1/1 ][ C++  Ast  C++   JBC ] Program failed (unexpectedly).
		Command: java -XX:-UseSplitVerifier -cp tmp/multiCharCommand/function/ maximum_rek_cppCpp
		--- result.out ---
		
		--- result.error ---
		Exception in thread "main" java.lang.NoClassDefFoundError: Main
			at maximum_rek_cppCpp.main(Unknown Source)
		Caused by: java.lang.ClassNotFoundException: Main
			at java.net.URLClassLoader$1.run(URLClassLoader.java:366)
			at java.net.URLClassLoader$1.run(URLClassLoader.java:355)
			at java.security.AccessController.doPrivileged(Native Method)
			at java.net.URLClassLoader.findClass(URLClassLoader.java:354)
			at java.lang.ClassLoader.loadClass(ClassLoader.java:425)
			at sun.misc.Launcher$AppClassLoader.loadClass(Launcher.java:308)
			at java.lang.ClassLoader.loadClass(ClassLoader.java:358)
			... 1 more
		--- expected.out ---
		5
		--- expected.error ---
		
[ 339/364 ] multiCharCommand/function/missingfunc.rail
		Command: java -XX:-UseSplitVerifier -cp tmp/multiCharCommand/function/ missingfunc_cpp
		--- result.out ---
		
		--- result.error ---
		Exception in thread "main" java.lang.NoClassDefFoundError: Main
			at missingfunc_cpp.main(Unknown Source)
		Caused by: java.lang.ClassNotFoundException: Main
			at java.net.URLClassLoader$1.run(URLClassLoader.java:366)
			at java.net.URLClassLoader$1.run(URLClassLoader.java:355)
			at java.security.AccessController.doPrivileged(Native Method)
			at java.net.URLClassLoader.findClass(URLClassLoader.java:354)
			at java.lang.ClassLoader.loadClass(ClassLoader.java:425)
			at sun.misc.Launcher$AppClassLoader.loadClass(Launcher.java:308)
			at java.lang.ClassLoader.loadClass(ClassLoader.java:358)
			... 1 more
		--- expected.out ---
		
		--- expected.error ---
		Crash: There is no global binding with that name
		Command: java -XX:-UseSplitVerifier -cp tmp/multiCharCommand/function/ missingfunc_cppCpp
		--- result.out ---
		
		--- result.error ---
		Exception in thread "main" java.lang.NoClassDefFoundError: Main
			at missingfunc_cppCpp.main(Unknown Source)
		Caused by: java.lang.ClassNotFoundException: Main
			at java.net.URLClassLoader$1.run(URLClassLoader.java:366)
			at java.net.URLClassLoader$1.run(URLClassLoader.java:355)
			at java.security.AccessController.doPrivileged(Native Method)
			at java.net.URLClassLoader.findClass(URLClassLoader.java:354)
			at java.lang.ClassLoader.loadClass(ClassLoader.java:425)
			at sun.misc.Launcher$AppClassLoader.loadClass(Launcher.java:308)
			at java.lang.ClassLoader.loadClass(ClassLoader.java:358)
			... 1 more
		--- expected.out ---
		
		--- expected.error ---
		Crash: There is no global binding with that name
[ 340/364 ] multiCharCommand/lambda/crash_append_lambda.rail
	fail [ 0/1 ][ C++       C++   JBC ] Expect successful compilation: Frontend and Backend failed.
		--- result.out ---
		--- front.out -----------------------
		
		--- back.out ------------------------
		--- result.error ---
		--- front.err -----------------------
		[Error][Unknown] An unhandled exception occurred
		--- back.err ------------------------
		[Error][Unknown] An unhandled exception occurred
		Command: java -XX:-UseSplitVerifier -cp tmp/multiCharCommand/lambda/ crash_append_lambda_cppCpp
		--- result.out ---
		
		--- result.error ---
		Fehler: Hauptmethode in Klasse crash_append_lambda_cppCpp nicht gefunden. Definieren Sie die Hauptmethode als:
		   public static void main(String[] args)
		--- expected.out ---
		
		--- expected.error ---
		Crash: type mismatch
[ 341/364 ] multiCharCommand/lambda/crash_lambda.rail
	fail [ 0/1 ][ C++       C++   JBC ] Expect successful compilation: Frontend and Backend failed.
		--- result.out ---
		--- front.out -----------------------
		
		--- back.out ------------------------
		--- result.error ---
		--- front.err -----------------------
		[Error][Unknown] An unhandled exception occurred
		--- back.err ------------------------
		[Error][Unknown] An unhandled exception occurred
		Command: java -XX:-UseSplitVerifier -cp tmp/multiCharCommand/lambda/ crash_lambda_cppCpp
		--- result.out ---
		
		--- result.error ---
		Fehler: Hauptmethode in Klasse crash_lambda_cppCpp nicht gefunden. Definieren Sie die Hauptmethode als:
		   public static void main(String[] args)
		--- expected.out ---
		
		--- expected.error ---
		Crash: type mismatch
[ 342/364 ] multiCharCommand/lambda/lambda.rail
	fail [ 0/1 ][ C++       C++   JBC ] Expect successful compilation: Frontend and Backend failed.
		--- result.out ---
		--- front.out -----------------------
		
		--- back.out ------------------------
		--- result.error ---
		--- front.err -----------------------
		[Error][Unknown] An unhandled exception occurred
		--- back.err ------------------------
		[Error][Unknown] An unhandled exception occurred
		Command: java -XX:-UseSplitVerifier -cp tmp/multiCharCommand/lambda/ lambda_cppCpp
		--- result.out ---
		
		--- result.error ---
		Exception in thread "main" java.lang.VerifyError: (class: lambda_cppCpp, method: &0 signature: ()V) Illegal local variable number
			at java.lang.Class.getDeclaredMethods0(Native Method)
			at java.lang.Class.privateGetDeclaredMethods(Class.java:2570)
			at java.lang.Class.getMethod0(Class.java:2813)
			at java.lang.Class.getMethod(Class.java:1663)
			at sun.launcher.LauncherHelper.getMainMethod(LauncherHelper.java:494)
			at sun.launcher.LauncherHelper.checkAndLoadMain(LauncherHelper.java:486)
		--- expected.out ---
		
		--- expected.error ---
		Crash: type mismatch
[ 343/364 ] multiCharCommand/lambda/lambda2.rail
[ 344/364 ] multiCharCommand/lambda/lambda_call_in_other_function.rail
	fail [ 0/1 ][ C++       C++   JBC ] Expect successful compilation: Frontend and Backend failed.
		--- result.out ---
		--- front.out -----------------------
		
		--- back.out ------------------------
		--- result.error ---
		--- front.err -----------------------
		[Error][Unknown] An unhandled exception occurred
		--- back.err ------------------------
		[Error][Unknown] An unhandled exception occurred
	fail [ 1/1 ][ C++  Ast  C++   JBC ] Program failed (unexpectedly).
		Command: java -XX:-UseSplitVerifier -cp tmp/multiCharCommand/lambda/ lambda_call_in_other_function_cppCpp
		--- result.out ---
		
		--- result.error ---
		Fehler: Hauptmethode in Klasse lambda_call_in_other_function_cppCpp nicht gefunden. Definieren Sie die Hauptmethode als:
		   public static void main(String[] args)
		--- expected.out ---
		1
		--- expected.error ---
		
[ 345/364 ] multiCharCommand/lambda/lambda_crashed.rail
[ 346/364 ] multiCharCommand/lambda/lambda_directions.rail
	fail [ 1/1 ][ C++       C++   JBC ] Program failed (unexpectedly).
		Command: java -XX:-UseSplitVerifier -cp tmp/multiCharCommand/lambda/ lambda_directions_cpp
		--- result.out ---
		
		--- result.error ---
		Exception in thread "main" java.lang.NoClassDefFoundError: Main
			at lambda_directions_cpp.main(Unknown Source)
		Caused by: java.lang.ClassNotFoundException: Main
			at java.net.URLClassLoader$1.run(URLClassLoader.java:366)
			at java.net.URLClassLoader$1.run(URLClassLoader.java:355)
			at java.security.AccessController.doPrivileged(Native Method)
			at java.net.URLClassLoader.findClass(URLClassLoader.java:354)
			at java.lang.ClassLoader.loadClass(ClassLoader.java:425)
			at sun.misc.Launcher$AppClassLoader.loadClass(Launcher.java:308)
			at java.lang.ClassLoader.loadClass(ClassLoader.java:358)
			... 1 more
		--- expected.out ---
		TRUE
		--- expected.error ---
		
	fail [ 1/1 ][ C++  Ast  C++   JBC ] Program failed (unexpectedly).
		Command: java -XX:-UseSplitVerifier -cp tmp/multiCharCommand/lambda/ lambda_directions_cppCpp
		--- result.out ---
		
		--- result.error ---
		Fehler: Hauptmethode in Klasse lambda_directions_cppCpp nicht gefunden. Definieren Sie die Hauptmethode als:
		   public static void main(String[] args)
		--- expected.out ---
		TRUE
		--- expected.error ---
		
[ 347/364 ] multiCharCommand/lambda/lambda_directions2.rail
	fail [ 1/1 ][ C++       C++   JBC ] Program failed (unexpectedly).
		Command: java -XX:-UseSplitVerifier -cp tmp/multiCharCommand/lambda/ lambda_directions2_cpp
		--- result.out ---
		
		--- result.error ---
		Exception in thread "main" java.lang.NoClassDefFoundError: Main
			at lambda_directions2_cpp.main(Unknown Source)
		Caused by: java.lang.ClassNotFoundException: Main
			at java.net.URLClassLoader$1.run(URLClassLoader.java:366)
			at java.net.URLClassLoader$1.run(URLClassLoader.java:355)
			at java.security.AccessController.doPrivileged(Native Method)
			at java.net.URLClassLoader.findClass(URLClassLoader.java:354)
			at java.lang.ClassLoader.loadClass(ClassLoader.java:425)
			at sun.misc.Launcher$AppClassLoader.loadClass(Launcher.java:308)
			at java.lang.ClassLoader.loadClass(ClassLoader.java:358)
			... 1 more
		--- expected.out ---
		FALSE
		--- expected.error ---
		
	fail [ 1/1 ][ C++  Ast  C++   JBC ] Program failed (unexpectedly).
		Command: java -XX:-UseSplitVerifier -cp tmp/multiCharCommand/lambda/ lambda_directions2_cppCpp
		--- result.out ---
		
		--- result.error ---
		Fehler: Hauptmethode in Klasse lambda_directions2_cppCpp nicht gefunden. Definieren Sie die Hauptmethode als:
		   public static void main(String[] args)
		--- expected.out ---
		FALSE
		--- expected.error ---
		
[ 348/364 ] multiCharCommand/lambda/lambda_down.rail
	fail [ 0/1 ][ C++       C++   JBC ] Expect successful compilation: Frontend and Backend failed.
		--- result.out ---
		--- front.out -----------------------
		
		--- back.out ------------------------
		--- result.error ---
		--- front.err -----------------------
		[Error][Unknown] An unhandled exception occurred
		--- back.err ------------------------
		[Error][Unknown] An unhandled exception occurred
	fail [ 1/1 ][ C++  Ast  C++   JBC ] Program failed (unexpectedly).
		Command: java -XX:-UseSplitVerifier -cp tmp/multiCharCommand/lambda/ lambda_down_cppCpp
		--- result.out ---
		
		--- result.error ---
		Fehler: Hauptmethode in Klasse lambda_down_cppCpp nicht gefunden. Definieren Sie die Hauptmethode als:
		   public static void main(String[] args)
		--- expected.out ---
		La
		--- expected.error ---
		
[ 349/364 ] multiCharCommand/lambda/lambda_func.rail
	fail [ 0/1 ][ C++       C++   JBC ] Expect successful compilation: Frontend and Backend failed.
		--- result.out ---
		--- front.out -----------------------
		
		--- back.out ------------------------
		--- result.error ---
		--- front.err -----------------------
		[Error][Unknown] An unhandled exception occurred
		--- back.err ------------------------
		[Error][Unknown] An unhandled exception occurred
	fail [ 1/1 ][ C++  Ast  C++   JBC ] Program failed (unexpectedly).
		Command: java -XX:-UseSplitVerifier -cp tmp/multiCharCommand/lambda/ lambda_func_cppCpp
		--- result.out ---
		
		--- result.error ---
		Exception in thread "main" java.lang.VerifyError: (class: lambda_func_cppCpp, method: &0 signature: ()V) Illegal local variable number
			at java.lang.Class.getDeclaredMethods0(Native Method)
			at java.lang.Class.privateGetDeclaredMethods(Class.java:2570)
			at java.lang.Class.getMethod0(Class.java:2813)
			at java.lang.Class.getMethod(Class.java:1663)
			at sun.launcher.LauncherHelper.getMainMethod(LauncherHelper.java:494)
			at sun.launcher.LauncherHelper.checkAndLoadMain(LauncherHelper.java:486)
		--- expected.out ---
		5
		--- expected.error ---
		
[ 350/364 ] multiCharCommand/lambda/lambda_inf_loop.rail
	fail [ 0/1 ][ C++       C++   JBC ] Expect successful compilation: Frontend and Backend failed.
		--- result.out ---
		--- front.out -----------------------
		
		--- back.out ------------------------
		--- result.error ---
		--- front.err -----------------------
		
		--- back.err ------------------------
	fail [ 0/1 ][ C++  Ast  C++   JBC ] Expect successful compilation: Backend failed.
		Process timeout (2.0s)
		--- result.out ---
		
		--- result.error ---
		
[ 351/364 ] multiCharCommand/lambda/lambda_left.rail
	fail [ 0/1 ][ C++       C++   JBC ] Expect successful compilation: Frontend and Backend failed.
		--- result.out ---
		--- front.out -----------------------
		
		--- back.out ------------------------
		--- result.error ---
		--- front.err -----------------------
		[Error][Unknown] An unhandled exception occurred
		--- back.err ------------------------
		[Error][Unknown] An unhandled exception occurred
	fail [ 1/1 ][ C++  Ast  C++   JBC ] Program failed (unexpectedly).
		Command: java -XX:-UseSplitVerifier -cp tmp/multiCharCommand/lambda/ lambda_left_cppCpp
		--- result.out ---
		
		--- result.error ---
		Fehler: Hauptmethode in Klasse lambda_left_cppCpp nicht gefunden. Definieren Sie die Hauptmethode als:
		   public static void main(String[] args)
		--- expected.out ---
		La
		--- expected.error ---
		
[ 352/364 ] multiCharCommand/lambda/lambda_railexecrash.rail
	fail [ 0/1 ][ C++       C++   JBC ] Expect successful compilation: Frontend and Backend failed.
		--- result.out ---
		--- front.out -----------------------
		
		--- back.out ------------------------
		--- result.error ---
		--- front.err -----------------------
		[Error][Unknown] An unhandled exception occurred
		--- back.err ------------------------
		[Error][Unknown] An unhandled exception occurred
		Command: java -XX:-UseSplitVerifier -cp tmp/multiCharCommand/lambda/ lambda_railexecrash_cppCpp
		--- result.out ---
		
		--- result.error ---
		Exception in thread "main" java.lang.VerifyError: (class: lambda_railexecrash_cppCpp, method: &0 signature: ()V) Illegal local variable number
			at java.lang.Class.getDeclaredMethods0(Native Method)
			at java.lang.Class.privateGetDeclaredMethods(Class.java:2570)
			at java.lang.Class.getMethod0(Class.java:2813)
			at java.lang.Class.getMethod(Class.java:1663)
			at sun.launcher.LauncherHelper.getMainMethod(LauncherHelper.java:494)
			at sun.launcher.LauncherHelper.checkAndLoadMain(LauncherHelper.java:486)
		--- expected.out ---
		
		--- expected.error ---
		Crash: no possible movement
[ 353/364 ] multiCharCommand/lambda/lambda_up.rail
	fail [ 0/1 ][ C++       C++   JBC ] Expect successful compilation: Frontend and Backend failed.
		--- result.out ---
		--- front.out -----------------------
		
		--- back.out ------------------------
		--- result.error ---
		--- front.err -----------------------
		[Error][Unknown] An unhandled exception occurred
		--- back.err ------------------------
		[Error][Unknown] An unhandled exception occurred
	fail [ 1/1 ][ C++  Ast  C++   JBC ] Program failed (unexpectedly).
		Command: java -XX:-UseSplitVerifier -cp tmp/multiCharCommand/lambda/ lambda_up_cppCpp
		--- result.out ---
		
		--- result.error ---
		Fehler: Hauptmethode in Klasse lambda_up_cppCpp nicht gefunden. Definieren Sie die Hauptmethode als:
		   public static void main(String[] args)
		--- expected.out ---
		La
		--- expected.error ---
		
[ 354/364 ] multiCharCommand/lambda/nested_lambda.rail
	fail [ 0/1 ][ C++       C++   JBC ] Expect successful compilation: Frontend and Backend failed.
		--- result.out ---
		--- front.out -----------------------
		
		--- back.out ------------------------
		--- result.error ---
		--- front.err -----------------------
		[Error][Unknown] An unhandled exception occurred
		--- back.err ------------------------
		[Error][Unknown] An unhandled exception occurred
	fail [ 0/1 ][ C++  Ast  C++   JBC ] Expect successful compilation: Backend failed.
		--- result.out ---
		
		--- result.error ---
		[Error][Unknown] An unhandled exception occurred
[ 355/364 ] multiCharCommand/variable/add_inp_bound.rail
	fail [ 1/1 ][ C++  Ast  C++   JBC ] Program failed (unexpectedly).
		Command: java -XX:-UseSplitVerifier -cp tmp/multiCharCommand/variable/ add_inp_bound_cppCpp
		--- result.out ---
		
		--- result.error ---
		Exception in thread "main" java.lang.VerifyError: (class: add_inp_bound_cppCpp, method: main signature: ([Ljava/lang/String;)V) Accessing value from uninitialized register 5
			at java.lang.Class.getDeclaredMethods0(Native Method)
			at java.lang.Class.privateGetDeclaredMethods(Class.java:2570)
			at java.lang.Class.getMethod0(Class.java:2813)
			at java.lang.Class.getMethod(Class.java:1663)
			at sun.launcher.LauncherHelper.getMainMethod(LauncherHelper.java:494)
			at sun.launcher.LauncherHelper.checkAndLoadMain(LauncherHelper.java:486)
		--- expected.out ---
		3
		--- expected.error ---
		
[ 356/364 ] multiCharCommand/variable/bindvar.rail
	fail [ 1/1 ][ C++       C++   JBC ] Output != expectation
		Command: java -XX:-UseSplitVerifier -cp tmp/multiCharCommand/variable/ bindvar_cpp
		--- result.out ---
		5
		7
		3
		--- result.error ---
		
		--- expected.out ---
		573
		--- expected.error ---
		
	fail [ 1/1 ][ C++  Ast  C++   JBC ] Program failed (unexpectedly).
		Command: java -XX:-UseSplitVerifier -cp tmp/multiCharCommand/variable/ bindvar_cppCpp
		--- result.out ---
		
		--- result.error ---
		Exception in thread "main" java.lang.VerifyError: (class: bindvar_cppCpp, method: main signature: ([Ljava/lang/String;)V) Accessing value from uninitialized register 5
			at java.lang.Class.getDeclaredMethods0(Native Method)
			at java.lang.Class.privateGetDeclaredMethods(Class.java:2570)
			at java.lang.Class.getMethod0(Class.java:2813)
			at java.lang.Class.getMethod(Class.java:1663)
			at sun.launcher.LauncherHelper.getMainMethod(LauncherHelper.java:494)
			at sun.launcher.LauncherHelper.checkAndLoadMain(LauncherHelper.java:486)
		--- expected.out ---
		573
		--- expected.error ---
		
[ 357/364 ] multiCharCommand/variable/crash_varbind.rail
		Command: java -XX:-UseSplitVerifier -cp tmp/multiCharCommand/variable/ crash_varbind_cpp
		--- result.out ---
		
		--- result.error ---
		Exception in thread "main" java.lang.VerifyError: (class: crash_varbind_cpp, method: main signature: ([Ljava/lang/String;)V) Illegal local variable number
			at java.lang.Class.getDeclaredMethods0(Native Method)
			at java.lang.Class.privateGetDeclaredMethods(Class.java:2570)
			at java.lang.Class.getMethod0(Class.java:2813)
			at java.lang.Class.getMethod(Class.java:1663)
			at sun.launcher.LauncherHelper.getMainMethod(LauncherHelper.java:494)
			at sun.launcher.LauncherHelper.checkAndLoadMain(LauncherHelper.java:486)
		--- expected.out ---
		
		--- expected.error ---
		Crash: there si no local binding with that name
		Command: java -XX:-UseSplitVerifier -cp tmp/multiCharCommand/variable/ crash_varbind_cppCpp
		--- result.out ---
		
		--- result.error ---
		Exception in thread "main" java.lang.VerifyError: (class: crash_varbind_cppCpp, method: main signature: ([Ljava/lang/String;)V) Illegal local variable number
			at java.lang.Class.getDeclaredMethods0(Native Method)
			at java.lang.Class.privateGetDeclaredMethods(Class.java:2570)
			at java.lang.Class.getMethod0(Class.java:2813)
			at java.lang.Class.getMethod(Class.java:1663)
			at sun.launcher.LauncherHelper.getMainMethod(LauncherHelper.java:494)
			at sun.launcher.LauncherHelper.checkAndLoadMain(LauncherHelper.java:486)
		--- expected.out ---
		
		--- expected.error ---
		Crash: there si no local binding with that name
[ 358/364 ] multiCharCommand/variable/crash_varbind2.rail
[ 359/364 ] multiCharCommand/variable/crash_varbind3.rail
[ 360/364 ] multiCharCommand/variable/div_inp_bound.rail
	fail [ 1/3 ][ C++       C++   JBC ] Program failed (unexpectedly).
		Command: java -XX:-UseSplitVerifier -cp tmp/multiCharCommand/variable/ div_inp_bound_cpp
		--- result.out ---
		
		--- result.error ---
		Exception in thread "main" java.lang.VerifyError: (class: div_inp_bound_cpp, method: main signature: ([Ljava/lang/String;)V) Expecting to find object/array on stack
			at java.lang.Class.getDeclaredMethods0(Native Method)
			at java.lang.Class.privateGetDeclaredMethods(Class.java:2570)
			at java.lang.Class.getMethod0(Class.java:2813)
			at java.lang.Class.getMethod(Class.java:1663)
			at sun.launcher.LauncherHelper.getMainMethod(LauncherHelper.java:494)
			at sun.launcher.LauncherHelper.checkAndLoadMain(LauncherHelper.java:486)
		--- expected.out ---
		2
		--- expected.error ---
		
	fail [ 2/3 ][ C++       C++   JBC ] Program failed (unexpectedly).
		Command: java -XX:-UseSplitVerifier -cp tmp/multiCharCommand/variable/ div_inp_bound_cpp
		--- result.out ---
		
		--- result.error ---
		Exception in thread "main" java.lang.VerifyError: (class: div_inp_bound_cpp, method: main signature: ([Ljava/lang/String;)V) Expecting to find object/array on stack
			at java.lang.Class.getDeclaredMethods0(Native Method)
			at java.lang.Class.privateGetDeclaredMethods(Class.java:2570)
			at java.lang.Class.getMethod0(Class.java:2813)
			at java.lang.Class.getMethod(Class.java:1663)
			at sun.launcher.LauncherHelper.getMainMethod(LauncherHelper.java:494)
			at sun.launcher.LauncherHelper.checkAndLoadMain(LauncherHelper.java:486)
		--- expected.out ---
		3
		--- expected.error ---
		
	fail [ 3/3 ][ C++       C++   JBC ] Program failed (unexpectedly).
		Command: java -XX:-UseSplitVerifier -cp tmp/multiCharCommand/variable/ div_inp_bound_cpp
		--- result.out ---
		
		--- result.error ---
		Exception in thread "main" java.lang.VerifyError: (class: div_inp_bound_cpp, method: main signature: ([Ljava/lang/String;)V) Expecting to find object/array on stack
			at java.lang.Class.getDeclaredMethods0(Native Method)
			at java.lang.Class.privateGetDeclaredMethods(Class.java:2570)
			at java.lang.Class.getMethod0(Class.java:2813)
			at java.lang.Class.getMethod(Class.java:1663)
			at sun.launcher.LauncherHelper.getMainMethod(LauncherHelper.java:494)
			at sun.launcher.LauncherHelper.checkAndLoadMain(LauncherHelper.java:486)
		--- expected.out ---
		0
		--- expected.error ---
		
	fail [ 1/3 ][ C++  Ast  C++   JBC ] Program failed (unexpectedly).
		Command: java -XX:-UseSplitVerifier -cp tmp/multiCharCommand/variable/ div_inp_bound_cppCpp
		--- result.out ---
		
		--- result.error ---
		Exception in thread "main" java.lang.VerifyError: (class: div_inp_bound_cppCpp, method: main signature: ([Ljava/lang/String;)V) Expecting to find object/array on stack
			at java.lang.Class.getDeclaredMethods0(Native Method)
			at java.lang.Class.privateGetDeclaredMethods(Class.java:2570)
			at java.lang.Class.getMethod0(Class.java:2813)
			at java.lang.Class.getMethod(Class.java:1663)
			at sun.launcher.LauncherHelper.getMainMethod(LauncherHelper.java:494)
			at sun.launcher.LauncherHelper.checkAndLoadMain(LauncherHelper.java:486)
		--- expected.out ---
		2
		--- expected.error ---
		
	fail [ 2/3 ][ C++  Ast  C++   JBC ] Program failed (unexpectedly).
		Command: java -XX:-UseSplitVerifier -cp tmp/multiCharCommand/variable/ div_inp_bound_cppCpp
		--- result.out ---
		
		--- result.error ---
		Exception in thread "main" java.lang.VerifyError: (class: div_inp_bound_cppCpp, method: main signature: ([Ljava/lang/String;)V) Expecting to find object/array on stack
			at java.lang.Class.getDeclaredMethods0(Native Method)
			at java.lang.Class.privateGetDeclaredMethods(Class.java:2570)
			at java.lang.Class.getMethod0(Class.java:2813)
			at java.lang.Class.getMethod(Class.java:1663)
			at sun.launcher.LauncherHelper.getMainMethod(LauncherHelper.java:494)
			at sun.launcher.LauncherHelper.checkAndLoadMain(LauncherHelper.java:486)
		--- expected.out ---
		3
		--- expected.error ---
		
	fail [ 3/3 ][ C++  Ast  C++   JBC ] Program failed (unexpectedly).
		Command: java -XX:-UseSplitVerifier -cp tmp/multiCharCommand/variable/ div_inp_bound_cppCpp
		--- result.out ---
		
		--- result.error ---
		Exception in thread "main" java.lang.VerifyError: (class: div_inp_bound_cppCpp, method: main signature: ([Ljava/lang/String;)V) Expecting to find object/array on stack
			at java.lang.Class.getDeclaredMethods0(Native Method)
			at java.lang.Class.privateGetDeclaredMethods(Class.java:2570)
			at java.lang.Class.getMethod0(Class.java:2813)
			at java.lang.Class.getMethod(Class.java:1663)
			at sun.launcher.LauncherHelper.getMainMethod(LauncherHelper.java:494)
			at sun.launcher.LauncherHelper.checkAndLoadMain(LauncherHelper.java:486)
		--- expected.out ---
		0
		--- expected.error ---
		
[ 361/364 ] multiCharCommand/variable/mod_inp_bound.rail
	fail [ 1/3 ][ C++       C++   JBC ] Program failed (unexpectedly).
		Command: java -XX:-UseSplitVerifier -cp tmp/multiCharCommand/variable/ mod_inp_bound_cpp
		--- result.out ---
		
		--- result.error ---
		Exception in thread "main" java.lang.VerifyError: (class: mod_inp_bound_cpp, method: main signature: ([Ljava/lang/String;)V) Expecting to find object/array on stack
			at java.lang.Class.getDeclaredMethods0(Native Method)
			at java.lang.Class.privateGetDeclaredMethods(Class.java:2570)
			at java.lang.Class.getMethod0(Class.java:2813)
			at java.lang.Class.getMethod(Class.java:1663)
			at sun.launcher.LauncherHelper.getMainMethod(LauncherHelper.java:494)
			at sun.launcher.LauncherHelper.checkAndLoadMain(LauncherHelper.java:486)
		--- expected.out ---
		1
		--- expected.error ---
		
	fail [ 2/3 ][ C++       C++   JBC ] Program failed (unexpectedly).
		Command: java -XX:-UseSplitVerifier -cp tmp/multiCharCommand/variable/ mod_inp_bound_cpp
		--- result.out ---
		
		--- result.error ---
		Exception in thread "main" java.lang.VerifyError: (class: mod_inp_bound_cpp, method: main signature: ([Ljava/lang/String;)V) Expecting to find object/array on stack
			at java.lang.Class.getDeclaredMethods0(Native Method)
			at java.lang.Class.privateGetDeclaredMethods(Class.java:2570)
			at java.lang.Class.getMethod0(Class.java:2813)
			at java.lang.Class.getMethod(Class.java:1663)
			at sun.launcher.LauncherHelper.getMainMethod(LauncherHelper.java:494)
			at sun.launcher.LauncherHelper.checkAndLoadMain(LauncherHelper.java:486)
		--- expected.out ---
		0
		--- expected.error ---
		
	fail [ 3/3 ][ C++       C++   JBC ] Program failed (unexpectedly).
		Command: java -XX:-UseSplitVerifier -cp tmp/multiCharCommand/variable/ mod_inp_bound_cpp
		--- result.out ---
		
		--- result.error ---
		Exception in thread "main" java.lang.VerifyError: (class: mod_inp_bound_cpp, method: main signature: ([Ljava/lang/String;)V) Expecting to find object/array on stack
			at java.lang.Class.getDeclaredMethods0(Native Method)
			at java.lang.Class.privateGetDeclaredMethods(Class.java:2570)
			at java.lang.Class.getMethod0(Class.java:2813)
			at java.lang.Class.getMethod(Class.java:1663)
			at sun.launcher.LauncherHelper.getMainMethod(LauncherHelper.java:494)
			at sun.launcher.LauncherHelper.checkAndLoadMain(LauncherHelper.java:486)
		--- expected.out ---
		2
		--- expected.error ---
		
	fail [ 1/3 ][ C++  Ast  C++   JBC ] Program failed (unexpectedly).
		Command: java -XX:-UseSplitVerifier -cp tmp/multiCharCommand/variable/ mod_inp_bound_cppCpp
		--- result.out ---
		
		--- result.error ---
		Exception in thread "main" java.lang.VerifyError: (class: mod_inp_bound_cppCpp, method: main signature: ([Ljava/lang/String;)V) Expecting to find object/array on stack
			at java.lang.Class.getDeclaredMethods0(Native Method)
			at java.lang.Class.privateGetDeclaredMethods(Class.java:2570)
			at java.lang.Class.getMethod0(Class.java:2813)
			at java.lang.Class.getMethod(Class.java:1663)
			at sun.launcher.LauncherHelper.getMainMethod(LauncherHelper.java:494)
			at sun.launcher.LauncherHelper.checkAndLoadMain(LauncherHelper.java:486)
		--- expected.out ---
		1
		--- expected.error ---
		
	fail [ 2/3 ][ C++  Ast  C++   JBC ] Program failed (unexpectedly).
		Command: java -XX:-UseSplitVerifier -cp tmp/multiCharCommand/variable/ mod_inp_bound_cppCpp
		--- result.out ---
		
		--- result.error ---
		Exception in thread "main" java.lang.VerifyError: (class: mod_inp_bound_cppCpp, method: main signature: ([Ljava/lang/String;)V) Expecting to find object/array on stack
			at java.lang.Class.getDeclaredMethods0(Native Method)
			at java.lang.Class.privateGetDeclaredMethods(Class.java:2570)
			at java.lang.Class.getMethod0(Class.java:2813)
			at java.lang.Class.getMethod(Class.java:1663)
			at sun.launcher.LauncherHelper.getMainMethod(LauncherHelper.java:494)
			at sun.launcher.LauncherHelper.checkAndLoadMain(LauncherHelper.java:486)
		--- expected.out ---
		0
		--- expected.error ---
		
	fail [ 3/3 ][ C++  Ast  C++   JBC ] Program failed (unexpectedly).
		Command: java -XX:-UseSplitVerifier -cp tmp/multiCharCommand/variable/ mod_inp_bound_cppCpp
		--- result.out ---
		
		--- result.error ---
		Exception in thread "main" java.lang.VerifyError: (class: mod_inp_bound_cppCpp, method: main signature: ([Ljava/lang/String;)V) Expecting to find object/array on stack
			at java.lang.Class.getDeclaredMethods0(Native Method)
			at java.lang.Class.privateGetDeclaredMethods(Class.java:2570)
			at java.lang.Class.getMethod0(Class.java:2813)
			at java.lang.Class.getMethod(Class.java:1663)
			at sun.launcher.LauncherHelper.getMainMethod(LauncherHelper.java:494)
			at sun.launcher.LauncherHelper.checkAndLoadMain(LauncherHelper.java:486)
		--- expected.out ---
		2
		--- expected.error ---
		
[ 362/364 ] multiCharCommand/variable/mult_inp_bound.rail
	fail [ 1/3 ][ C++       C++   JBC ] Program failed (unexpectedly).
		Command: java -XX:-UseSplitVerifier -cp tmp/multiCharCommand/variable/ mult_inp_bound_cpp
		--- result.out ---
		
		--- result.error ---
		Exception in thread "main" java.lang.VerifyError: (class: mult_inp_bound_cpp, method: main signature: ([Ljava/lang/String;)V) Expecting to find object/array on stack
			at java.lang.Class.getDeclaredMethods0(Native Method)
			at java.lang.Class.privateGetDeclaredMethods(Class.java:2570)
			at java.lang.Class.getMethod0(Class.java:2813)
			at java.lang.Class.getMethod(Class.java:1663)
			at sun.launcher.LauncherHelper.getMainMethod(LauncherHelper.java:494)
			at sun.launcher.LauncherHelper.checkAndLoadMain(LauncherHelper.java:486)
		--- expected.out ---
		10
		--- expected.error ---
		
	fail [ 2/3 ][ C++       C++   JBC ] Program failed (unexpectedly).
		Command: java -XX:-UseSplitVerifier -cp tmp/multiCharCommand/variable/ mult_inp_bound_cpp
		--- result.out ---
		
		--- result.error ---
		Exception in thread "main" java.lang.VerifyError: (class: mult_inp_bound_cpp, method: main signature: ([Ljava/lang/String;)V) Expecting to find object/array on stack
			at java.lang.Class.getDeclaredMethods0(Native Method)
			at java.lang.Class.privateGetDeclaredMethods(Class.java:2570)
			at java.lang.Class.getMethod0(Class.java:2813)
			at java.lang.Class.getMethod(Class.java:1663)
			at sun.launcher.LauncherHelper.getMainMethod(LauncherHelper.java:494)
			at sun.launcher.LauncherHelper.checkAndLoadMain(LauncherHelper.java:486)
		--- expected.out ---
		24
		--- expected.error ---
		
	fail [ 3/3 ][ C++       C++   JBC ] Program failed (unexpectedly).
		Command: java -XX:-UseSplitVerifier -cp tmp/multiCharCommand/variable/ mult_inp_bound_cpp
		--- result.out ---
		
		--- result.error ---
		Exception in thread "main" java.lang.VerifyError: (class: mult_inp_bound_cpp, method: main signature: ([Ljava/lang/String;)V) Expecting to find object/array on stack
			at java.lang.Class.getDeclaredMethods0(Native Method)
			at java.lang.Class.privateGetDeclaredMethods(Class.java:2570)
			at java.lang.Class.getMethod0(Class.java:2813)
			at java.lang.Class.getMethod(Class.java:1663)
			at sun.launcher.LauncherHelper.getMainMethod(LauncherHelper.java:494)
			at sun.launcher.LauncherHelper.checkAndLoadMain(LauncherHelper.java:486)
		--- expected.out ---
		0
		--- expected.error ---
		
	fail [ 1/3 ][ C++  Ast  C++   JBC ] Program failed (unexpectedly).
		Command: java -XX:-UseSplitVerifier -cp tmp/multiCharCommand/variable/ mult_inp_bound_cppCpp
		--- result.out ---
		
		--- result.error ---
		Exception in thread "main" java.lang.VerifyError: (class: mult_inp_bound_cppCpp, method: main signature: ([Ljava/lang/String;)V) Expecting to find object/array on stack
			at java.lang.Class.getDeclaredMethods0(Native Method)
			at java.lang.Class.privateGetDeclaredMethods(Class.java:2570)
			at java.lang.Class.getMethod0(Class.java:2813)
			at java.lang.Class.getMethod(Class.java:1663)
			at sun.launcher.LauncherHelper.getMainMethod(LauncherHelper.java:494)
			at sun.launcher.LauncherHelper.checkAndLoadMain(LauncherHelper.java:486)
		--- expected.out ---
		10
		--- expected.error ---
		
	fail [ 2/3 ][ C++  Ast  C++   JBC ] Program failed (unexpectedly).
		Command: java -XX:-UseSplitVerifier -cp tmp/multiCharCommand/variable/ mult_inp_bound_cppCpp
		--- result.out ---
		
		--- result.error ---
		Exception in thread "main" java.lang.VerifyError: (class: mult_inp_bound_cppCpp, method: main signature: ([Ljava/lang/String;)V) Expecting to find object/array on stack
			at java.lang.Class.getDeclaredMethods0(Native Method)
			at java.lang.Class.privateGetDeclaredMethods(Class.java:2570)
			at java.lang.Class.getMethod0(Class.java:2813)
			at java.lang.Class.getMethod(Class.java:1663)
			at sun.launcher.LauncherHelper.getMainMethod(LauncherHelper.java:494)
			at sun.launcher.LauncherHelper.checkAndLoadMain(LauncherHelper.java:486)
		--- expected.out ---
		24
		--- expected.error ---
		
	fail [ 3/3 ][ C++  Ast  C++   JBC ] Program failed (unexpectedly).
		Command: java -XX:-UseSplitVerifier -cp tmp/multiCharCommand/variable/ mult_inp_bound_cppCpp
		--- result.out ---
		
		--- result.error ---
		Exception in thread "main" java.lang.VerifyError: (class: mult_inp_bound_cppCpp, method: main signature: ([Ljava/lang/String;)V) Expecting to find object/array on stack
			at java.lang.Class.getDeclaredMethods0(Native Method)
			at java.lang.Class.privateGetDeclaredMethods(Class.java:2570)
			at java.lang.Class.getMethod0(Class.java:2813)
			at java.lang.Class.getMethod(Class.java:1663)
			at sun.launcher.LauncherHelper.getMainMethod(LauncherHelper.java:494)
			at sun.launcher.LauncherHelper.checkAndLoadMain(LauncherHelper.java:486)
		--- expected.out ---
		0
		--- expected.error ---
		
[ 363/364 ] multiCharCommand/variable/sub_inp_bound.rail
	fail [ 1/3 ][ C++       C++   JBC ] Program failed (unexpectedly).
		Command: java -XX:-UseSplitVerifier -cp tmp/multiCharCommand/variable/ sub_inp_bound_cpp
		--- result.out ---
		
		--- result.error ---
		Exception in thread "main" java.lang.VerifyError: (class: sub_inp_bound_cpp, method: main signature: ([Ljava/lang/String;)V) Expecting to find object/array on stack
			at java.lang.Class.getDeclaredMethods0(Native Method)
			at java.lang.Class.privateGetDeclaredMethods(Class.java:2570)
			at java.lang.Class.getMethod0(Class.java:2813)
			at java.lang.Class.getMethod(Class.java:1663)
			at sun.launcher.LauncherHelper.getMainMethod(LauncherHelper.java:494)
			at sun.launcher.LauncherHelper.checkAndLoadMain(LauncherHelper.java:486)
		--- expected.out ---
		3
		--- expected.error ---
		
	fail [ 2/3 ][ C++       C++   JBC ] Program failed (unexpectedly).
		Command: java -XX:-UseSplitVerifier -cp tmp/multiCharCommand/variable/ sub_inp_bound_cpp
		--- result.out ---
		
		--- result.error ---
		Exception in thread "main" java.lang.VerifyError: (class: sub_inp_bound_cpp, method: main signature: ([Ljava/lang/String;)V) Expecting to find object/array on stack
			at java.lang.Class.getDeclaredMethods0(Native Method)
			at java.lang.Class.privateGetDeclaredMethods(Class.java:2570)
			at java.lang.Class.getMethod0(Class.java:2813)
			at java.lang.Class.getMethod(Class.java:1663)
			at sun.launcher.LauncherHelper.getMainMethod(LauncherHelper.java:494)
			at sun.launcher.LauncherHelper.checkAndLoadMain(LauncherHelper.java:486)
		--- expected.out ---
		15
		--- expected.error ---
		
	fail [ 3/3 ][ C++       C++   JBC ] Program failed (unexpectedly).
		Command: java -XX:-UseSplitVerifier -cp tmp/multiCharCommand/variable/ sub_inp_bound_cpp
		--- result.out ---
		
		--- result.error ---
		Exception in thread "main" java.lang.VerifyError: (class: sub_inp_bound_cpp, method: main signature: ([Ljava/lang/String;)V) Expecting to find object/array on stack
			at java.lang.Class.getDeclaredMethods0(Native Method)
			at java.lang.Class.privateGetDeclaredMethods(Class.java:2570)
			at java.lang.Class.getMethod0(Class.java:2813)
			at java.lang.Class.getMethod(Class.java:1663)
			at sun.launcher.LauncherHelper.getMainMethod(LauncherHelper.java:494)
			at sun.launcher.LauncherHelper.checkAndLoadMain(LauncherHelper.java:486)
		--- expected.out ---
		-3
		--- expected.error ---
		
	fail [ 1/3 ][ C++  Ast  C++   JBC ] Program failed (unexpectedly).
		Command: java -XX:-UseSplitVerifier -cp tmp/multiCharCommand/variable/ sub_inp_bound_cppCpp
		--- result.out ---
		
		--- result.error ---
		Exception in thread "main" java.lang.VerifyError: (class: sub_inp_bound_cppCpp, method: main signature: ([Ljava/lang/String;)V) Expecting to find object/array on stack
			at java.lang.Class.getDeclaredMethods0(Native Method)
			at java.lang.Class.privateGetDeclaredMethods(Class.java:2570)
			at java.lang.Class.getMethod0(Class.java:2813)
			at java.lang.Class.getMethod(Class.java:1663)
			at sun.launcher.LauncherHelper.getMainMethod(LauncherHelper.java:494)
			at sun.launcher.LauncherHelper.checkAndLoadMain(LauncherHelper.java:486)
		--- expected.out ---
		3
		--- expected.error ---
		
	fail [ 2/3 ][ C++  Ast  C++   JBC ] Program failed (unexpectedly).
		Command: java -XX:-UseSplitVerifier -cp tmp/multiCharCommand/variable/ sub_inp_bound_cppCpp
		--- result.out ---
		
		--- result.error ---
		Exception in thread "main" java.lang.VerifyError: (class: sub_inp_bound_cppCpp, method: main signature: ([Ljava/lang/String;)V) Expecting to find object/array on stack
			at java.lang.Class.getDeclaredMethods0(Native Method)
			at java.lang.Class.privateGetDeclaredMethods(Class.java:2570)
			at java.lang.Class.getMethod0(Class.java:2813)
			at java.lang.Class.getMethod(Class.java:1663)
			at sun.launcher.LauncherHelper.getMainMethod(LauncherHelper.java:494)
			at sun.launcher.LauncherHelper.checkAndLoadMain(LauncherHelper.java:486)
		--- expected.out ---
		15
		--- expected.error ---
		
	fail [ 3/3 ][ C++  Ast  C++   JBC ] Program failed (unexpectedly).
		Command: java -XX:-UseSplitVerifier -cp tmp/multiCharCommand/variable/ sub_inp_bound_cppCpp
		--- result.out ---
		
		--- result.error ---
		Exception in thread "main" java.lang.VerifyError: (class: sub_inp_bound_cppCpp, method: main signature: ([Ljava/lang/String;)V) Expecting to find object/array on stack
			at java.lang.Class.getDeclaredMethods0(Native Method)
			at java.lang.Class.privateGetDeclaredMethods(Class.java:2570)
			at java.lang.Class.getMethod0(Class.java:2813)
			at java.lang.Class.getMethod(Class.java:1663)
			at sun.launcher.LauncherHelper.getMainMethod(LauncherHelper.java:494)
			at sun.launcher.LauncherHelper.checkAndLoadMain(LauncherHelper.java:486)
		--- expected.out ---
		-3
		--- expected.error ---
		
[ 364/364 ] multiCharCommand/variable/var_triple.rail
	fail [ 1/1 ][ C++       C++   JBC ] Program failed (unexpectedly).
		Command: java -XX:-UseSplitVerifier -cp tmp/multiCharCommand/variable/ var_triple_cpp
		--- result.out ---
		
		--- result.error ---
		Exception in thread "main" java.lang.VerifyError: (class: var_triple_cpp, method: main signature: ([Ljava/lang/String;)V) Illegal local variable number
			at java.lang.Class.getDeclaredMethods0(Native Method)
			at java.lang.Class.privateGetDeclaredMethods(Class.java:2570)
			at java.lang.Class.getMethod0(Class.java:2813)
			at java.lang.Class.getMethod(Class.java:1663)
			at sun.launcher.LauncherHelper.getMainMethod(LauncherHelper.java:494)
			at sun.launcher.LauncherHelper.checkAndLoadMain(LauncherHelper.java:486)
		--- expected.out ---
		Hello
		--- expected.error ---
		
	fail [ 1/1 ][ C++  Ast  C++   JBC ] Program failed (unexpectedly).
		Command: java -XX:-UseSplitVerifier -cp tmp/multiCharCommand/variable/ var_triple_cppCpp
		--- result.out ---
		
		--- result.error ---
		Exception in thread "main" java.lang.VerifyError: (class: var_triple_cppCpp, method: main signature: ([Ljava/lang/String;)V) Illegal local variable number
			at java.lang.Class.getDeclaredMethods0(Native Method)
			at java.lang.Class.privateGetDeclaredMethods(Class.java:2570)
			at java.lang.Class.getMethod0(Class.java:2813)
			at java.lang.Class.getMethod(Class.java:1663)
			at sun.launcher.LauncherHelper.getMainMethod(LauncherHelper.java:494)
			at sun.launcher.LauncherHelper.checkAndLoadMain(LauncherHelper.java:486)
		--- expected.out ---
		Hello
		--- expected.error ---
		

-----------------------------------------------------------------------------------
done... (took 67.028 s)
